The system is: Linux - 5.4.0-177-generic - x86_64
Compiling the C compiler identification source file "CMakeCCompilerId.c" succeeded.
Compiler: /usr/bin/cc 
Build flags: 
Id flags:  

The output was:
0


Compilation of the C compiler identification source "CMakeCCompilerId.c" produced "a.out"

The C compiler identification is GNU, found in "/home/coral/tensorflow/tensorflow/CMakeFiles/3.16.3/CompilerIdC/a.out"

Compiling the CXX compiler identification source file "CMakeCXXCompilerId.cpp" succeeded.
Compiler: /usr/bin/c++ 
Build flags: 
Id flags:  

The output was:
0


Compilation of the CXX compiler identification source "CMakeCXXCompilerId.cpp" produced "a.out"

The CXX compiler identification is GNU, found in "/home/coral/tensorflow/tensorflow/CMakeFiles/3.16.3/CompilerIdCXX/a.out"

Determining if the C compiler works passed with the following output:
Change Dir: /home/coral/tensorflow/tensorflow/CMakeFiles/CMakeTmp

Run Build Command(s):/usr/bin/make cmTC_5f0ee/fast && /usr/bin/make -f CMakeFiles/cmTC_5f0ee.dir/build.make CMakeFiles/cmTC_5f0ee.dir/build
make[1]: Entering directory '/home/coral/tensorflow/tensorflow/CMakeFiles/CMakeTmp'
Building C object CMakeFiles/cmTC_5f0ee.dir/testCCompiler.c.o
/usr/bin/cc    -o CMakeFiles/cmTC_5f0ee.dir/testCCompiler.c.o   -c /home/coral/tensorflow/tensorflow/CMakeFiles/CMakeTmp/testCCompiler.c
Linking C executable cmTC_5f0ee
/usr/bin/cmake -E cmake_link_script CMakeFiles/cmTC_5f0ee.dir/link.txt --verbose=1
/usr/bin/cc      CMakeFiles/cmTC_5f0ee.dir/testCCompiler.c.o  -o cmTC_5f0ee 
make[1]: Leaving directory '/home/coral/tensorflow/tensorflow/CMakeFiles/CMakeTmp'



Detecting C compiler ABI info compiled with the following output:
Change Dir: /home/coral/tensorflow/tensorflow/CMakeFiles/CMakeTmp

Run Build Command(s):/usr/bin/make cmTC_5bbe5/fast && /usr/bin/make -f CMakeFiles/cmTC_5bbe5.dir/build.make CMakeFiles/cmTC_5bbe5.dir/build
make[1]: Entering directory '/home/coral/tensorflow/tensorflow/CMakeFiles/CMakeTmp'
Building C object CMakeFiles/cmTC_5bbe5.dir/CMakeCCompilerABI.c.o
/usr/bin/cc   -v -o CMakeFiles/cmTC_5bbe5.dir/CMakeCCompilerABI.c.o   -c /usr/share/cmake-3.16/Modules/CMakeCCompilerABI.c
Using built-in specs.
COLLECT_GCC=/usr/bin/cc
OFFLOAD_TARGET_NAMES=nvptx-none:hsa
OFFLOAD_TARGET_DEFAULT=1
Target: x86_64-linux-gnu
Configured with: ../src/configure -v --with-pkgversion='Ubuntu 9.4.0-1ubuntu1~20.04.2' --with-bugurl=file:///usr/share/doc/gcc-9/README.Bugs --enable-languages=c,ada,c++,go,brig,d,fortran,objc,obj-c++,gm2 --prefix=/usr --with-gcc-major-version-only --program-suffix=-9 --program-prefix=x86_64-linux-gnu- --enable-shared --enable-linker-build-id --libexecdir=/usr/lib --without-included-gettext --enable-threads=posix --libdir=/usr/lib --enable-nls --enable-clocale=gnu --enable-libstdcxx-debug --enable-libstdcxx-time=yes --with-default-libstdcxx-abi=new --enable-gnu-unique-object --disable-vtable-verify --enable-plugin --enable-default-pie --with-system-zlib --with-target-system-zlib=auto --enable-objc-gc=auto --enable-multiarch --disable-werror --with-arch-32=i686 --with-abi=m64 --with-multilib-list=m32,m64,mx32 --enable-multilib --with-tune=generic --enable-offload-targets=nvptx-none=/build/gcc-9-9QDOt0/gcc-9-9.4.0/debian/tmp-nvptx/usr,hsa --without-cuda-driver --enable-checking=release --build=x86_64-linux-gnu --host=x86_64-linux-gnu --target=x86_64-linux-gnu
Thread model: posix
gcc version 9.4.0 (Ubuntu 9.4.0-1ubuntu1~20.04.2) 
COLLECT_GCC_OPTIONS='-v' '-o' 'CMakeFiles/cmTC_5bbe5.dir/CMakeCCompilerABI.c.o' '-c' '-mtune=generic' '-march=x86-64'
 /usr/lib/gcc/x86_64-linux-gnu/9/cc1 -quiet -v -imultiarch x86_64-linux-gnu /usr/share/cmake-3.16/Modules/CMakeCCompilerABI.c -quiet -dumpbase CMakeCCompilerABI.c -mtune=generic -march=x86-64 -auxbase-strip CMakeFiles/cmTC_5bbe5.dir/CMakeCCompilerABI.c.o -version -fasynchronous-unwind-tables -fstack-protector-strong -Wformat -Wformat-security -fstack-clash-protection -fcf-protection -o /tmp/ccyo4g7C.s
GNU C17 (Ubuntu 9.4.0-1ubuntu1~20.04.2) version 9.4.0 (x86_64-linux-gnu)
	compiled by GNU C version 9.4.0, GMP version 6.2.0, MPFR version 4.0.2, MPC version 1.1.0, isl version isl-0.22.1-GMP

GGC heuristics: --param ggc-min-expand=100 --param ggc-min-heapsize=131072
ignoring nonexistent directory "/usr/local/include/x86_64-linux-gnu"
ignoring nonexistent directory "/usr/lib/gcc/x86_64-linux-gnu/9/include-fixed"
ignoring nonexistent directory "/usr/lib/gcc/x86_64-linux-gnu/9/../../../../x86_64-linux-gnu/include"
#include "..." search starts here:
#include <...> search starts here:
 /usr/lib/gcc/x86_64-linux-gnu/9/include
 /usr/local/include
 /usr/include/x86_64-linux-gnu
 /usr/include
End of search list.
GNU C17 (Ubuntu 9.4.0-1ubuntu1~20.04.2) version 9.4.0 (x86_64-linux-gnu)
	compiled by GNU C version 9.4.0, GMP version 6.2.0, MPFR version 4.0.2, MPC version 1.1.0, isl version isl-0.22.1-GMP

GGC heuristics: --param ggc-min-expand=100 --param ggc-min-heapsize=131072
Compiler executable checksum: 01da938ff5dc2163489aa33cb3b747a7
COLLECT_GCC_OPTIONS='-v' '-o' 'CMakeFiles/cmTC_5bbe5.dir/CMakeCCompilerABI.c.o' '-c' '-mtune=generic' '-march=x86-64'
 as -v --64 -o CMakeFiles/cmTC_5bbe5.dir/CMakeCCompilerABI.c.o /tmp/ccyo4g7C.s
GNU assembler version 2.34 (x86_64-linux-gnu) using BFD version (GNU Binutils for Ubuntu) 2.34
COMPILER_PATH=/usr/lib/gcc/x86_64-linux-gnu/9/:/usr/lib/gcc/x86_64-linux-gnu/9/:/usr/lib/gcc/x86_64-linux-gnu/:/usr/lib/gcc/x86_64-linux-gnu/9/:/usr/lib/gcc/x86_64-linux-gnu/
LIBRARY_PATH=/usr/lib/gcc/x86_64-linux-gnu/9/:/usr/lib/gcc/x86_64-linux-gnu/9/../../../x86_64-linux-gnu/:/usr/lib/gcc/x86_64-linux-gnu/9/../../../../lib/:/lib/x86_64-linux-gnu/:/lib/../lib/:/usr/lib/x86_64-linux-gnu/:/usr/lib/../lib/:/usr/lib/gcc/x86_64-linux-gnu/9/../../../:/lib/:/usr/lib/
COLLECT_GCC_OPTIONS='-v' '-o' 'CMakeFiles/cmTC_5bbe5.dir/CMakeCCompilerABI.c.o' '-c' '-mtune=generic' '-march=x86-64'
Linking C executable cmTC_5bbe5
/usr/bin/cmake -E cmake_link_script CMakeFiles/cmTC_5bbe5.dir/link.txt --verbose=1
/usr/bin/cc     -v CMakeFiles/cmTC_5bbe5.dir/CMakeCCompilerABI.c.o  -o cmTC_5bbe5 
Using built-in specs.
COLLECT_GCC=/usr/bin/cc
COLLECT_LTO_WRAPPER=/usr/lib/gcc/x86_64-linux-gnu/9/lto-wrapper
OFFLOAD_TARGET_NAMES=nvptx-none:hsa
OFFLOAD_TARGET_DEFAULT=1
Target: x86_64-linux-gnu
Configured with: ../src/configure -v --with-pkgversion='Ubuntu 9.4.0-1ubuntu1~20.04.2' --with-bugurl=file:///usr/share/doc/gcc-9/README.Bugs --enable-languages=c,ada,c++,go,brig,d,fortran,objc,obj-c++,gm2 --prefix=/usr --with-gcc-major-version-only --program-suffix=-9 --program-prefix=x86_64-linux-gnu- --enable-shared --enable-linker-build-id --libexecdir=/usr/lib --without-included-gettext --enable-threads=posix --libdir=/usr/lib --enable-nls --enable-clocale=gnu --enable-libstdcxx-debug --enable-libstdcxx-time=yes --with-default-libstdcxx-abi=new --enable-gnu-unique-object --disable-vtable-verify --enable-plugin --enable-default-pie --with-system-zlib --with-target-system-zlib=auto --enable-objc-gc=auto --enable-multiarch --disable-werror --with-arch-32=i686 --with-abi=m64 --with-multilib-list=m32,m64,mx32 --enable-multilib --with-tune=generic --enable-offload-targets=nvptx-none=/build/gcc-9-9QDOt0/gcc-9-9.4.0/debian/tmp-nvptx/usr,hsa --without-cuda-driver --enable-checking=release --build=x86_64-linux-gnu --host=x86_64-linux-gnu --target=x86_64-linux-gnu
Thread model: posix
gcc version 9.4.0 (Ubuntu 9.4.0-1ubuntu1~20.04.2) 
COMPILER_PATH=/usr/lib/gcc/x86_64-linux-gnu/9/:/usr/lib/gcc/x86_64-linux-gnu/9/:/usr/lib/gcc/x86_64-linux-gnu/:/usr/lib/gcc/x86_64-linux-gnu/9/:/usr/lib/gcc/x86_64-linux-gnu/
LIBRARY_PATH=/usr/lib/gcc/x86_64-linux-gnu/9/:/usr/lib/gcc/x86_64-linux-gnu/9/../../../x86_64-linux-gnu/:/usr/lib/gcc/x86_64-linux-gnu/9/../../../../lib/:/lib/x86_64-linux-gnu/:/lib/../lib/:/usr/lib/x86_64-linux-gnu/:/usr/lib/../lib/:/usr/lib/gcc/x86_64-linux-gnu/9/../../../:/lib/:/usr/lib/
COLLECT_GCC_OPTIONS='-v' '-o' 'cmTC_5bbe5' '-mtune=generic' '-march=x86-64'
 /usr/lib/gcc/x86_64-linux-gnu/9/collect2 -plugin /usr/lib/gcc/x86_64-linux-gnu/9/liblto_plugin.so -plugin-opt=/usr/lib/gcc/x86_64-linux-gnu/9/lto-wrapper -plugin-opt=-fresolution=/tmp/ccmRFJM8.res -plugin-opt=-pass-through=-lgcc -plugin-opt=-pass-through=-lgcc_s -plugin-opt=-pass-through=-lc -plugin-opt=-pass-through=-lgcc -plugin-opt=-pass-through=-lgcc_s --build-id --eh-frame-hdr -m elf_x86_64 --hash-style=gnu --as-needed -dynamic-linker /lib64/ld-linux-x86-64.so.2 -pie -z now -z relro -o cmTC_5bbe5 /usr/lib/gcc/x86_64-linux-gnu/9/../../../x86_64-linux-gnu/Scrt1.o /usr/lib/gcc/x86_64-linux-gnu/9/../../../x86_64-linux-gnu/crti.o /usr/lib/gcc/x86_64-linux-gnu/9/crtbeginS.o -L/usr/lib/gcc/x86_64-linux-gnu/9 -L/usr/lib/gcc/x86_64-linux-gnu/9/../../../x86_64-linux-gnu -L/usr/lib/gcc/x86_64-linux-gnu/9/../../../../lib -L/lib/x86_64-linux-gnu -L/lib/../lib -L/usr/lib/x86_64-linux-gnu -L/usr/lib/../lib -L/usr/lib/gcc/x86_64-linux-gnu/9/../../.. CMakeFiles/cmTC_5bbe5.dir/CMakeCCompilerABI.c.o -lgcc --push-state --as-needed -lgcc_s --pop-state -lc -lgcc --push-state --as-needed -lgcc_s --pop-state /usr/lib/gcc/x86_64-linux-gnu/9/crtendS.o /usr/lib/gcc/x86_64-linux-gnu/9/../../../x86_64-linux-gnu/crtn.o
COLLECT_GCC_OPTIONS='-v' '-o' 'cmTC_5bbe5' '-mtune=generic' '-march=x86-64'
make[1]: Leaving directory '/home/coral/tensorflow/tensorflow/CMakeFiles/CMakeTmp'



Parsed C implicit include dir info from above output: rv=done
  found start of include info
  found start of implicit include info
    add: [/usr/lib/gcc/x86_64-linux-gnu/9/include]
    add: [/usr/local/include]
    add: [/usr/include/x86_64-linux-gnu]
    add: [/usr/include]
  end of search list found
  collapse include dir [/usr/lib/gcc/x86_64-linux-gnu/9/include] ==> [/usr/lib/gcc/x86_64-linux-gnu/9/include]
  collapse include dir [/usr/local/include] ==> [/usr/local/include]
  collapse include dir [/usr/include/x86_64-linux-gnu] ==> [/usr/include/x86_64-linux-gnu]
  collapse include dir [/usr/include] ==> [/usr/include]
  implicit include dirs: [/usr/lib/gcc/x86_64-linux-gnu/9/include;/usr/local/include;/usr/include/x86_64-linux-gnu;/usr/include]


Parsed C implicit link information from above output:
  link line regex: [^( *|.*[/\])(ld|CMAKE_LINK_STARTFILE-NOTFOUND|([^/\]+-)?ld|collect2)[^/\]*( |$)]
  ignore line: [Change Dir: /home/coral/tensorflow/tensorflow/CMakeFiles/CMakeTmp]
  ignore line: []
  ignore line: [Run Build Command(s):/usr/bin/make cmTC_5bbe5/fast && /usr/bin/make -f CMakeFiles/cmTC_5bbe5.dir/build.make CMakeFiles/cmTC_5bbe5.dir/build]
  ignore line: [make[1]: Entering directory '/home/coral/tensorflow/tensorflow/CMakeFiles/CMakeTmp']
  ignore line: [Building C object CMakeFiles/cmTC_5bbe5.dir/CMakeCCompilerABI.c.o]
  ignore line: [/usr/bin/cc   -v -o CMakeFiles/cmTC_5bbe5.dir/CMakeCCompilerABI.c.o   -c /usr/share/cmake-3.16/Modules/CMakeCCompilerABI.c]
  ignore line: [Using built-in specs.]
  ignore line: [COLLECT_GCC=/usr/bin/cc]
  ignore line: [OFFLOAD_TARGET_NAMES=nvptx-none:hsa]
  ignore line: [OFFLOAD_TARGET_DEFAULT=1]
  ignore line: [Target: x86_64-linux-gnu]
  ignore line: [Configured with: ../src/configure -v --with-pkgversion='Ubuntu 9.4.0-1ubuntu1~20.04.2' --with-bugurl=file:///usr/share/doc/gcc-9/README.Bugs --enable-languages=c ada c++ go brig d fortran objc obj-c++ gm2 --prefix=/usr --with-gcc-major-version-only --program-suffix=-9 --program-prefix=x86_64-linux-gnu- --enable-shared --enable-linker-build-id --libexecdir=/usr/lib --without-included-gettext --enable-threads=posix --libdir=/usr/lib --enable-nls --enable-clocale=gnu --enable-libstdcxx-debug --enable-libstdcxx-time=yes --with-default-libstdcxx-abi=new --enable-gnu-unique-object --disable-vtable-verify --enable-plugin --enable-default-pie --with-system-zlib --with-target-system-zlib=auto --enable-objc-gc=auto --enable-multiarch --disable-werror --with-arch-32=i686 --with-abi=m64 --with-multilib-list=m32 m64 mx32 --enable-multilib --with-tune=generic --enable-offload-targets=nvptx-none=/build/gcc-9-9QDOt0/gcc-9-9.4.0/debian/tmp-nvptx/usr hsa --without-cuda-driver --enable-checking=release --build=x86_64-linux-gnu --host=x86_64-linux-gnu --target=x86_64-linux-gnu]
  ignore line: [Thread model: posix]
  ignore line: [gcc version 9.4.0 (Ubuntu 9.4.0-1ubuntu1~20.04.2) ]
  ignore line: [COLLECT_GCC_OPTIONS='-v' '-o' 'CMakeFiles/cmTC_5bbe5.dir/CMakeCCompilerABI.c.o' '-c' '-mtune=generic' '-march=x86-64']
  ignore line: [ /usr/lib/gcc/x86_64-linux-gnu/9/cc1 -quiet -v -imultiarch x86_64-linux-gnu /usr/share/cmake-3.16/Modules/CMakeCCompilerABI.c -quiet -dumpbase CMakeCCompilerABI.c -mtune=generic -march=x86-64 -auxbase-strip CMakeFiles/cmTC_5bbe5.dir/CMakeCCompilerABI.c.o -version -fasynchronous-unwind-tables -fstack-protector-strong -Wformat -Wformat-security -fstack-clash-protection -fcf-protection -o /tmp/ccyo4g7C.s]
  ignore line: [GNU C17 (Ubuntu 9.4.0-1ubuntu1~20.04.2) version 9.4.0 (x86_64-linux-gnu)]
  ignore line: [	compiled by GNU C version 9.4.0  GMP version 6.2.0  MPFR version 4.0.2  MPC version 1.1.0  isl version isl-0.22.1-GMP]
  ignore line: []
  ignore line: [GGC heuristics: --param ggc-min-expand=100 --param ggc-min-heapsize=131072]
  ignore line: [ignoring nonexistent directory "/usr/local/include/x86_64-linux-gnu"]
  ignore line: [ignoring nonexistent directory "/usr/lib/gcc/x86_64-linux-gnu/9/include-fixed"]
  ignore line: [ignoring nonexistent directory "/usr/lib/gcc/x86_64-linux-gnu/9/../../../../x86_64-linux-gnu/include"]
  ignore line: [#include "..." search starts here:]
  ignore line: [#include <...> search starts here:]
  ignore line: [ /usr/lib/gcc/x86_64-linux-gnu/9/include]
  ignore line: [ /usr/local/include]
  ignore line: [ /usr/include/x86_64-linux-gnu]
  ignore line: [ /usr/include]
  ignore line: [End of search list.]
  ignore line: [GNU C17 (Ubuntu 9.4.0-1ubuntu1~20.04.2) version 9.4.0 (x86_64-linux-gnu)]
  ignore line: [	compiled by GNU C version 9.4.0  GMP version 6.2.0  MPFR version 4.0.2  MPC version 1.1.0  isl version isl-0.22.1-GMP]
  ignore line: []
  ignore line: [GGC heuristics: --param ggc-min-expand=100 --param ggc-min-heapsize=131072]
  ignore line: [Compiler executable checksum: 01da938ff5dc2163489aa33cb3b747a7]
  ignore line: [COLLECT_GCC_OPTIONS='-v' '-o' 'CMakeFiles/cmTC_5bbe5.dir/CMakeCCompilerABI.c.o' '-c' '-mtune=generic' '-march=x86-64']
  ignore line: [ as -v --64 -o CMakeFiles/cmTC_5bbe5.dir/CMakeCCompilerABI.c.o /tmp/ccyo4g7C.s]
  ignore line: [GNU assembler version 2.34 (x86_64-linux-gnu) using BFD version (GNU Binutils for Ubuntu) 2.34]
  ignore line: [COMPILER_PATH=/usr/lib/gcc/x86_64-linux-gnu/9/:/usr/lib/gcc/x86_64-linux-gnu/9/:/usr/lib/gcc/x86_64-linux-gnu/:/usr/lib/gcc/x86_64-linux-gnu/9/:/usr/lib/gcc/x86_64-linux-gnu/]
  ignore line: [LIBRARY_PATH=/usr/lib/gcc/x86_64-linux-gnu/9/:/usr/lib/gcc/x86_64-linux-gnu/9/../../../x86_64-linux-gnu/:/usr/lib/gcc/x86_64-linux-gnu/9/../../../../lib/:/lib/x86_64-linux-gnu/:/lib/../lib/:/usr/lib/x86_64-linux-gnu/:/usr/lib/../lib/:/usr/lib/gcc/x86_64-linux-gnu/9/../../../:/lib/:/usr/lib/]
  ignore line: [COLLECT_GCC_OPTIONS='-v' '-o' 'CMakeFiles/cmTC_5bbe5.dir/CMakeCCompilerABI.c.o' '-c' '-mtune=generic' '-march=x86-64']
  ignore line: [Linking C executable cmTC_5bbe5]
  ignore line: [/usr/bin/cmake -E cmake_link_script CMakeFiles/cmTC_5bbe5.dir/link.txt --verbose=1]
  ignore line: [/usr/bin/cc     -v CMakeFiles/cmTC_5bbe5.dir/CMakeCCompilerABI.c.o  -o cmTC_5bbe5 ]
  ignore line: [Using built-in specs.]
  ignore line: [COLLECT_GCC=/usr/bin/cc]
  ignore line: [COLLECT_LTO_WRAPPER=/usr/lib/gcc/x86_64-linux-gnu/9/lto-wrapper]
  ignore line: [OFFLOAD_TARGET_NAMES=nvptx-none:hsa]
  ignore line: [OFFLOAD_TARGET_DEFAULT=1]
  ignore line: [Target: x86_64-linux-gnu]
  ignore line: [Configured with: ../src/configure -v --with-pkgversion='Ubuntu 9.4.0-1ubuntu1~20.04.2' --with-bugurl=file:///usr/share/doc/gcc-9/README.Bugs --enable-languages=c ada c++ go brig d fortran objc obj-c++ gm2 --prefix=/usr --with-gcc-major-version-only --program-suffix=-9 --program-prefix=x86_64-linux-gnu- --enable-shared --enable-linker-build-id --libexecdir=/usr/lib --without-included-gettext --enable-threads=posix --libdir=/usr/lib --enable-nls --enable-clocale=gnu --enable-libstdcxx-debug --enable-libstdcxx-time=yes --with-default-libstdcxx-abi=new --enable-gnu-unique-object --disable-vtable-verify --enable-plugin --enable-default-pie --with-system-zlib --with-target-system-zlib=auto --enable-objc-gc=auto --enable-multiarch --disable-werror --with-arch-32=i686 --with-abi=m64 --with-multilib-list=m32 m64 mx32 --enable-multilib --with-tune=generic --enable-offload-targets=nvptx-none=/build/gcc-9-9QDOt0/gcc-9-9.4.0/debian/tmp-nvptx/usr hsa --without-cuda-driver --enable-checking=release --build=x86_64-linux-gnu --host=x86_64-linux-gnu --target=x86_64-linux-gnu]
  ignore line: [Thread model: posix]
  ignore line: [gcc version 9.4.0 (Ubuntu 9.4.0-1ubuntu1~20.04.2) ]
  ignore line: [COMPILER_PATH=/usr/lib/gcc/x86_64-linux-gnu/9/:/usr/lib/gcc/x86_64-linux-gnu/9/:/usr/lib/gcc/x86_64-linux-gnu/:/usr/lib/gcc/x86_64-linux-gnu/9/:/usr/lib/gcc/x86_64-linux-gnu/]
  ignore line: [LIBRARY_PATH=/usr/lib/gcc/x86_64-linux-gnu/9/:/usr/lib/gcc/x86_64-linux-gnu/9/../../../x86_64-linux-gnu/:/usr/lib/gcc/x86_64-linux-gnu/9/../../../../lib/:/lib/x86_64-linux-gnu/:/lib/../lib/:/usr/lib/x86_64-linux-gnu/:/usr/lib/../lib/:/usr/lib/gcc/x86_64-linux-gnu/9/../../../:/lib/:/usr/lib/]
  ignore line: [COLLECT_GCC_OPTIONS='-v' '-o' 'cmTC_5bbe5' '-mtune=generic' '-march=x86-64']
  link line: [ /usr/lib/gcc/x86_64-linux-gnu/9/collect2 -plugin /usr/lib/gcc/x86_64-linux-gnu/9/liblto_plugin.so -plugin-opt=/usr/lib/gcc/x86_64-linux-gnu/9/lto-wrapper -plugin-opt=-fresolution=/tmp/ccmRFJM8.res -plugin-opt=-pass-through=-lgcc -plugin-opt=-pass-through=-lgcc_s -plugin-opt=-pass-through=-lc -plugin-opt=-pass-through=-lgcc -plugin-opt=-pass-through=-lgcc_s --build-id --eh-frame-hdr -m elf_x86_64 --hash-style=gnu --as-needed -dynamic-linker /lib64/ld-linux-x86-64.so.2 -pie -z now -z relro -o cmTC_5bbe5 /usr/lib/gcc/x86_64-linux-gnu/9/../../../x86_64-linux-gnu/Scrt1.o /usr/lib/gcc/x86_64-linux-gnu/9/../../../x86_64-linux-gnu/crti.o /usr/lib/gcc/x86_64-linux-gnu/9/crtbeginS.o -L/usr/lib/gcc/x86_64-linux-gnu/9 -L/usr/lib/gcc/x86_64-linux-gnu/9/../../../x86_64-linux-gnu -L/usr/lib/gcc/x86_64-linux-gnu/9/../../../../lib -L/lib/x86_64-linux-gnu -L/lib/../lib -L/usr/lib/x86_64-linux-gnu -L/usr/lib/../lib -L/usr/lib/gcc/x86_64-linux-gnu/9/../../.. CMakeFiles/cmTC_5bbe5.dir/CMakeCCompilerABI.c.o -lgcc --push-state --as-needed -lgcc_s --pop-state -lc -lgcc --push-state --as-needed -lgcc_s --pop-state /usr/lib/gcc/x86_64-linux-gnu/9/crtendS.o /usr/lib/gcc/x86_64-linux-gnu/9/../../../x86_64-linux-gnu/crtn.o]
    arg [/usr/lib/gcc/x86_64-linux-gnu/9/collect2] ==> ignore
    arg [-plugin] ==> ignore
    arg [/usr/lib/gcc/x86_64-linux-gnu/9/liblto_plugin.so] ==> ignore
    arg [-plugin-opt=/usr/lib/gcc/x86_64-linux-gnu/9/lto-wrapper] ==> ignore
    arg [-plugin-opt=-fresolution=/tmp/ccmRFJM8.res] ==> ignore
    arg [-plugin-opt=-pass-through=-lgcc] ==> ignore
    arg [-plugin-opt=-pass-through=-lgcc_s] ==> ignore
    arg [-plugin-opt=-pass-through=-lc] ==> ignore
    arg [-plugin-opt=-pass-through=-lgcc] ==> ignore
    arg [-plugin-opt=-pass-through=-lgcc_s] ==> ignore
    arg [--build-id] ==> ignore
    arg [--eh-frame-hdr] ==> ignore
    arg [-m] ==> ignore
    arg [elf_x86_64] ==> ignore
    arg [--hash-style=gnu] ==> ignore
    arg [--as-needed] ==> ignore
    arg [-dynamic-linker] ==> ignore
    arg [/lib64/ld-linux-x86-64.so.2] ==> ignore
    arg [-pie] ==> ignore
    arg [-znow] ==> ignore
    arg [-zrelro] ==> ignore
    arg [-o] ==> ignore
    arg [cmTC_5bbe5] ==> ignore
    arg [/usr/lib/gcc/x86_64-linux-gnu/9/../../../x86_64-linux-gnu/Scrt1.o] ==> ignore
    arg [/usr/lib/gcc/x86_64-linux-gnu/9/../../../x86_64-linux-gnu/crti.o] ==> ignore
    arg [/usr/lib/gcc/x86_64-linux-gnu/9/crtbeginS.o] ==> ignore
    arg [-L/usr/lib/gcc/x86_64-linux-gnu/9] ==> dir [/usr/lib/gcc/x86_64-linux-gnu/9]
    arg [-L/usr/lib/gcc/x86_64-linux-gnu/9/../../../x86_64-linux-gnu] ==> dir [/usr/lib/gcc/x86_64-linux-gnu/9/../../../x86_64-linux-gnu]
    arg [-L/usr/lib/gcc/x86_64-linux-gnu/9/../../../../lib] ==> dir [/usr/lib/gcc/x86_64-linux-gnu/9/../../../../lib]
    arg [-L/lib/x86_64-linux-gnu] ==> dir [/lib/x86_64-linux-gnu]
    arg [-L/lib/../lib] ==> dir [/lib/../lib]
    arg [-L/usr/lib/x86_64-linux-gnu] ==> dir [/usr/lib/x86_64-linux-gnu]
    arg [-L/usr/lib/../lib] ==> dir [/usr/lib/../lib]
    arg [-L/usr/lib/gcc/x86_64-linux-gnu/9/../../..] ==> dir [/usr/lib/gcc/x86_64-linux-gnu/9/../../..]
    arg [CMakeFiles/cmTC_5bbe5.dir/CMakeCCompilerABI.c.o] ==> ignore
    arg [-lgcc] ==> lib [gcc]
    arg [--push-state] ==> ignore
    arg [--as-needed] ==> ignore
    arg [-lgcc_s] ==> lib [gcc_s]
    arg [--pop-state] ==> ignore
    arg [-lc] ==> lib [c]
    arg [-lgcc] ==> lib [gcc]
    arg [--push-state] ==> ignore
    arg [--as-needed] ==> ignore
    arg [-lgcc_s] ==> lib [gcc_s]
    arg [--pop-state] ==> ignore
    arg [/usr/lib/gcc/x86_64-linux-gnu/9/crtendS.o] ==> ignore
    arg [/usr/lib/gcc/x86_64-linux-gnu/9/../../../x86_64-linux-gnu/crtn.o] ==> ignore
  collapse library dir [/usr/lib/gcc/x86_64-linux-gnu/9] ==> [/usr/lib/gcc/x86_64-linux-gnu/9]
  collapse library dir [/usr/lib/gcc/x86_64-linux-gnu/9/../../../x86_64-linux-gnu] ==> [/usr/lib/x86_64-linux-gnu]
  collapse library dir [/usr/lib/gcc/x86_64-linux-gnu/9/../../../../lib] ==> [/usr/lib]
  collapse library dir [/lib/x86_64-linux-gnu] ==> [/lib/x86_64-linux-gnu]
  collapse library dir [/lib/../lib] ==> [/lib]
  collapse library dir [/usr/lib/x86_64-linux-gnu] ==> [/usr/lib/x86_64-linux-gnu]
  collapse library dir [/usr/lib/../lib] ==> [/usr/lib]
  collapse library dir [/usr/lib/gcc/x86_64-linux-gnu/9/../../..] ==> [/usr/lib]
  implicit libs: [gcc;gcc_s;c;gcc;gcc_s]
  implicit dirs: [/usr/lib/gcc/x86_64-linux-gnu/9;/usr/lib/x86_64-linux-gnu;/usr/lib;/lib/x86_64-linux-gnu;/lib]
  implicit fwks: []


Determining if the CXX compiler works passed with the following output:
Change Dir: /home/coral/tensorflow/tensorflow/CMakeFiles/CMakeTmp

Run Build Command(s):/usr/bin/make cmTC_3139c/fast && /usr/bin/make -f CMakeFiles/cmTC_3139c.dir/build.make CMakeFiles/cmTC_3139c.dir/build
make[1]: Entering directory '/home/coral/tensorflow/tensorflow/CMakeFiles/CMakeTmp'
Building CXX object CMakeFiles/cmTC_3139c.dir/testCXXCompiler.cxx.o
/usr/bin/c++     -o CMakeFiles/cmTC_3139c.dir/testCXXCompiler.cxx.o -c /home/coral/tensorflow/tensorflow/CMakeFiles/CMakeTmp/testCXXCompiler.cxx
Linking CXX executable cmTC_3139c
/usr/bin/cmake -E cmake_link_script CMakeFiles/cmTC_3139c.dir/link.txt --verbose=1
/usr/bin/c++       CMakeFiles/cmTC_3139c.dir/testCXXCompiler.cxx.o  -o cmTC_3139c 
make[1]: Leaving directory '/home/coral/tensorflow/tensorflow/CMakeFiles/CMakeTmp'



Detecting CXX compiler ABI info compiled with the following output:
Change Dir: /home/coral/tensorflow/tensorflow/CMakeFiles/CMakeTmp

Run Build Command(s):/usr/bin/make cmTC_da6b3/fast && /usr/bin/make -f CMakeFiles/cmTC_da6b3.dir/build.make CMakeFiles/cmTC_da6b3.dir/build
make[1]: Entering directory '/home/coral/tensorflow/tensorflow/CMakeFiles/CMakeTmp'
Building CXX object CMakeFiles/cmTC_da6b3.dir/CMakeCXXCompilerABI.cpp.o
/usr/bin/c++    -v -o CMakeFiles/cmTC_da6b3.dir/CMakeCXXCompilerABI.cpp.o -c /usr/share/cmake-3.16/Modules/CMakeCXXCompilerABI.cpp
Using built-in specs.
COLLECT_GCC=/usr/bin/c++
OFFLOAD_TARGET_NAMES=nvptx-none:hsa
OFFLOAD_TARGET_DEFAULT=1
Target: x86_64-linux-gnu
Configured with: ../src/configure -v --with-pkgversion='Ubuntu 9.4.0-1ubuntu1~20.04.2' --with-bugurl=file:///usr/share/doc/gcc-9/README.Bugs --enable-languages=c,ada,c++,go,brig,d,fortran,objc,obj-c++,gm2 --prefix=/usr --with-gcc-major-version-only --program-suffix=-9 --program-prefix=x86_64-linux-gnu- --enable-shared --enable-linker-build-id --libexecdir=/usr/lib --without-included-gettext --enable-threads=posix --libdir=/usr/lib --enable-nls --enable-clocale=gnu --enable-libstdcxx-debug --enable-libstdcxx-time=yes --with-default-libstdcxx-abi=new --enable-gnu-unique-object --disable-vtable-verify --enable-plugin --enable-default-pie --with-system-zlib --with-target-system-zlib=auto --enable-objc-gc=auto --enable-multiarch --disable-werror --with-arch-32=i686 --with-abi=m64 --with-multilib-list=m32,m64,mx32 --enable-multilib --with-tune=generic --enable-offload-targets=nvptx-none=/build/gcc-9-9QDOt0/gcc-9-9.4.0/debian/tmp-nvptx/usr,hsa --without-cuda-driver --enable-checking=release --build=x86_64-linux-gnu --host=x86_64-linux-gnu --target=x86_64-linux-gnu
Thread model: posix
gcc version 9.4.0 (Ubuntu 9.4.0-1ubuntu1~20.04.2) 
COLLECT_GCC_OPTIONS='-v' '-o' 'CMakeFiles/cmTC_da6b3.dir/CMakeCXXCompilerABI.cpp.o' '-c' '-shared-libgcc' '-mtune=generic' '-march=x86-64'
 /usr/lib/gcc/x86_64-linux-gnu/9/cc1plus -quiet -v -imultiarch x86_64-linux-gnu -D_GNU_SOURCE /usr/share/cmake-3.16/Modules/CMakeCXXCompilerABI.cpp -quiet -dumpbase CMakeCXXCompilerABI.cpp -mtune=generic -march=x86-64 -auxbase-strip CMakeFiles/cmTC_da6b3.dir/CMakeCXXCompilerABI.cpp.o -version -fasynchronous-unwind-tables -fstack-protector-strong -Wformat -Wformat-security -fstack-clash-protection -fcf-protection -o /tmp/ccAEi031.s
GNU C++14 (Ubuntu 9.4.0-1ubuntu1~20.04.2) version 9.4.0 (x86_64-linux-gnu)
	compiled by GNU C version 9.4.0, GMP version 6.2.0, MPFR version 4.0.2, MPC version 1.1.0, isl version isl-0.22.1-GMP

GGC heuristics: --param ggc-min-expand=100 --param ggc-min-heapsize=131072
ignoring duplicate directory "/usr/include/x86_64-linux-gnu/c++/9"
ignoring nonexistent directory "/usr/local/include/x86_64-linux-gnu"
ignoring nonexistent directory "/usr/lib/gcc/x86_64-linux-gnu/9/include-fixed"
ignoring nonexistent directory "/usr/lib/gcc/x86_64-linux-gnu/9/../../../../x86_64-linux-gnu/include"
#include "..." search starts here:
#include <...> search starts here:
 /usr/include/c++/9
 /usr/include/x86_64-linux-gnu/c++/9
 /usr/include/c++/9/backward
 /usr/lib/gcc/x86_64-linux-gnu/9/include
 /usr/local/include
 /usr/include/x86_64-linux-gnu
 /usr/include
End of search list.
GNU C++14 (Ubuntu 9.4.0-1ubuntu1~20.04.2) version 9.4.0 (x86_64-linux-gnu)
	compiled by GNU C version 9.4.0, GMP version 6.2.0, MPFR version 4.0.2, MPC version 1.1.0, isl version isl-0.22.1-GMP

GGC heuristics: --param ggc-min-expand=100 --param ggc-min-heapsize=131072
Compiler executable checksum: 3d1eba838554fa2348dba760e4770469
COLLECT_GCC_OPTIONS='-v' '-o' 'CMakeFiles/cmTC_da6b3.dir/CMakeCXXCompilerABI.cpp.o' '-c' '-shared-libgcc' '-mtune=generic' '-march=x86-64'
 as -v --64 -o CMakeFiles/cmTC_da6b3.dir/CMakeCXXCompilerABI.cpp.o /tmp/ccAEi031.s
GNU assembler version 2.34 (x86_64-linux-gnu) using BFD version (GNU Binutils for Ubuntu) 2.34
COMPILER_PATH=/usr/lib/gcc/x86_64-linux-gnu/9/:/usr/lib/gcc/x86_64-linux-gnu/9/:/usr/lib/gcc/x86_64-linux-gnu/:/usr/lib/gcc/x86_64-linux-gnu/9/:/usr/lib/gcc/x86_64-linux-gnu/
LIBRARY_PATH=/usr/lib/gcc/x86_64-linux-gnu/9/:/usr/lib/gcc/x86_64-linux-gnu/9/../../../x86_64-linux-gnu/:/usr/lib/gcc/x86_64-linux-gnu/9/../../../../lib/:/lib/x86_64-linux-gnu/:/lib/../lib/:/usr/lib/x86_64-linux-gnu/:/usr/lib/../lib/:/usr/lib/gcc/x86_64-linux-gnu/9/../../../:/lib/:/usr/lib/
COLLECT_GCC_OPTIONS='-v' '-o' 'CMakeFiles/cmTC_da6b3.dir/CMakeCXXCompilerABI.cpp.o' '-c' '-shared-libgcc' '-mtune=generic' '-march=x86-64'
Linking CXX executable cmTC_da6b3
/usr/bin/cmake -E cmake_link_script CMakeFiles/cmTC_da6b3.dir/link.txt --verbose=1
/usr/bin/c++      -v CMakeFiles/cmTC_da6b3.dir/CMakeCXXCompilerABI.cpp.o  -o cmTC_da6b3 
Using built-in specs.
COLLECT_GCC=/usr/bin/c++
COLLECT_LTO_WRAPPER=/usr/lib/gcc/x86_64-linux-gnu/9/lto-wrapper
OFFLOAD_TARGET_NAMES=nvptx-none:hsa
OFFLOAD_TARGET_DEFAULT=1
Target: x86_64-linux-gnu
Configured with: ../src/configure -v --with-pkgversion='Ubuntu 9.4.0-1ubuntu1~20.04.2' --with-bugurl=file:///usr/share/doc/gcc-9/README.Bugs --enable-languages=c,ada,c++,go,brig,d,fortran,objc,obj-c++,gm2 --prefix=/usr --with-gcc-major-version-only --program-suffix=-9 --program-prefix=x86_64-linux-gnu- --enable-shared --enable-linker-build-id --libexecdir=/usr/lib --without-included-gettext --enable-threads=posix --libdir=/usr/lib --enable-nls --enable-clocale=gnu --enable-libstdcxx-debug --enable-libstdcxx-time=yes --with-default-libstdcxx-abi=new --enable-gnu-unique-object --disable-vtable-verify --enable-plugin --enable-default-pie --with-system-zlib --with-target-system-zlib=auto --enable-objc-gc=auto --enable-multiarch --disable-werror --with-arch-32=i686 --with-abi=m64 --with-multilib-list=m32,m64,mx32 --enable-multilib --with-tune=generic --enable-offload-targets=nvptx-none=/build/gcc-9-9QDOt0/gcc-9-9.4.0/debian/tmp-nvptx/usr,hsa --without-cuda-driver --enable-checking=release --build=x86_64-linux-gnu --host=x86_64-linux-gnu --target=x86_64-linux-gnu
Thread model: posix
gcc version 9.4.0 (Ubuntu 9.4.0-1ubuntu1~20.04.2) 
COMPILER_PATH=/usr/lib/gcc/x86_64-linux-gnu/9/:/usr/lib/gcc/x86_64-linux-gnu/9/:/usr/lib/gcc/x86_64-linux-gnu/:/usr/lib/gcc/x86_64-linux-gnu/9/:/usr/lib/gcc/x86_64-linux-gnu/
LIBRARY_PATH=/usr/lib/gcc/x86_64-linux-gnu/9/:/usr/lib/gcc/x86_64-linux-gnu/9/../../../x86_64-linux-gnu/:/usr/lib/gcc/x86_64-linux-gnu/9/../../../../lib/:/lib/x86_64-linux-gnu/:/lib/../lib/:/usr/lib/x86_64-linux-gnu/:/usr/lib/../lib/:/usr/lib/gcc/x86_64-linux-gnu/9/../../../:/lib/:/usr/lib/
COLLECT_GCC_OPTIONS='-v' '-o' 'cmTC_da6b3' '-shared-libgcc' '-mtune=generic' '-march=x86-64'
 /usr/lib/gcc/x86_64-linux-gnu/9/collect2 -plugin /usr/lib/gcc/x86_64-linux-gnu/9/liblto_plugin.so -plugin-opt=/usr/lib/gcc/x86_64-linux-gnu/9/lto-wrapper -plugin-opt=-fresolution=/tmp/ccRmtQwq.res -plugin-opt=-pass-through=-lgcc_s -plugin-opt=-pass-through=-lgcc -plugin-opt=-pass-through=-lc -plugin-opt=-pass-through=-lgcc_s -plugin-opt=-pass-through=-lgcc --build-id --eh-frame-hdr -m elf_x86_64 --hash-style=gnu --as-needed -dynamic-linker /lib64/ld-linux-x86-64.so.2 -pie -z now -z relro -o cmTC_da6b3 /usr/lib/gcc/x86_64-linux-gnu/9/../../../x86_64-linux-gnu/Scrt1.o /usr/lib/gcc/x86_64-linux-gnu/9/../../../x86_64-linux-gnu/crti.o /usr/lib/gcc/x86_64-linux-gnu/9/crtbeginS.o -L/usr/lib/gcc/x86_64-linux-gnu/9 -L/usr/lib/gcc/x86_64-linux-gnu/9/../../../x86_64-linux-gnu -L/usr/lib/gcc/x86_64-linux-gnu/9/../../../../lib -L/lib/x86_64-linux-gnu -L/lib/../lib -L/usr/lib/x86_64-linux-gnu -L/usr/lib/../lib -L/usr/lib/gcc/x86_64-linux-gnu/9/../../.. CMakeFiles/cmTC_da6b3.dir/CMakeCXXCompilerABI.cpp.o -lstdc++ -lm -lgcc_s -lgcc -lc -lgcc_s -lgcc /usr/lib/gcc/x86_64-linux-gnu/9/crtendS.o /usr/lib/gcc/x86_64-linux-gnu/9/../../../x86_64-linux-gnu/crtn.o
COLLECT_GCC_OPTIONS='-v' '-o' 'cmTC_da6b3' '-shared-libgcc' '-mtune=generic' '-march=x86-64'
make[1]: Leaving directory '/home/coral/tensorflow/tensorflow/CMakeFiles/CMakeTmp'



Parsed CXX implicit include dir info from above output: rv=done
  found start of include info
  found start of implicit include info
    add: [/usr/include/c++/9]
    add: [/usr/include/x86_64-linux-gnu/c++/9]
    add: [/usr/include/c++/9/backward]
    add: [/usr/lib/gcc/x86_64-linux-gnu/9/include]
    add: [/usr/local/include]
    add: [/usr/include/x86_64-linux-gnu]
    add: [/usr/include]
  end of search list found
  collapse include dir [/usr/include/c++/9] ==> [/usr/include/c++/9]
  collapse include dir [/usr/include/x86_64-linux-gnu/c++/9] ==> [/usr/include/x86_64-linux-gnu/c++/9]
  collapse include dir [/usr/include/c++/9/backward] ==> [/usr/include/c++/9/backward]
  collapse include dir [/usr/lib/gcc/x86_64-linux-gnu/9/include] ==> [/usr/lib/gcc/x86_64-linux-gnu/9/include]
  collapse include dir [/usr/local/include] ==> [/usr/local/include]
  collapse include dir [/usr/include/x86_64-linux-gnu] ==> [/usr/include/x86_64-linux-gnu]
  collapse include dir [/usr/include] ==> [/usr/include]
  implicit include dirs: [/usr/include/c++/9;/usr/include/x86_64-linux-gnu/c++/9;/usr/include/c++/9/backward;/usr/lib/gcc/x86_64-linux-gnu/9/include;/usr/local/include;/usr/include/x86_64-linux-gnu;/usr/include]


Parsed CXX implicit link information from above output:
  link line regex: [^( *|.*[/\])(ld|CMAKE_LINK_STARTFILE-NOTFOUND|([^/\]+-)?ld|collect2)[^/\]*( |$)]
  ignore line: [Change Dir: /home/coral/tensorflow/tensorflow/CMakeFiles/CMakeTmp]
  ignore line: []
  ignore line: [Run Build Command(s):/usr/bin/make cmTC_da6b3/fast && /usr/bin/make -f CMakeFiles/cmTC_da6b3.dir/build.make CMakeFiles/cmTC_da6b3.dir/build]
  ignore line: [make[1]: Entering directory '/home/coral/tensorflow/tensorflow/CMakeFiles/CMakeTmp']
  ignore line: [Building CXX object CMakeFiles/cmTC_da6b3.dir/CMakeCXXCompilerABI.cpp.o]
  ignore line: [/usr/bin/c++    -v -o CMakeFiles/cmTC_da6b3.dir/CMakeCXXCompilerABI.cpp.o -c /usr/share/cmake-3.16/Modules/CMakeCXXCompilerABI.cpp]
  ignore line: [Using built-in specs.]
  ignore line: [COLLECT_GCC=/usr/bin/c++]
  ignore line: [OFFLOAD_TARGET_NAMES=nvptx-none:hsa]
  ignore line: [OFFLOAD_TARGET_DEFAULT=1]
  ignore line: [Target: x86_64-linux-gnu]
  ignore line: [Configured with: ../src/configure -v --with-pkgversion='Ubuntu 9.4.0-1ubuntu1~20.04.2' --with-bugurl=file:///usr/share/doc/gcc-9/README.Bugs --enable-languages=c ada c++ go brig d fortran objc obj-c++ gm2 --prefix=/usr --with-gcc-major-version-only --program-suffix=-9 --program-prefix=x86_64-linux-gnu- --enable-shared --enable-linker-build-id --libexecdir=/usr/lib --without-included-gettext --enable-threads=posix --libdir=/usr/lib --enable-nls --enable-clocale=gnu --enable-libstdcxx-debug --enable-libstdcxx-time=yes --with-default-libstdcxx-abi=new --enable-gnu-unique-object --disable-vtable-verify --enable-plugin --enable-default-pie --with-system-zlib --with-target-system-zlib=auto --enable-objc-gc=auto --enable-multiarch --disable-werror --with-arch-32=i686 --with-abi=m64 --with-multilib-list=m32 m64 mx32 --enable-multilib --with-tune=generic --enable-offload-targets=nvptx-none=/build/gcc-9-9QDOt0/gcc-9-9.4.0/debian/tmp-nvptx/usr hsa --without-cuda-driver --enable-checking=release --build=x86_64-linux-gnu --host=x86_64-linux-gnu --target=x86_64-linux-gnu]
  ignore line: [Thread model: posix]
  ignore line: [gcc version 9.4.0 (Ubuntu 9.4.0-1ubuntu1~20.04.2) ]
  ignore line: [COLLECT_GCC_OPTIONS='-v' '-o' 'CMakeFiles/cmTC_da6b3.dir/CMakeCXXCompilerABI.cpp.o' '-c' '-shared-libgcc' '-mtune=generic' '-march=x86-64']
  ignore line: [ /usr/lib/gcc/x86_64-linux-gnu/9/cc1plus -quiet -v -imultiarch x86_64-linux-gnu -D_GNU_SOURCE /usr/share/cmake-3.16/Modules/CMakeCXXCompilerABI.cpp -quiet -dumpbase CMakeCXXCompilerABI.cpp -mtune=generic -march=x86-64 -auxbase-strip CMakeFiles/cmTC_da6b3.dir/CMakeCXXCompilerABI.cpp.o -version -fasynchronous-unwind-tables -fstack-protector-strong -Wformat -Wformat-security -fstack-clash-protection -fcf-protection -o /tmp/ccAEi031.s]
  ignore line: [GNU C++14 (Ubuntu 9.4.0-1ubuntu1~20.04.2) version 9.4.0 (x86_64-linux-gnu)]
  ignore line: [	compiled by GNU C version 9.4.0  GMP version 6.2.0  MPFR version 4.0.2  MPC version 1.1.0  isl version isl-0.22.1-GMP]
  ignore line: []
  ignore line: [GGC heuristics: --param ggc-min-expand=100 --param ggc-min-heapsize=131072]
  ignore line: [ignoring duplicate directory "/usr/include/x86_64-linux-gnu/c++/9"]
  ignore line: [ignoring nonexistent directory "/usr/local/include/x86_64-linux-gnu"]
  ignore line: [ignoring nonexistent directory "/usr/lib/gcc/x86_64-linux-gnu/9/include-fixed"]
  ignore line: [ignoring nonexistent directory "/usr/lib/gcc/x86_64-linux-gnu/9/../../../../x86_64-linux-gnu/include"]
  ignore line: [#include "..." search starts here:]
  ignore line: [#include <...> search starts here:]
  ignore line: [ /usr/include/c++/9]
  ignore line: [ /usr/include/x86_64-linux-gnu/c++/9]
  ignore line: [ /usr/include/c++/9/backward]
  ignore line: [ /usr/lib/gcc/x86_64-linux-gnu/9/include]
  ignore line: [ /usr/local/include]
  ignore line: [ /usr/include/x86_64-linux-gnu]
  ignore line: [ /usr/include]
  ignore line: [End of search list.]
  ignore line: [GNU C++14 (Ubuntu 9.4.0-1ubuntu1~20.04.2) version 9.4.0 (x86_64-linux-gnu)]
  ignore line: [	compiled by GNU C version 9.4.0  GMP version 6.2.0  MPFR version 4.0.2  MPC version 1.1.0  isl version isl-0.22.1-GMP]
  ignore line: []
  ignore line: [GGC heuristics: --param ggc-min-expand=100 --param ggc-min-heapsize=131072]
  ignore line: [Compiler executable checksum: 3d1eba838554fa2348dba760e4770469]
  ignore line: [COLLECT_GCC_OPTIONS='-v' '-o' 'CMakeFiles/cmTC_da6b3.dir/CMakeCXXCompilerABI.cpp.o' '-c' '-shared-libgcc' '-mtune=generic' '-march=x86-64']
  ignore line: [ as -v --64 -o CMakeFiles/cmTC_da6b3.dir/CMakeCXXCompilerABI.cpp.o /tmp/ccAEi031.s]
  ignore line: [GNU assembler version 2.34 (x86_64-linux-gnu) using BFD version (GNU Binutils for Ubuntu) 2.34]
  ignore line: [COMPILER_PATH=/usr/lib/gcc/x86_64-linux-gnu/9/:/usr/lib/gcc/x86_64-linux-gnu/9/:/usr/lib/gcc/x86_64-linux-gnu/:/usr/lib/gcc/x86_64-linux-gnu/9/:/usr/lib/gcc/x86_64-linux-gnu/]
  ignore line: [LIBRARY_PATH=/usr/lib/gcc/x86_64-linux-gnu/9/:/usr/lib/gcc/x86_64-linux-gnu/9/../../../x86_64-linux-gnu/:/usr/lib/gcc/x86_64-linux-gnu/9/../../../../lib/:/lib/x86_64-linux-gnu/:/lib/../lib/:/usr/lib/x86_64-linux-gnu/:/usr/lib/../lib/:/usr/lib/gcc/x86_64-linux-gnu/9/../../../:/lib/:/usr/lib/]
  ignore line: [COLLECT_GCC_OPTIONS='-v' '-o' 'CMakeFiles/cmTC_da6b3.dir/CMakeCXXCompilerABI.cpp.o' '-c' '-shared-libgcc' '-mtune=generic' '-march=x86-64']
  ignore line: [Linking CXX executable cmTC_da6b3]
  ignore line: [/usr/bin/cmake -E cmake_link_script CMakeFiles/cmTC_da6b3.dir/link.txt --verbose=1]
  ignore line: [/usr/bin/c++      -v CMakeFiles/cmTC_da6b3.dir/CMakeCXXCompilerABI.cpp.o  -o cmTC_da6b3 ]
  ignore line: [Using built-in specs.]
  ignore line: [COLLECT_GCC=/usr/bin/c++]
  ignore line: [COLLECT_LTO_WRAPPER=/usr/lib/gcc/x86_64-linux-gnu/9/lto-wrapper]
  ignore line: [OFFLOAD_TARGET_NAMES=nvptx-none:hsa]
  ignore line: [OFFLOAD_TARGET_DEFAULT=1]
  ignore line: [Target: x86_64-linux-gnu]
  ignore line: [Configured with: ../src/configure -v --with-pkgversion='Ubuntu 9.4.0-1ubuntu1~20.04.2' --with-bugurl=file:///usr/share/doc/gcc-9/README.Bugs --enable-languages=c ada c++ go brig d fortran objc obj-c++ gm2 --prefix=/usr --with-gcc-major-version-only --program-suffix=-9 --program-prefix=x86_64-linux-gnu- --enable-shared --enable-linker-build-id --libexecdir=/usr/lib --without-included-gettext --enable-threads=posix --libdir=/usr/lib --enable-nls --enable-clocale=gnu --enable-libstdcxx-debug --enable-libstdcxx-time=yes --with-default-libstdcxx-abi=new --enable-gnu-unique-object --disable-vtable-verify --enable-plugin --enable-default-pie --with-system-zlib --with-target-system-zlib=auto --enable-objc-gc=auto --enable-multiarch --disable-werror --with-arch-32=i686 --with-abi=m64 --with-multilib-list=m32 m64 mx32 --enable-multilib --with-tune=generic --enable-offload-targets=nvptx-none=/build/gcc-9-9QDOt0/gcc-9-9.4.0/debian/tmp-nvptx/usr hsa --without-cuda-driver --enable-checking=release --build=x86_64-linux-gnu --host=x86_64-linux-gnu --target=x86_64-linux-gnu]
  ignore line: [Thread model: posix]
  ignore line: [gcc version 9.4.0 (Ubuntu 9.4.0-1ubuntu1~20.04.2) ]
  ignore line: [COMPILER_PATH=/usr/lib/gcc/x86_64-linux-gnu/9/:/usr/lib/gcc/x86_64-linux-gnu/9/:/usr/lib/gcc/x86_64-linux-gnu/:/usr/lib/gcc/x86_64-linux-gnu/9/:/usr/lib/gcc/x86_64-linux-gnu/]
  ignore line: [LIBRARY_PATH=/usr/lib/gcc/x86_64-linux-gnu/9/:/usr/lib/gcc/x86_64-linux-gnu/9/../../../x86_64-linux-gnu/:/usr/lib/gcc/x86_64-linux-gnu/9/../../../../lib/:/lib/x86_64-linux-gnu/:/lib/../lib/:/usr/lib/x86_64-linux-gnu/:/usr/lib/../lib/:/usr/lib/gcc/x86_64-linux-gnu/9/../../../:/lib/:/usr/lib/]
  ignore line: [COLLECT_GCC_OPTIONS='-v' '-o' 'cmTC_da6b3' '-shared-libgcc' '-mtune=generic' '-march=x86-64']
  link line: [ /usr/lib/gcc/x86_64-linux-gnu/9/collect2 -plugin /usr/lib/gcc/x86_64-linux-gnu/9/liblto_plugin.so -plugin-opt=/usr/lib/gcc/x86_64-linux-gnu/9/lto-wrapper -plugin-opt=-fresolution=/tmp/ccRmtQwq.res -plugin-opt=-pass-through=-lgcc_s -plugin-opt=-pass-through=-lgcc -plugin-opt=-pass-through=-lc -plugin-opt=-pass-through=-lgcc_s -plugin-opt=-pass-through=-lgcc --build-id --eh-frame-hdr -m elf_x86_64 --hash-style=gnu --as-needed -dynamic-linker /lib64/ld-linux-x86-64.so.2 -pie -z now -z relro -o cmTC_da6b3 /usr/lib/gcc/x86_64-linux-gnu/9/../../../x86_64-linux-gnu/Scrt1.o /usr/lib/gcc/x86_64-linux-gnu/9/../../../x86_64-linux-gnu/crti.o /usr/lib/gcc/x86_64-linux-gnu/9/crtbeginS.o -L/usr/lib/gcc/x86_64-linux-gnu/9 -L/usr/lib/gcc/x86_64-linux-gnu/9/../../../x86_64-linux-gnu -L/usr/lib/gcc/x86_64-linux-gnu/9/../../../../lib -L/lib/x86_64-linux-gnu -L/lib/../lib -L/usr/lib/x86_64-linux-gnu -L/usr/lib/../lib -L/usr/lib/gcc/x86_64-linux-gnu/9/../../.. CMakeFiles/cmTC_da6b3.dir/CMakeCXXCompilerABI.cpp.o -lstdc++ -lm -lgcc_s -lgcc -lc -lgcc_s -lgcc /usr/lib/gcc/x86_64-linux-gnu/9/crtendS.o /usr/lib/gcc/x86_64-linux-gnu/9/../../../x86_64-linux-gnu/crtn.o]
    arg [/usr/lib/gcc/x86_64-linux-gnu/9/collect2] ==> ignore
    arg [-plugin] ==> ignore
    arg [/usr/lib/gcc/x86_64-linux-gnu/9/liblto_plugin.so] ==> ignore
    arg [-plugin-opt=/usr/lib/gcc/x86_64-linux-gnu/9/lto-wrapper] ==> ignore
    arg [-plugin-opt=-fresolution=/tmp/ccRmtQwq.res] ==> ignore
    arg [-plugin-opt=-pass-through=-lgcc_s] ==> ignore
    arg [-plugin-opt=-pass-through=-lgcc] ==> ignore
    arg [-plugin-opt=-pass-through=-lc] ==> ignore
    arg [-plugin-opt=-pass-through=-lgcc_s] ==> ignore
    arg [-plugin-opt=-pass-through=-lgcc] ==> ignore
    arg [--build-id] ==> ignore
    arg [--eh-frame-hdr] ==> ignore
    arg [-m] ==> ignore
    arg [elf_x86_64] ==> ignore
    arg [--hash-style=gnu] ==> ignore
    arg [--as-needed] ==> ignore
    arg [-dynamic-linker] ==> ignore
    arg [/lib64/ld-linux-x86-64.so.2] ==> ignore
    arg [-pie] ==> ignore
    arg [-znow] ==> ignore
    arg [-zrelro] ==> ignore
    arg [-o] ==> ignore
    arg [cmTC_da6b3] ==> ignore
    arg [/usr/lib/gcc/x86_64-linux-gnu/9/../../../x86_64-linux-gnu/Scrt1.o] ==> ignore
    arg [/usr/lib/gcc/x86_64-linux-gnu/9/../../../x86_64-linux-gnu/crti.o] ==> ignore
    arg [/usr/lib/gcc/x86_64-linux-gnu/9/crtbeginS.o] ==> ignore
    arg [-L/usr/lib/gcc/x86_64-linux-gnu/9] ==> dir [/usr/lib/gcc/x86_64-linux-gnu/9]
    arg [-L/usr/lib/gcc/x86_64-linux-gnu/9/../../../x86_64-linux-gnu] ==> dir [/usr/lib/gcc/x86_64-linux-gnu/9/../../../x86_64-linux-gnu]
    arg [-L/usr/lib/gcc/x86_64-linux-gnu/9/../../../../lib] ==> dir [/usr/lib/gcc/x86_64-linux-gnu/9/../../../../lib]
    arg [-L/lib/x86_64-linux-gnu] ==> dir [/lib/x86_64-linux-gnu]
    arg [-L/lib/../lib] ==> dir [/lib/../lib]
    arg [-L/usr/lib/x86_64-linux-gnu] ==> dir [/usr/lib/x86_64-linux-gnu]
    arg [-L/usr/lib/../lib] ==> dir [/usr/lib/../lib]
    arg [-L/usr/lib/gcc/x86_64-linux-gnu/9/../../..] ==> dir [/usr/lib/gcc/x86_64-linux-gnu/9/../../..]
    arg [CMakeFiles/cmTC_da6b3.dir/CMakeCXXCompilerABI.cpp.o] ==> ignore
    arg [-lstdc++] ==> lib [stdc++]
    arg [-lm] ==> lib [m]
    arg [-lgcc_s] ==> lib [gcc_s]
    arg [-lgcc] ==> lib [gcc]
    arg [-lc] ==> lib [c]
    arg [-lgcc_s] ==> lib [gcc_s]
    arg [-lgcc] ==> lib [gcc]
    arg [/usr/lib/gcc/x86_64-linux-gnu/9/crtendS.o] ==> ignore
    arg [/usr/lib/gcc/x86_64-linux-gnu/9/../../../x86_64-linux-gnu/crtn.o] ==> ignore
  collapse library dir [/usr/lib/gcc/x86_64-linux-gnu/9] ==> [/usr/lib/gcc/x86_64-linux-gnu/9]
  collapse library dir [/usr/lib/gcc/x86_64-linux-gnu/9/../../../x86_64-linux-gnu] ==> [/usr/lib/x86_64-linux-gnu]
  collapse library dir [/usr/lib/gcc/x86_64-linux-gnu/9/../../../../lib] ==> [/usr/lib]
  collapse library dir [/lib/x86_64-linux-gnu] ==> [/lib/x86_64-linux-gnu]
  collapse library dir [/lib/../lib] ==> [/lib]
  collapse library dir [/usr/lib/x86_64-linux-gnu] ==> [/usr/lib/x86_64-linux-gnu]
  collapse library dir [/usr/lib/../lib] ==> [/usr/lib]
  collapse library dir [/usr/lib/gcc/x86_64-linux-gnu/9/../../..] ==> [/usr/lib]
  implicit libs: [stdc++;m;gcc_s;gcc;c;gcc_s;gcc]
  implicit dirs: [/usr/lib/gcc/x86_64-linux-gnu/9;/usr/lib/x86_64-linux-gnu;/usr/lib;/lib/x86_64-linux-gnu;/lib]
  implicit fwks: []


Performing C++ SOURCE FILE Test ABSL_INTERNAL_AT_LEAST_CXX17 succeeded with the following output:
Change Dir: /home/coral/tensorflow/tensorflow/CMakeFiles/CMakeTmp

Run Build Command(s):/usr/bin/make cmTC_83a9b/fast && /usr/bin/make -f CMakeFiles/cmTC_83a9b.dir/build.make CMakeFiles/cmTC_83a9b.dir/build
make[1]: Entering directory '/home/coral/tensorflow/tensorflow/CMakeFiles/CMakeTmp'
Building CXX object CMakeFiles/cmTC_83a9b.dir/src.cxx.o
/usr/bin/c++    -DABSL_INTERNAL_AT_LEAST_CXX17 -fPIE   -std=gnu++17 -o CMakeFiles/cmTC_83a9b.dir/src.cxx.o -c /home/coral/tensorflow/tensorflow/CMakeFiles/CMakeTmp/src.cxx
Linking CXX executable cmTC_83a9b
/usr/bin/cmake -E cmake_link_script CMakeFiles/cmTC_83a9b.dir/link.txt --verbose=1
/usr/bin/c++   -DABSL_INTERNAL_AT_LEAST_CXX17    CMakeFiles/cmTC_83a9b.dir/src.cxx.o  -o cmTC_83a9b 
make[1]: Leaving directory '/home/coral/tensorflow/tensorflow/CMakeFiles/CMakeTmp'


Source file was:
#ifdef _MSC_VER
#  if _MSVC_LANG < 201700L
#    error "The compiler defaults or is configured for C++ < 17"
#  endif
#elif __cplusplus < 201700L
#  error "The compiler defaults or is configured for C++ < 17"
#endif
int main() { return 0; }

Determining if the include file pthread.h exists passed with the following output:
Change Dir: /home/coral/tensorflow/tensorflow/CMakeFiles/CMakeTmp

Run Build Command(s):/usr/bin/make cmTC_98b57/fast && /usr/bin/make -f CMakeFiles/cmTC_98b57.dir/build.make CMakeFiles/cmTC_98b57.dir/build
make[1]: Entering directory '/home/coral/tensorflow/tensorflow/CMakeFiles/CMakeTmp'
Building C object CMakeFiles/cmTC_98b57.dir/CheckIncludeFile.c.o
/usr/bin/cc   -fPIE   -o CMakeFiles/cmTC_98b57.dir/CheckIncludeFile.c.o   -c /home/coral/tensorflow/tensorflow/CMakeFiles/CMakeTmp/CheckIncludeFile.c
Linking C executable cmTC_98b57
/usr/bin/cmake -E cmake_link_script CMakeFiles/cmTC_98b57.dir/link.txt --verbose=1
/usr/bin/cc      CMakeFiles/cmTC_98b57.dir/CheckIncludeFile.c.o  -o cmTC_98b57 
make[1]: Leaving directory '/home/coral/tensorflow/tensorflow/CMakeFiles/CMakeTmp'



Determining if the function pthread_create exists in the pthread passed with the following output:
Change Dir: /home/coral/tensorflow/tensorflow/CMakeFiles/CMakeTmp

Run Build Command(s):/usr/bin/make cmTC_90cd2/fast && /usr/bin/make -f CMakeFiles/cmTC_90cd2.dir/build.make CMakeFiles/cmTC_90cd2.dir/build
make[1]: Entering directory '/home/coral/tensorflow/tensorflow/CMakeFiles/CMakeTmp'
Building C object CMakeFiles/cmTC_90cd2.dir/CheckFunctionExists.c.o
/usr/bin/cc   -DCHECK_FUNCTION_EXISTS=pthread_create -fPIE   -o CMakeFiles/cmTC_90cd2.dir/CheckFunctionExists.c.o   -c /usr/share/cmake-3.16/Modules/CheckFunctionExists.c
Linking C executable cmTC_90cd2
/usr/bin/cmake -E cmake_link_script CMakeFiles/cmTC_90cd2.dir/link.txt --verbose=1
/usr/bin/cc  -DCHECK_FUNCTION_EXISTS=pthread_create    CMakeFiles/cmTC_90cd2.dir/CheckFunctionExists.c.o  -o cmTC_90cd2  -lpthread 
make[1]: Leaving directory '/home/coral/tensorflow/tensorflow/CMakeFiles/CMakeTmp'



Performing C++ SOURCE FILE Test standard_math_library_linked_to_automatically succeeded with the following output:
Change Dir: /home/coral/tensorflow/tensorflow/CMakeFiles/CMakeTmp

Run Build Command(s):/usr/bin/make cmTC_56a36/fast && /usr/bin/make -f CMakeFiles/cmTC_56a36.dir/build.make CMakeFiles/cmTC_56a36.dir/build
make[1]: Entering directory '/home/coral/tensorflow/tensorflow/CMakeFiles/CMakeTmp'
Building CXX object CMakeFiles/cmTC_56a36.dir/src.cxx.o
/usr/bin/c++    -Dstandard_math_library_linked_to_automatically -fPIE   -std=gnu++17 -o CMakeFiles/cmTC_56a36.dir/src.cxx.o -c /home/coral/tensorflow/tensorflow/CMakeFiles/CMakeTmp/src.cxx
Linking CXX executable cmTC_56a36
/usr/bin/cmake -E cmake_link_script CMakeFiles/cmTC_56a36.dir/link.txt --verbose=1
/usr/bin/c++   -Dstandard_math_library_linked_to_automatically    CMakeFiles/cmTC_56a36.dir/src.cxx.o  -o cmTC_56a36 
make[1]: Leaving directory '/home/coral/tensorflow/tensorflow/CMakeFiles/CMakeTmp'


Source file was:

#include<cmath>
int main(int argc, char **){
  return int(std::sin(double(argc)) + std::log(double(argc)));
}
Performing C++ SOURCE FILE Test COMPILER_SUPPORT_WERROR succeeded with the following output:
Change Dir: /home/coral/tensorflow/tensorflow/CMakeFiles/CMakeTmp

Run Build Command(s):/usr/bin/make cmTC_be70a/fast && /usr/bin/make -f CMakeFiles/cmTC_be70a.dir/build.make CMakeFiles/cmTC_be70a.dir/build
make[1]: Entering directory '/home/coral/tensorflow/tensorflow/CMakeFiles/CMakeTmp'
Building CXX object CMakeFiles/cmTC_be70a.dir/src.cxx.o
/usr/bin/c++    -DCOMPILER_SUPPORT_WERROR -fPIE   -Werror -std=gnu++17 -o CMakeFiles/cmTC_be70a.dir/src.cxx.o -c /home/coral/tensorflow/tensorflow/CMakeFiles/CMakeTmp/src.cxx
Linking CXX executable cmTC_be70a
/usr/bin/cmake -E cmake_link_script CMakeFiles/cmTC_be70a.dir/link.txt --verbose=1
/usr/bin/c++   -DCOMPILER_SUPPORT_WERROR    CMakeFiles/cmTC_be70a.dir/src.cxx.o  -o cmTC_be70a 
make[1]: Leaving directory '/home/coral/tensorflow/tensorflow/CMakeFiles/CMakeTmp'


Source file was:
int main() { return 0; }
Performing C++ SOURCE FILE Test COMPILER_SUPPORT_pedantic succeeded with the following output:
Change Dir: /home/coral/tensorflow/tensorflow/CMakeFiles/CMakeTmp

Run Build Command(s):/usr/bin/make cmTC_674fe/fast && /usr/bin/make -f CMakeFiles/cmTC_674fe.dir/build.make CMakeFiles/cmTC_674fe.dir/build
make[1]: Entering directory '/home/coral/tensorflow/tensorflow/CMakeFiles/CMakeTmp'
Building CXX object CMakeFiles/cmTC_674fe.dir/src.cxx.o
/usr/bin/c++    -DCOMPILER_SUPPORT_pedantic -Werror -fPIE   -pedantic -std=gnu++17 -o CMakeFiles/cmTC_674fe.dir/src.cxx.o -c /home/coral/tensorflow/tensorflow/CMakeFiles/CMakeTmp/src.cxx
Linking CXX executable cmTC_674fe
/usr/bin/cmake -E cmake_link_script CMakeFiles/cmTC_674fe.dir/link.txt --verbose=1
/usr/bin/c++   -DCOMPILER_SUPPORT_pedantic -Werror    CMakeFiles/cmTC_674fe.dir/src.cxx.o  -o cmTC_674fe 
make[1]: Leaving directory '/home/coral/tensorflow/tensorflow/CMakeFiles/CMakeTmp'


Source file was:
int main() { return 0; }
Performing C++ SOURCE FILE Test COMPILER_SUPPORT_Wall succeeded with the following output:
Change Dir: /home/coral/tensorflow/tensorflow/CMakeFiles/CMakeTmp

Run Build Command(s):/usr/bin/make cmTC_dc920/fast && /usr/bin/make -f CMakeFiles/cmTC_dc920.dir/build.make CMakeFiles/cmTC_dc920.dir/build
make[1]: Entering directory '/home/coral/tensorflow/tensorflow/CMakeFiles/CMakeTmp'
Building CXX object CMakeFiles/cmTC_dc920.dir/src.cxx.o
/usr/bin/c++    -pedantic -DCOMPILER_SUPPORT_Wall -Werror -fPIE   -Wall -std=gnu++17 -o CMakeFiles/cmTC_dc920.dir/src.cxx.o -c /home/coral/tensorflow/tensorflow/CMakeFiles/CMakeTmp/src.cxx
Linking CXX executable cmTC_dc920
/usr/bin/cmake -E cmake_link_script CMakeFiles/cmTC_dc920.dir/link.txt --verbose=1
/usr/bin/c++   -pedantic -DCOMPILER_SUPPORT_Wall -Werror    CMakeFiles/cmTC_dc920.dir/src.cxx.o  -o cmTC_dc920 
make[1]: Leaving directory '/home/coral/tensorflow/tensorflow/CMakeFiles/CMakeTmp'


Source file was:
int main() { return 0; }
Performing C++ SOURCE FILE Test COMPILER_SUPPORT_Wextra succeeded with the following output:
Change Dir: /home/coral/tensorflow/tensorflow/CMakeFiles/CMakeTmp

Run Build Command(s):/usr/bin/make cmTC_8aa43/fast && /usr/bin/make -f CMakeFiles/cmTC_8aa43.dir/build.make CMakeFiles/cmTC_8aa43.dir/build
make[1]: Entering directory '/home/coral/tensorflow/tensorflow/CMakeFiles/CMakeTmp'
Building CXX object CMakeFiles/cmTC_8aa43.dir/src.cxx.o
/usr/bin/c++    -pedantic -Wall -DCOMPILER_SUPPORT_Wextra -Werror -fPIE   -Wextra -std=gnu++17 -o CMakeFiles/cmTC_8aa43.dir/src.cxx.o -c /home/coral/tensorflow/tensorflow/CMakeFiles/CMakeTmp/src.cxx
Linking CXX executable cmTC_8aa43
/usr/bin/cmake -E cmake_link_script CMakeFiles/cmTC_8aa43.dir/link.txt --verbose=1
/usr/bin/c++   -pedantic -Wall -DCOMPILER_SUPPORT_Wextra -Werror    CMakeFiles/cmTC_8aa43.dir/src.cxx.o  -o cmTC_8aa43 
make[1]: Leaving directory '/home/coral/tensorflow/tensorflow/CMakeFiles/CMakeTmp'


Source file was:
int main() { return 0; }
Performing C++ SOURCE FILE Test COMPILER_SUPPORT_Wundef succeeded with the following output:
Change Dir: /home/coral/tensorflow/tensorflow/CMakeFiles/CMakeTmp

Run Build Command(s):/usr/bin/make cmTC_490ca/fast && /usr/bin/make -f CMakeFiles/cmTC_490ca.dir/build.make CMakeFiles/cmTC_490ca.dir/build
make[1]: Entering directory '/home/coral/tensorflow/tensorflow/CMakeFiles/CMakeTmp'
Building CXX object CMakeFiles/cmTC_490ca.dir/src.cxx.o
/usr/bin/c++    -pedantic -Wall -Wextra -DCOMPILER_SUPPORT_Wundef -Werror -fPIE   -Wundef -std=gnu++17 -o CMakeFiles/cmTC_490ca.dir/src.cxx.o -c /home/coral/tensorflow/tensorflow/CMakeFiles/CMakeTmp/src.cxx
Linking CXX executable cmTC_490ca
/usr/bin/cmake -E cmake_link_script CMakeFiles/cmTC_490ca.dir/link.txt --verbose=1
/usr/bin/c++   -pedantic -Wall -Wextra -DCOMPILER_SUPPORT_Wundef -Werror    CMakeFiles/cmTC_490ca.dir/src.cxx.o  -o cmTC_490ca 
make[1]: Leaving directory '/home/coral/tensorflow/tensorflow/CMakeFiles/CMakeTmp'


Source file was:
int main() { return 0; }
Performing C++ SOURCE FILE Test COMPILER_SUPPORT_Wcastalign succeeded with the following output:
Change Dir: /home/coral/tensorflow/tensorflow/CMakeFiles/CMakeTmp

Run Build Command(s):/usr/bin/make cmTC_c5e7f/fast && /usr/bin/make -f CMakeFiles/cmTC_c5e7f.dir/build.make CMakeFiles/cmTC_c5e7f.dir/build
make[1]: Entering directory '/home/coral/tensorflow/tensorflow/CMakeFiles/CMakeTmp'
Building CXX object CMakeFiles/cmTC_c5e7f.dir/src.cxx.o
/usr/bin/c++    -pedantic -Wall -Wextra -Wundef -DCOMPILER_SUPPORT_Wcastalign -Werror -fPIE   -Wcast-align -std=gnu++17 -o CMakeFiles/cmTC_c5e7f.dir/src.cxx.o -c /home/coral/tensorflow/tensorflow/CMakeFiles/CMakeTmp/src.cxx
Linking CXX executable cmTC_c5e7f
/usr/bin/cmake -E cmake_link_script CMakeFiles/cmTC_c5e7f.dir/link.txt --verbose=1
/usr/bin/c++   -pedantic -Wall -Wextra -Wundef -DCOMPILER_SUPPORT_Wcastalign -Werror    CMakeFiles/cmTC_c5e7f.dir/src.cxx.o  -o cmTC_c5e7f 
make[1]: Leaving directory '/home/coral/tensorflow/tensorflow/CMakeFiles/CMakeTmp'


Source file was:
int main() { return 0; }
Performing C++ SOURCE FILE Test COMPILER_SUPPORT_Wcharsubscripts succeeded with the following output:
Change Dir: /home/coral/tensorflow/tensorflow/CMakeFiles/CMakeTmp

Run Build Command(s):/usr/bin/make cmTC_2fd2e/fast && /usr/bin/make -f CMakeFiles/cmTC_2fd2e.dir/build.make CMakeFiles/cmTC_2fd2e.dir/build
make[1]: Entering directory '/home/coral/tensorflow/tensorflow/CMakeFiles/CMakeTmp'
Building CXX object CMakeFiles/cmTC_2fd2e.dir/src.cxx.o
/usr/bin/c++    -pedantic -Wall -Wextra -Wundef -Wcast-align -DCOMPILER_SUPPORT_Wcharsubscripts -Werror -fPIE   -Wchar-subscripts -std=gnu++17 -o CMakeFiles/cmTC_2fd2e.dir/src.cxx.o -c /home/coral/tensorflow/tensorflow/CMakeFiles/CMakeTmp/src.cxx
Linking CXX executable cmTC_2fd2e
/usr/bin/cmake -E cmake_link_script CMakeFiles/cmTC_2fd2e.dir/link.txt --verbose=1
/usr/bin/c++   -pedantic -Wall -Wextra -Wundef -Wcast-align -DCOMPILER_SUPPORT_Wcharsubscripts -Werror    CMakeFiles/cmTC_2fd2e.dir/src.cxx.o  -o cmTC_2fd2e 
make[1]: Leaving directory '/home/coral/tensorflow/tensorflow/CMakeFiles/CMakeTmp'


Source file was:
int main() { return 0; }
Performing C++ SOURCE FILE Test COMPILER_SUPPORT_Wnonvirtualdtor succeeded with the following output:
Change Dir: /home/coral/tensorflow/tensorflow/CMakeFiles/CMakeTmp

Run Build Command(s):/usr/bin/make cmTC_f0edc/fast && /usr/bin/make -f CMakeFiles/cmTC_f0edc.dir/build.make CMakeFiles/cmTC_f0edc.dir/build
make[1]: Entering directory '/home/coral/tensorflow/tensorflow/CMakeFiles/CMakeTmp'
Building CXX object CMakeFiles/cmTC_f0edc.dir/src.cxx.o
/usr/bin/c++    -pedantic -Wall -Wextra -Wundef -Wcast-align -Wchar-subscripts -DCOMPILER_SUPPORT_Wnonvirtualdtor -Werror -fPIE   -Wnon-virtual-dtor -std=gnu++17 -o CMakeFiles/cmTC_f0edc.dir/src.cxx.o -c /home/coral/tensorflow/tensorflow/CMakeFiles/CMakeTmp/src.cxx
Linking CXX executable cmTC_f0edc
/usr/bin/cmake -E cmake_link_script CMakeFiles/cmTC_f0edc.dir/link.txt --verbose=1
/usr/bin/c++   -pedantic -Wall -Wextra -Wundef -Wcast-align -Wchar-subscripts -DCOMPILER_SUPPORT_Wnonvirtualdtor -Werror    CMakeFiles/cmTC_f0edc.dir/src.cxx.o  -o cmTC_f0edc 
make[1]: Leaving directory '/home/coral/tensorflow/tensorflow/CMakeFiles/CMakeTmp'


Source file was:
int main() { return 0; }
Performing C++ SOURCE FILE Test COMPILER_SUPPORT_Wunusedlocaltypedefs succeeded with the following output:
Change Dir: /home/coral/tensorflow/tensorflow/CMakeFiles/CMakeTmp

Run Build Command(s):/usr/bin/make cmTC_1dc24/fast && /usr/bin/make -f CMakeFiles/cmTC_1dc24.dir/build.make CMakeFiles/cmTC_1dc24.dir/build
make[1]: Entering directory '/home/coral/tensorflow/tensorflow/CMakeFiles/CMakeTmp'
Building CXX object CMakeFiles/cmTC_1dc24.dir/src.cxx.o
/usr/bin/c++    -pedantic -Wall -Wextra -Wundef -Wcast-align -Wchar-subscripts -Wnon-virtual-dtor -DCOMPILER_SUPPORT_Wunusedlocaltypedefs -Werror -fPIE   -Wunused-local-typedefs -std=gnu++17 -o CMakeFiles/cmTC_1dc24.dir/src.cxx.o -c /home/coral/tensorflow/tensorflow/CMakeFiles/CMakeTmp/src.cxx
Linking CXX executable cmTC_1dc24
/usr/bin/cmake -E cmake_link_script CMakeFiles/cmTC_1dc24.dir/link.txt --verbose=1
/usr/bin/c++   -pedantic -Wall -Wextra -Wundef -Wcast-align -Wchar-subscripts -Wnon-virtual-dtor -DCOMPILER_SUPPORT_Wunusedlocaltypedefs -Werror    CMakeFiles/cmTC_1dc24.dir/src.cxx.o  -o cmTC_1dc24 
make[1]: Leaving directory '/home/coral/tensorflow/tensorflow/CMakeFiles/CMakeTmp'


Source file was:
int main() { return 0; }
Performing C++ SOURCE FILE Test COMPILER_SUPPORT_Wpointerarith succeeded with the following output:
Change Dir: /home/coral/tensorflow/tensorflow/CMakeFiles/CMakeTmp

Run Build Command(s):/usr/bin/make cmTC_faebe/fast && /usr/bin/make -f CMakeFiles/cmTC_faebe.dir/build.make CMakeFiles/cmTC_faebe.dir/build
make[1]: Entering directory '/home/coral/tensorflow/tensorflow/CMakeFiles/CMakeTmp'
Building CXX object CMakeFiles/cmTC_faebe.dir/src.cxx.o
/usr/bin/c++    -pedantic -Wall -Wextra -Wundef -Wcast-align -Wchar-subscripts -Wnon-virtual-dtor -Wunused-local-typedefs -DCOMPILER_SUPPORT_Wpointerarith -Werror -fPIE   -Wpointer-arith -std=gnu++17 -o CMakeFiles/cmTC_faebe.dir/src.cxx.o -c /home/coral/tensorflow/tensorflow/CMakeFiles/CMakeTmp/src.cxx
Linking CXX executable cmTC_faebe
/usr/bin/cmake -E cmake_link_script CMakeFiles/cmTC_faebe.dir/link.txt --verbose=1
/usr/bin/c++   -pedantic -Wall -Wextra -Wundef -Wcast-align -Wchar-subscripts -Wnon-virtual-dtor -Wunused-local-typedefs -DCOMPILER_SUPPORT_Wpointerarith -Werror    CMakeFiles/cmTC_faebe.dir/src.cxx.o  -o cmTC_faebe 
make[1]: Leaving directory '/home/coral/tensorflow/tensorflow/CMakeFiles/CMakeTmp'


Source file was:
int main() { return 0; }
Performing C++ SOURCE FILE Test COMPILER_SUPPORT_Wwritestrings succeeded with the following output:
Change Dir: /home/coral/tensorflow/tensorflow/CMakeFiles/CMakeTmp

Run Build Command(s):/usr/bin/make cmTC_02367/fast && /usr/bin/make -f CMakeFiles/cmTC_02367.dir/build.make CMakeFiles/cmTC_02367.dir/build
make[1]: Entering directory '/home/coral/tensorflow/tensorflow/CMakeFiles/CMakeTmp'
Building CXX object CMakeFiles/cmTC_02367.dir/src.cxx.o
/usr/bin/c++    -pedantic -Wall -Wextra -Wundef -Wcast-align -Wchar-subscripts -Wnon-virtual-dtor -Wunused-local-typedefs -Wpointer-arith -DCOMPILER_SUPPORT_Wwritestrings -Werror -fPIE   -Wwrite-strings -std=gnu++17 -o CMakeFiles/cmTC_02367.dir/src.cxx.o -c /home/coral/tensorflow/tensorflow/CMakeFiles/CMakeTmp/src.cxx
Linking CXX executable cmTC_02367
/usr/bin/cmake -E cmake_link_script CMakeFiles/cmTC_02367.dir/link.txt --verbose=1
/usr/bin/c++   -pedantic -Wall -Wextra -Wundef -Wcast-align -Wchar-subscripts -Wnon-virtual-dtor -Wunused-local-typedefs -Wpointer-arith -DCOMPILER_SUPPORT_Wwritestrings -Werror    CMakeFiles/cmTC_02367.dir/src.cxx.o  -o cmTC_02367 
make[1]: Leaving directory '/home/coral/tensorflow/tensorflow/CMakeFiles/CMakeTmp'


Source file was:
int main() { return 0; }
Performing C++ SOURCE FILE Test COMPILER_SUPPORT_Wformatsecurity succeeded with the following output:
Change Dir: /home/coral/tensorflow/tensorflow/CMakeFiles/CMakeTmp

Run Build Command(s):/usr/bin/make cmTC_e73b3/fast && /usr/bin/make -f CMakeFiles/cmTC_e73b3.dir/build.make CMakeFiles/cmTC_e73b3.dir/build
make[1]: Entering directory '/home/coral/tensorflow/tensorflow/CMakeFiles/CMakeTmp'
Building CXX object CMakeFiles/cmTC_e73b3.dir/src.cxx.o
/usr/bin/c++    -pedantic -Wall -Wextra -Wundef -Wcast-align -Wchar-subscripts -Wnon-virtual-dtor -Wunused-local-typedefs -Wpointer-arith -Wwrite-strings -DCOMPILER_SUPPORT_Wformatsecurity -Werror -fPIE   -Wformat-security -std=gnu++17 -o CMakeFiles/cmTC_e73b3.dir/src.cxx.o -c /home/coral/tensorflow/tensorflow/CMakeFiles/CMakeTmp/src.cxx
Linking CXX executable cmTC_e73b3
/usr/bin/cmake -E cmake_link_script CMakeFiles/cmTC_e73b3.dir/link.txt --verbose=1
/usr/bin/c++   -pedantic -Wall -Wextra -Wundef -Wcast-align -Wchar-subscripts -Wnon-virtual-dtor -Wunused-local-typedefs -Wpointer-arith -Wwrite-strings -DCOMPILER_SUPPORT_Wformatsecurity -Werror    CMakeFiles/cmTC_e73b3.dir/src.cxx.o  -o cmTC_e73b3 
make[1]: Leaving directory '/home/coral/tensorflow/tensorflow/CMakeFiles/CMakeTmp'


Source file was:
int main() { return 0; }
Performing C++ SOURCE FILE Test COMPILER_SUPPORT_Wlogicalop succeeded with the following output:
Change Dir: /home/coral/tensorflow/tensorflow/CMakeFiles/CMakeTmp

Run Build Command(s):/usr/bin/make cmTC_c1742/fast && /usr/bin/make -f CMakeFiles/cmTC_c1742.dir/build.make CMakeFiles/cmTC_c1742.dir/build
make[1]: Entering directory '/home/coral/tensorflow/tensorflow/CMakeFiles/CMakeTmp'
Building CXX object CMakeFiles/cmTC_c1742.dir/src.cxx.o
/usr/bin/c++    -pedantic -Wall -Wextra -Wundef -Wcast-align -Wchar-subscripts -Wnon-virtual-dtor -Wunused-local-typedefs -Wpointer-arith -Wwrite-strings -Wformat-security -DCOMPILER_SUPPORT_Wlogicalop -Werror -fPIE   -Wlogical-op -std=gnu++17 -o CMakeFiles/cmTC_c1742.dir/src.cxx.o -c /home/coral/tensorflow/tensorflow/CMakeFiles/CMakeTmp/src.cxx
Linking CXX executable cmTC_c1742
/usr/bin/cmake -E cmake_link_script CMakeFiles/cmTC_c1742.dir/link.txt --verbose=1
/usr/bin/c++   -pedantic -Wall -Wextra -Wundef -Wcast-align -Wchar-subscripts -Wnon-virtual-dtor -Wunused-local-typedefs -Wpointer-arith -Wwrite-strings -Wformat-security -DCOMPILER_SUPPORT_Wlogicalop -Werror    CMakeFiles/cmTC_c1742.dir/src.cxx.o  -o cmTC_c1742 
make[1]: Leaving directory '/home/coral/tensorflow/tensorflow/CMakeFiles/CMakeTmp'


Source file was:
int main() { return 0; }
Performing C++ SOURCE FILE Test COMPILER_SUPPORT_Wdoublepromotion succeeded with the following output:
Change Dir: /home/coral/tensorflow/tensorflow/CMakeFiles/CMakeTmp

Run Build Command(s):/usr/bin/make cmTC_41dcd/fast && /usr/bin/make -f CMakeFiles/cmTC_41dcd.dir/build.make CMakeFiles/cmTC_41dcd.dir/build
make[1]: Entering directory '/home/coral/tensorflow/tensorflow/CMakeFiles/CMakeTmp'
Building CXX object CMakeFiles/cmTC_41dcd.dir/src.cxx.o
/usr/bin/c++    -pedantic -Wall -Wextra -Wundef -Wcast-align -Wchar-subscripts -Wnon-virtual-dtor -Wunused-local-typedefs -Wpointer-arith -Wwrite-strings -Wformat-security -Wlogical-op -DCOMPILER_SUPPORT_Wdoublepromotion -Werror -fPIE   -Wdouble-promotion -std=gnu++17 -o CMakeFiles/cmTC_41dcd.dir/src.cxx.o -c /home/coral/tensorflow/tensorflow/CMakeFiles/CMakeTmp/src.cxx
Linking CXX executable cmTC_41dcd
/usr/bin/cmake -E cmake_link_script CMakeFiles/cmTC_41dcd.dir/link.txt --verbose=1
/usr/bin/c++   -pedantic -Wall -Wextra -Wundef -Wcast-align -Wchar-subscripts -Wnon-virtual-dtor -Wunused-local-typedefs -Wpointer-arith -Wwrite-strings -Wformat-security -Wlogical-op -DCOMPILER_SUPPORT_Wdoublepromotion -Werror    CMakeFiles/cmTC_41dcd.dir/src.cxx.o  -o cmTC_41dcd 
make[1]: Leaving directory '/home/coral/tensorflow/tensorflow/CMakeFiles/CMakeTmp'


Source file was:
int main() { return 0; }
Performing C++ SOURCE FILE Test COMPILER_SUPPORT_Wshadow succeeded with the following output:
Change Dir: /home/coral/tensorflow/tensorflow/CMakeFiles/CMakeTmp

Run Build Command(s):/usr/bin/make cmTC_4f62e/fast && /usr/bin/make -f CMakeFiles/cmTC_4f62e.dir/build.make CMakeFiles/cmTC_4f62e.dir/build
make[1]: Entering directory '/home/coral/tensorflow/tensorflow/CMakeFiles/CMakeTmp'
Building CXX object CMakeFiles/cmTC_4f62e.dir/src.cxx.o
/usr/bin/c++    -pedantic -Wall -Wextra -Wundef -Wcast-align -Wchar-subscripts -Wnon-virtual-dtor -Wunused-local-typedefs -Wpointer-arith -Wwrite-strings -Wformat-security -Wlogical-op -Wdouble-promotion -DCOMPILER_SUPPORT_Wshadow -Werror -fPIE   -Wshadow -std=gnu++17 -o CMakeFiles/cmTC_4f62e.dir/src.cxx.o -c /home/coral/tensorflow/tensorflow/CMakeFiles/CMakeTmp/src.cxx
Linking CXX executable cmTC_4f62e
/usr/bin/cmake -E cmake_link_script CMakeFiles/cmTC_4f62e.dir/link.txt --verbose=1
/usr/bin/c++   -pedantic -Wall -Wextra -Wundef -Wcast-align -Wchar-subscripts -Wnon-virtual-dtor -Wunused-local-typedefs -Wpointer-arith -Wwrite-strings -Wformat-security -Wlogical-op -Wdouble-promotion -DCOMPILER_SUPPORT_Wshadow -Werror    CMakeFiles/cmTC_4f62e.dir/src.cxx.o  -o cmTC_4f62e 
make[1]: Leaving directory '/home/coral/tensorflow/tensorflow/CMakeFiles/CMakeTmp'


Source file was:
int main() { return 0; }
Performing C++ SOURCE FILE Test COMPILER_SUPPORT_Wnopsabi succeeded with the following output:
Change Dir: /home/coral/tensorflow/tensorflow/CMakeFiles/CMakeTmp

Run Build Command(s):/usr/bin/make cmTC_7fb23/fast && /usr/bin/make -f CMakeFiles/cmTC_7fb23.dir/build.make CMakeFiles/cmTC_7fb23.dir/build
make[1]: Entering directory '/home/coral/tensorflow/tensorflow/CMakeFiles/CMakeTmp'
Building CXX object CMakeFiles/cmTC_7fb23.dir/src.cxx.o
/usr/bin/c++    -pedantic -Wall -Wextra -Wundef -Wcast-align -Wchar-subscripts -Wnon-virtual-dtor -Wunused-local-typedefs -Wpointer-arith -Wwrite-strings -Wformat-security -Wlogical-op -Wdouble-promotion -Wshadow -DCOMPILER_SUPPORT_Wnopsabi -Werror -fPIE   -Wno-psabi -std=gnu++17 -o CMakeFiles/cmTC_7fb23.dir/src.cxx.o -c /home/coral/tensorflow/tensorflow/CMakeFiles/CMakeTmp/src.cxx
Linking CXX executable cmTC_7fb23
/usr/bin/cmake -E cmake_link_script CMakeFiles/cmTC_7fb23.dir/link.txt --verbose=1
/usr/bin/c++   -pedantic -Wall -Wextra -Wundef -Wcast-align -Wchar-subscripts -Wnon-virtual-dtor -Wunused-local-typedefs -Wpointer-arith -Wwrite-strings -Wformat-security -Wlogical-op -Wdouble-promotion -Wshadow -DCOMPILER_SUPPORT_Wnopsabi -Werror    CMakeFiles/cmTC_7fb23.dir/src.cxx.o  -o cmTC_7fb23 
make[1]: Leaving directory '/home/coral/tensorflow/tensorflow/CMakeFiles/CMakeTmp'


Source file was:
int main() { return 0; }
Performing C++ SOURCE FILE Test COMPILER_SUPPORT_Wnovariadicmacros succeeded with the following output:
Change Dir: /home/coral/tensorflow/tensorflow/CMakeFiles/CMakeTmp

Run Build Command(s):/usr/bin/make cmTC_d32fb/fast && /usr/bin/make -f CMakeFiles/cmTC_d32fb.dir/build.make CMakeFiles/cmTC_d32fb.dir/build
make[1]: Entering directory '/home/coral/tensorflow/tensorflow/CMakeFiles/CMakeTmp'
Building CXX object CMakeFiles/cmTC_d32fb.dir/src.cxx.o
/usr/bin/c++    -pedantic -Wall -Wextra -Wundef -Wcast-align -Wchar-subscripts -Wnon-virtual-dtor -Wunused-local-typedefs -Wpointer-arith -Wwrite-strings -Wformat-security -Wlogical-op -Wdouble-promotion -Wshadow -Wno-psabi -DCOMPILER_SUPPORT_Wnovariadicmacros -Werror -fPIE   -Wno-variadic-macros -std=gnu++17 -o CMakeFiles/cmTC_d32fb.dir/src.cxx.o -c /home/coral/tensorflow/tensorflow/CMakeFiles/CMakeTmp/src.cxx
Linking CXX executable cmTC_d32fb
/usr/bin/cmake -E cmake_link_script CMakeFiles/cmTC_d32fb.dir/link.txt --verbose=1
/usr/bin/c++   -pedantic -Wall -Wextra -Wundef -Wcast-align -Wchar-subscripts -Wnon-virtual-dtor -Wunused-local-typedefs -Wpointer-arith -Wwrite-strings -Wformat-security -Wlogical-op -Wdouble-promotion -Wshadow -Wno-psabi -DCOMPILER_SUPPORT_Wnovariadicmacros -Werror    CMakeFiles/cmTC_d32fb.dir/src.cxx.o  -o cmTC_d32fb 
make[1]: Leaving directory '/home/coral/tensorflow/tensorflow/CMakeFiles/CMakeTmp'


Source file was:
int main() { return 0; }
Performing C++ SOURCE FILE Test COMPILER_SUPPORT_Wnolonglong succeeded with the following output:
Change Dir: /home/coral/tensorflow/tensorflow/CMakeFiles/CMakeTmp

Run Build Command(s):/usr/bin/make cmTC_f308d/fast && /usr/bin/make -f CMakeFiles/cmTC_f308d.dir/build.make CMakeFiles/cmTC_f308d.dir/build
make[1]: Entering directory '/home/coral/tensorflow/tensorflow/CMakeFiles/CMakeTmp'
Building CXX object CMakeFiles/cmTC_f308d.dir/src.cxx.o
/usr/bin/c++    -pedantic -Wall -Wextra -Wundef -Wcast-align -Wchar-subscripts -Wnon-virtual-dtor -Wunused-local-typedefs -Wpointer-arith -Wwrite-strings -Wformat-security -Wlogical-op -Wdouble-promotion -Wshadow -Wno-psabi -Wno-variadic-macros -DCOMPILER_SUPPORT_Wnolonglong -Werror -fPIE   -Wno-long-long -std=gnu++17 -o CMakeFiles/cmTC_f308d.dir/src.cxx.o -c /home/coral/tensorflow/tensorflow/CMakeFiles/CMakeTmp/src.cxx
Linking CXX executable cmTC_f308d
/usr/bin/cmake -E cmake_link_script CMakeFiles/cmTC_f308d.dir/link.txt --verbose=1
/usr/bin/c++   -pedantic -Wall -Wextra -Wundef -Wcast-align -Wchar-subscripts -Wnon-virtual-dtor -Wunused-local-typedefs -Wpointer-arith -Wwrite-strings -Wformat-security -Wlogical-op -Wdouble-promotion -Wshadow -Wno-psabi -Wno-variadic-macros -DCOMPILER_SUPPORT_Wnolonglong -Werror    CMakeFiles/cmTC_f308d.dir/src.cxx.o  -o cmTC_f308d 
make[1]: Leaving directory '/home/coral/tensorflow/tensorflow/CMakeFiles/CMakeTmp'


Source file was:
int main() { return 0; }
Performing C++ SOURCE FILE Test COMPILER_SUPPORT_fnochecknew succeeded with the following output:
Change Dir: /home/coral/tensorflow/tensorflow/CMakeFiles/CMakeTmp

Run Build Command(s):/usr/bin/make cmTC_13801/fast && /usr/bin/make -f CMakeFiles/cmTC_13801.dir/build.make CMakeFiles/cmTC_13801.dir/build
make[1]: Entering directory '/home/coral/tensorflow/tensorflow/CMakeFiles/CMakeTmp'
Building CXX object CMakeFiles/cmTC_13801.dir/src.cxx.o
/usr/bin/c++    -pedantic -Wall -Wextra -Wundef -Wcast-align -Wchar-subscripts -Wnon-virtual-dtor -Wunused-local-typedefs -Wpointer-arith -Wwrite-strings -Wformat-security -Wlogical-op -Wdouble-promotion -Wshadow -Wno-psabi -Wno-variadic-macros -Wno-long-long -DCOMPILER_SUPPORT_fnochecknew -Werror -fPIE   -fno-check-new -std=gnu++17 -o CMakeFiles/cmTC_13801.dir/src.cxx.o -c /home/coral/tensorflow/tensorflow/CMakeFiles/CMakeTmp/src.cxx
Linking CXX executable cmTC_13801
/usr/bin/cmake -E cmake_link_script CMakeFiles/cmTC_13801.dir/link.txt --verbose=1
/usr/bin/c++   -pedantic -Wall -Wextra -Wundef -Wcast-align -Wchar-subscripts -Wnon-virtual-dtor -Wunused-local-typedefs -Wpointer-arith -Wwrite-strings -Wformat-security -Wlogical-op -Wdouble-promotion -Wshadow -Wno-psabi -Wno-variadic-macros -Wno-long-long -DCOMPILER_SUPPORT_fnochecknew -Werror    CMakeFiles/cmTC_13801.dir/src.cxx.o  -o cmTC_13801 
make[1]: Leaving directory '/home/coral/tensorflow/tensorflow/CMakeFiles/CMakeTmp'


Source file was:
int main() { return 0; }
Performing C++ SOURCE FILE Test COMPILER_SUPPORT_fnocommon succeeded with the following output:
Change Dir: /home/coral/tensorflow/tensorflow/CMakeFiles/CMakeTmp

Run Build Command(s):/usr/bin/make cmTC_8b5b8/fast && /usr/bin/make -f CMakeFiles/cmTC_8b5b8.dir/build.make CMakeFiles/cmTC_8b5b8.dir/build
make[1]: Entering directory '/home/coral/tensorflow/tensorflow/CMakeFiles/CMakeTmp'
Building CXX object CMakeFiles/cmTC_8b5b8.dir/src.cxx.o
/usr/bin/c++    -pedantic -Wall -Wextra -Wundef -Wcast-align -Wchar-subscripts -Wnon-virtual-dtor -Wunused-local-typedefs -Wpointer-arith -Wwrite-strings -Wformat-security -Wlogical-op -Wdouble-promotion -Wshadow -Wno-psabi -Wno-variadic-macros -Wno-long-long -fno-check-new -DCOMPILER_SUPPORT_fnocommon -Werror -fPIE   -fno-common -std=gnu++17 -o CMakeFiles/cmTC_8b5b8.dir/src.cxx.o -c /home/coral/tensorflow/tensorflow/CMakeFiles/CMakeTmp/src.cxx
Linking CXX executable cmTC_8b5b8
/usr/bin/cmake -E cmake_link_script CMakeFiles/cmTC_8b5b8.dir/link.txt --verbose=1
/usr/bin/c++   -pedantic -Wall -Wextra -Wundef -Wcast-align -Wchar-subscripts -Wnon-virtual-dtor -Wunused-local-typedefs -Wpointer-arith -Wwrite-strings -Wformat-security -Wlogical-op -Wdouble-promotion -Wshadow -Wno-psabi -Wno-variadic-macros -Wno-long-long -fno-check-new -DCOMPILER_SUPPORT_fnocommon -Werror    CMakeFiles/cmTC_8b5b8.dir/src.cxx.o  -o cmTC_8b5b8 
make[1]: Leaving directory '/home/coral/tensorflow/tensorflow/CMakeFiles/CMakeTmp'


Source file was:
int main() { return 0; }
Performing C++ SOURCE FILE Test COMPILER_SUPPORT_fstrictaliasing succeeded with the following output:
Change Dir: /home/coral/tensorflow/tensorflow/CMakeFiles/CMakeTmp

Run Build Command(s):/usr/bin/make cmTC_47d50/fast && /usr/bin/make -f CMakeFiles/cmTC_47d50.dir/build.make CMakeFiles/cmTC_47d50.dir/build
make[1]: Entering directory '/home/coral/tensorflow/tensorflow/CMakeFiles/CMakeTmp'
Building CXX object CMakeFiles/cmTC_47d50.dir/src.cxx.o
/usr/bin/c++    -pedantic -Wall -Wextra -Wundef -Wcast-align -Wchar-subscripts -Wnon-virtual-dtor -Wunused-local-typedefs -Wpointer-arith -Wwrite-strings -Wformat-security -Wlogical-op -Wdouble-promotion -Wshadow -Wno-psabi -Wno-variadic-macros -Wno-long-long -fno-check-new -fno-common -DCOMPILER_SUPPORT_fstrictaliasing -Werror -fPIE   -fstrict-aliasing -std=gnu++17 -o CMakeFiles/cmTC_47d50.dir/src.cxx.o -c /home/coral/tensorflow/tensorflow/CMakeFiles/CMakeTmp/src.cxx
Linking CXX executable cmTC_47d50
/usr/bin/cmake -E cmake_link_script CMakeFiles/cmTC_47d50.dir/link.txt --verbose=1
/usr/bin/c++   -pedantic -Wall -Wextra -Wundef -Wcast-align -Wchar-subscripts -Wnon-virtual-dtor -Wunused-local-typedefs -Wpointer-arith -Wwrite-strings -Wformat-security -Wlogical-op -Wdouble-promotion -Wshadow -Wno-psabi -Wno-variadic-macros -Wno-long-long -fno-check-new -fno-common -DCOMPILER_SUPPORT_fstrictaliasing -Werror    CMakeFiles/cmTC_47d50.dir/src.cxx.o  -o cmTC_47d50 
make[1]: Leaving directory '/home/coral/tensorflow/tensorflow/CMakeFiles/CMakeTmp'


Source file was:
int main() { return 0; }
Performing C++ SOURCE FILE Test COMPILER_SUPPORT_OPENMP succeeded with the following output:
Change Dir: /home/coral/tensorflow/tensorflow/CMakeFiles/CMakeTmp

Run Build Command(s):/usr/bin/make cmTC_94758/fast && /usr/bin/make -f CMakeFiles/cmTC_94758.dir/build.make CMakeFiles/cmTC_94758.dir/build
make[1]: Entering directory '/home/coral/tensorflow/tensorflow/CMakeFiles/CMakeTmp'
Building CXX object CMakeFiles/cmTC_94758.dir/src.cxx.o
/usr/bin/c++    -pedantic -Wall -Wextra -Wundef -Wcast-align -Wchar-subscripts -Wnon-virtual-dtor -Wunused-local-typedefs -Wpointer-arith -Wwrite-strings -Wformat-security -Wlogical-op -Wdouble-promotion -Wshadow -Wno-psabi -Wno-variadic-macros -Wno-long-long -fno-check-new -fno-common -fstrict-aliasing -DCOMPILER_SUPPORT_OPENMP -fPIE   -fopenmp -std=gnu++17 -o CMakeFiles/cmTC_94758.dir/src.cxx.o -c /home/coral/tensorflow/tensorflow/CMakeFiles/CMakeTmp/src.cxx
Linking CXX executable cmTC_94758
/usr/bin/cmake -E cmake_link_script CMakeFiles/cmTC_94758.dir/link.txt --verbose=1
/usr/bin/c++   -pedantic -Wall -Wextra -Wundef -Wcast-align -Wchar-subscripts -Wnon-virtual-dtor -Wunused-local-typedefs -Wpointer-arith -Wwrite-strings -Wformat-security -Wlogical-op -Wdouble-promotion -Wshadow -Wno-psabi -Wno-variadic-macros -Wno-long-long -fno-check-new -fno-common -fstrict-aliasing -DCOMPILER_SUPPORT_OPENMP    CMakeFiles/cmTC_94758.dir/src.cxx.o  -o cmTC_94758 
make[1]: Leaving directory '/home/coral/tensorflow/tensorflow/CMakeFiles/CMakeTmp'


Source file was:
int main() { return 0; }
Performing C++ SOURCE FILE Test FARMHASH_HAS_BUILTIN_EXPECT succeeded with the following output:
Change Dir: /home/coral/tensorflow/tensorflow/CMakeFiles/CMakeTmp

Run Build Command(s):/usr/bin/make cmTC_e0983/fast && /usr/bin/make -f CMakeFiles/cmTC_e0983.dir/build.make CMakeFiles/cmTC_e0983.dir/build
make[1]: Entering directory '/home/coral/tensorflow/tensorflow/CMakeFiles/CMakeTmp'
Building CXX object CMakeFiles/cmTC_e0983.dir/src.cxx.o
/usr/bin/c++    -DFARMHASH_HAS_BUILTIN_EXPECT -fPIE   -std=gnu++17 -o CMakeFiles/cmTC_e0983.dir/src.cxx.o -c /home/coral/tensorflow/tensorflow/CMakeFiles/CMakeTmp/src.cxx
Linking CXX executable cmTC_e0983
/usr/bin/cmake -E cmake_link_script CMakeFiles/cmTC_e0983.dir/link.txt --verbose=1
/usr/bin/c++   -DFARMHASH_HAS_BUILTIN_EXPECT    CMakeFiles/cmTC_e0983.dir/src.cxx.o  -o cmTC_e0983 
make[1]: Leaving directory '/home/coral/tensorflow/tensorflow/CMakeFiles/CMakeTmp'


Source file was:
int main(int argc, char* argv[]) { return (int)__builtin_expect(0, 0); }
Determining if the strtof_l exist passed with the following output:
Change Dir: /home/coral/tensorflow/tensorflow/CMakeFiles/CMakeTmp

Run Build Command(s):/usr/bin/make cmTC_9d877/fast && /usr/bin/make -f CMakeFiles/cmTC_9d877.dir/build.make CMakeFiles/cmTC_9d877.dir/build
make[1]: Entering directory '/home/coral/tensorflow/tensorflow/CMakeFiles/CMakeTmp'
Building CXX object CMakeFiles/cmTC_9d877.dir/CheckSymbolExists.cxx.o
/usr/bin/c++    -fPIE   -std=gnu++17 -o CMakeFiles/cmTC_9d877.dir/CheckSymbolExists.cxx.o -c /home/coral/tensorflow/tensorflow/CMakeFiles/CMakeTmp/CheckSymbolExists.cxx
Linking CXX executable cmTC_9d877
/usr/bin/cmake -E cmake_link_script CMakeFiles/cmTC_9d877.dir/link.txt --verbose=1
/usr/bin/c++       CMakeFiles/cmTC_9d877.dir/CheckSymbolExists.cxx.o  -o cmTC_9d877 
make[1]: Leaving directory '/home/coral/tensorflow/tensorflow/CMakeFiles/CMakeTmp'


File /home/coral/tensorflow/tensorflow/CMakeFiles/CMakeTmp/CheckSymbolExists.cxx:
/* */
#include <stdlib.h>

int main(int argc, char** argv)
{
  (void)argv;
#ifndef strtof_l
  return ((int*)(&strtof_l))[argc];
#else
  (void)argc;
  return 0;
#endif
}
Determining if the strtoull_l exist passed with the following output:
Change Dir: /home/coral/tensorflow/tensorflow/CMakeFiles/CMakeTmp

Run Build Command(s):/usr/bin/make cmTC_d2a5e/fast && /usr/bin/make -f CMakeFiles/cmTC_d2a5e.dir/build.make CMakeFiles/cmTC_d2a5e.dir/build
make[1]: Entering directory '/home/coral/tensorflow/tensorflow/CMakeFiles/CMakeTmp'
Building CXX object CMakeFiles/cmTC_d2a5e.dir/CheckSymbolExists.cxx.o
/usr/bin/c++    -fPIE   -std=gnu++17 -o CMakeFiles/cmTC_d2a5e.dir/CheckSymbolExists.cxx.o -c /home/coral/tensorflow/tensorflow/CMakeFiles/CMakeTmp/CheckSymbolExists.cxx
Linking CXX executable cmTC_d2a5e
/usr/bin/cmake -E cmake_link_script CMakeFiles/cmTC_d2a5e.dir/link.txt --verbose=1
/usr/bin/c++       CMakeFiles/cmTC_d2a5e.dir/CheckSymbolExists.cxx.o  -o cmTC_d2a5e 
make[1]: Leaving directory '/home/coral/tensorflow/tensorflow/CMakeFiles/CMakeTmp'


File /home/coral/tensorflow/tensorflow/CMakeFiles/CMakeTmp/CheckSymbolExists.cxx:
/* */
#include <stdlib.h>

int main(int argc, char** argv)
{
  (void)argv;
#ifndef strtoull_l
  return ((int*)(&strtoull_l))[argc];
#else
  (void)argc;
  return 0;
#endif
}
Determining if the realpath exist passed with the following output:
Change Dir: /home/coral/tensorflow/tensorflow/CMakeFiles/CMakeTmp

Run Build Command(s):/usr/bin/make cmTC_76b1f/fast && /usr/bin/make -f CMakeFiles/cmTC_76b1f.dir/build.make CMakeFiles/cmTC_76b1f.dir/build
make[1]: Entering directory '/home/coral/tensorflow/tensorflow/CMakeFiles/CMakeTmp'
Building C object CMakeFiles/cmTC_76b1f.dir/CheckSymbolExists.c.o
/usr/bin/cc   -fPIE   -o CMakeFiles/cmTC_76b1f.dir/CheckSymbolExists.c.o   -c /home/coral/tensorflow/tensorflow/CMakeFiles/CMakeTmp/CheckSymbolExists.c
Linking C executable cmTC_76b1f
/usr/bin/cmake -E cmake_link_script CMakeFiles/cmTC_76b1f.dir/link.txt --verbose=1
/usr/bin/cc      CMakeFiles/cmTC_76b1f.dir/CheckSymbolExists.c.o  -o cmTC_76b1f 
make[1]: Leaving directory '/home/coral/tensorflow/tensorflow/CMakeFiles/CMakeTmp'


File /home/coral/tensorflow/tensorflow/CMakeFiles/CMakeTmp/CheckSymbolExists.c:
/* */
#include <stdlib.h>

int main(int argc, char** argv)
{
  (void)argv;
#ifndef realpath
  return ((int*)(&realpath))[argc];
#else
  (void)argc;
  return 0;
#endif
}
Checking whether the ASM compiler is GNU using "--version" matched "(GNU assembler)|(GCC)|(Free Software Foundation)":
cc (Ubuntu 9.4.0-1ubuntu1~20.04.2) 9.4.0
Copyright (C) 2019 Free Software Foundation, Inc.
This is free software; see the source for copying conditions.  There is NO
warranty; not even for MERCHANTABILITY or FITNESS FOR A PARTICULAR PURPOSE.

