The system is: Linux - 5.4.0-177-generic - x86_64
Compiling the C compiler identification source file "CMakeCCompilerId.c" succeeded.
Compiler: /usr/bin/cc 
Build flags: 
Id flags:  

The output was:
0


Compilation of the C compiler identification source "CMakeCCompilerId.c" produced "a.out"

The C compiler identification is GNU, found in "/home/coral/tensorflow/tensorflow/lite/CMakeFiles/3.16.3/CompilerIdC/a.out"

Compiling the CXX compiler identification source file "CMakeCXXCompilerId.cpp" succeeded.
Compiler: /usr/bin/c++ 
Build flags: 
Id flags:  

The output was:
0


Compilation of the CXX compiler identification source "CMakeCXXCompilerId.cpp" produced "a.out"

The CXX compiler identification is GNU, found in "/home/coral/tensorflow/tensorflow/lite/CMakeFiles/3.16.3/CompilerIdCXX/a.out"

Determining if the C compiler works passed with the following output:
Change Dir: /home/coral/tensorflow/tensorflow/lite/CMakeFiles/CMakeTmp

Run Build Command(s):/usr/bin/make cmTC_522a0/fast && /usr/bin/make -f CMakeFiles/cmTC_522a0.dir/build.make CMakeFiles/cmTC_522a0.dir/build
make[1]: Entering directory '/home/coral/tensorflow/tensorflow/lite/CMakeFiles/CMakeTmp'
Building C object CMakeFiles/cmTC_522a0.dir/testCCompiler.c.o
/usr/bin/cc    -o CMakeFiles/cmTC_522a0.dir/testCCompiler.c.o   -c /home/coral/tensorflow/tensorflow/lite/CMakeFiles/CMakeTmp/testCCompiler.c
Linking C executable cmTC_522a0
/usr/bin/cmake -E cmake_link_script CMakeFiles/cmTC_522a0.dir/link.txt --verbose=1
/usr/bin/cc      CMakeFiles/cmTC_522a0.dir/testCCompiler.c.o  -o cmTC_522a0 
make[1]: Leaving directory '/home/coral/tensorflow/tensorflow/lite/CMakeFiles/CMakeTmp'



Detecting C compiler ABI info compiled with the following output:
Change Dir: /home/coral/tensorflow/tensorflow/lite/CMakeFiles/CMakeTmp

Run Build Command(s):/usr/bin/make cmTC_77225/fast && /usr/bin/make -f CMakeFiles/cmTC_77225.dir/build.make CMakeFiles/cmTC_77225.dir/build
make[1]: Entering directory '/home/coral/tensorflow/tensorflow/lite/CMakeFiles/CMakeTmp'
Building C object CMakeFiles/cmTC_77225.dir/CMakeCCompilerABI.c.o
/usr/bin/cc   -v -o CMakeFiles/cmTC_77225.dir/CMakeCCompilerABI.c.o   -c /usr/share/cmake-3.16/Modules/CMakeCCompilerABI.c
Using built-in specs.
COLLECT_GCC=/usr/bin/cc
OFFLOAD_TARGET_NAMES=nvptx-none:hsa
OFFLOAD_TARGET_DEFAULT=1
Target: x86_64-linux-gnu
Configured with: ../src/configure -v --with-pkgversion='Ubuntu 9.4.0-1ubuntu1~20.04.2' --with-bugurl=file:///usr/share/doc/gcc-9/README.Bugs --enable-languages=c,ada,c++,go,brig,d,fortran,objc,obj-c++,gm2 --prefix=/usr --with-gcc-major-version-only --program-suffix=-9 --program-prefix=x86_64-linux-gnu- --enable-shared --enable-linker-build-id --libexecdir=/usr/lib --without-included-gettext --enable-threads=posix --libdir=/usr/lib --enable-nls --enable-clocale=gnu --enable-libstdcxx-debug --enable-libstdcxx-time=yes --with-default-libstdcxx-abi=new --enable-gnu-unique-object --disable-vtable-verify --enable-plugin --enable-default-pie --with-system-zlib --with-target-system-zlib=auto --enable-objc-gc=auto --enable-multiarch --disable-werror --with-arch-32=i686 --with-abi=m64 --with-multilib-list=m32,m64,mx32 --enable-multilib --with-tune=generic --enable-offload-targets=nvptx-none=/build/gcc-9-9QDOt0/gcc-9-9.4.0/debian/tmp-nvptx/usr,hsa --without-cuda-driver --enable-checking=release --build=x86_64-linux-gnu --host=x86_64-linux-gnu --target=x86_64-linux-gnu
Thread model: posix
gcc version 9.4.0 (Ubuntu 9.4.0-1ubuntu1~20.04.2) 
COLLECT_GCC_OPTIONS='-v' '-o' 'CMakeFiles/cmTC_77225.dir/CMakeCCompilerABI.c.o' '-c' '-mtune=generic' '-march=x86-64'
 /usr/lib/gcc/x86_64-linux-gnu/9/cc1 -quiet -v -imultiarch x86_64-linux-gnu /usr/share/cmake-3.16/Modules/CMakeCCompilerABI.c -quiet -dumpbase CMakeCCompilerABI.c -mtune=generic -march=x86-64 -auxbase-strip CMakeFiles/cmTC_77225.dir/CMakeCCompilerABI.c.o -version -fasynchronous-unwind-tables -fstack-protector-strong -Wformat -Wformat-security -fstack-clash-protection -fcf-protection -o /tmp/ccHxIrOF.s
GNU C17 (Ubuntu 9.4.0-1ubuntu1~20.04.2) version 9.4.0 (x86_64-linux-gnu)
	compiled by GNU C version 9.4.0, GMP version 6.2.0, MPFR version 4.0.2, MPC version 1.1.0, isl version isl-0.22.1-GMP

GGC heuristics: --param ggc-min-expand=100 --param ggc-min-heapsize=131072
ignoring nonexistent directory "/usr/local/include/x86_64-linux-gnu"
ignoring nonexistent directory "/usr/lib/gcc/x86_64-linux-gnu/9/include-fixed"
ignoring nonexistent directory "/usr/lib/gcc/x86_64-linux-gnu/9/../../../../x86_64-linux-gnu/include"
#include "..." search starts here:
#include <...> search starts here:
 /usr/lib/gcc/x86_64-linux-gnu/9/include
 /usr/local/include
 /usr/include/x86_64-linux-gnu
 /usr/include
End of search list.
GNU C17 (Ubuntu 9.4.0-1ubuntu1~20.04.2) version 9.4.0 (x86_64-linux-gnu)
	compiled by GNU C version 9.4.0, GMP version 6.2.0, MPFR version 4.0.2, MPC version 1.1.0, isl version isl-0.22.1-GMP

GGC heuristics: --param ggc-min-expand=100 --param ggc-min-heapsize=131072
Compiler executable checksum: 01da938ff5dc2163489aa33cb3b747a7
COLLECT_GCC_OPTIONS='-v' '-o' 'CMakeFiles/cmTC_77225.dir/CMakeCCompilerABI.c.o' '-c' '-mtune=generic' '-march=x86-64'
 as -v --64 -o CMakeFiles/cmTC_77225.dir/CMakeCCompilerABI.c.o /tmp/ccHxIrOF.s
GNU assembler version 2.34 (x86_64-linux-gnu) using BFD version (GNU Binutils for Ubuntu) 2.34
COMPILER_PATH=/usr/lib/gcc/x86_64-linux-gnu/9/:/usr/lib/gcc/x86_64-linux-gnu/9/:/usr/lib/gcc/x86_64-linux-gnu/:/usr/lib/gcc/x86_64-linux-gnu/9/:/usr/lib/gcc/x86_64-linux-gnu/
LIBRARY_PATH=/usr/lib/gcc/x86_64-linux-gnu/9/:/usr/lib/gcc/x86_64-linux-gnu/9/../../../x86_64-linux-gnu/:/usr/lib/gcc/x86_64-linux-gnu/9/../../../../lib/:/lib/x86_64-linux-gnu/:/lib/../lib/:/usr/lib/x86_64-linux-gnu/:/usr/lib/../lib/:/usr/lib/gcc/x86_64-linux-gnu/9/../../../:/lib/:/usr/lib/
COLLECT_GCC_OPTIONS='-v' '-o' 'CMakeFiles/cmTC_77225.dir/CMakeCCompilerABI.c.o' '-c' '-mtune=generic' '-march=x86-64'
Linking C executable cmTC_77225
/usr/bin/cmake -E cmake_link_script CMakeFiles/cmTC_77225.dir/link.txt --verbose=1
/usr/bin/cc     -v CMakeFiles/cmTC_77225.dir/CMakeCCompilerABI.c.o  -o cmTC_77225 
Using built-in specs.
COLLECT_GCC=/usr/bin/cc
COLLECT_LTO_WRAPPER=/usr/lib/gcc/x86_64-linux-gnu/9/lto-wrapper
OFFLOAD_TARGET_NAMES=nvptx-none:hsa
OFFLOAD_TARGET_DEFAULT=1
Target: x86_64-linux-gnu
Configured with: ../src/configure -v --with-pkgversion='Ubuntu 9.4.0-1ubuntu1~20.04.2' --with-bugurl=file:///usr/share/doc/gcc-9/README.Bugs --enable-languages=c,ada,c++,go,brig,d,fortran,objc,obj-c++,gm2 --prefix=/usr --with-gcc-major-version-only --program-suffix=-9 --program-prefix=x86_64-linux-gnu- --enable-shared --enable-linker-build-id --libexecdir=/usr/lib --without-included-gettext --enable-threads=posix --libdir=/usr/lib --enable-nls --enable-clocale=gnu --enable-libstdcxx-debug --enable-libstdcxx-time=yes --with-default-libstdcxx-abi=new --enable-gnu-unique-object --disable-vtable-verify --enable-plugin --enable-default-pie --with-system-zlib --with-target-system-zlib=auto --enable-objc-gc=auto --enable-multiarch --disable-werror --with-arch-32=i686 --with-abi=m64 --with-multilib-list=m32,m64,mx32 --enable-multilib --with-tune=generic --enable-offload-targets=nvptx-none=/build/gcc-9-9QDOt0/gcc-9-9.4.0/debian/tmp-nvptx/usr,hsa --without-cuda-driver --enable-checking=release --build=x86_64-linux-gnu --host=x86_64-linux-gnu --target=x86_64-linux-gnu
Thread model: posix
gcc version 9.4.0 (Ubuntu 9.4.0-1ubuntu1~20.04.2) 
COMPILER_PATH=/usr/lib/gcc/x86_64-linux-gnu/9/:/usr/lib/gcc/x86_64-linux-gnu/9/:/usr/lib/gcc/x86_64-linux-gnu/:/usr/lib/gcc/x86_64-linux-gnu/9/:/usr/lib/gcc/x86_64-linux-gnu/
LIBRARY_PATH=/usr/lib/gcc/x86_64-linux-gnu/9/:/usr/lib/gcc/x86_64-linux-gnu/9/../../../x86_64-linux-gnu/:/usr/lib/gcc/x86_64-linux-gnu/9/../../../../lib/:/lib/x86_64-linux-gnu/:/lib/../lib/:/usr/lib/x86_64-linux-gnu/:/usr/lib/../lib/:/usr/lib/gcc/x86_64-linux-gnu/9/../../../:/lib/:/usr/lib/
COLLECT_GCC_OPTIONS='-v' '-o' 'cmTC_77225' '-mtune=generic' '-march=x86-64'
 /usr/lib/gcc/x86_64-linux-gnu/9/collect2 -plugin /usr/lib/gcc/x86_64-linux-gnu/9/liblto_plugin.so -plugin-opt=/usr/lib/gcc/x86_64-linux-gnu/9/lto-wrapper -plugin-opt=-fresolution=/tmp/ccYQbgD8.res -plugin-opt=-pass-through=-lgcc -plugin-opt=-pass-through=-lgcc_s -plugin-opt=-pass-through=-lc -plugin-opt=-pass-through=-lgcc -plugin-opt=-pass-through=-lgcc_s --build-id --eh-frame-hdr -m elf_x86_64 --hash-style=gnu --as-needed -dynamic-linker /lib64/ld-linux-x86-64.so.2 -pie -z now -z relro -o cmTC_77225 /usr/lib/gcc/x86_64-linux-gnu/9/../../../x86_64-linux-gnu/Scrt1.o /usr/lib/gcc/x86_64-linux-gnu/9/../../../x86_64-linux-gnu/crti.o /usr/lib/gcc/x86_64-linux-gnu/9/crtbeginS.o -L/usr/lib/gcc/x86_64-linux-gnu/9 -L/usr/lib/gcc/x86_64-linux-gnu/9/../../../x86_64-linux-gnu -L/usr/lib/gcc/x86_64-linux-gnu/9/../../../../lib -L/lib/x86_64-linux-gnu -L/lib/../lib -L/usr/lib/x86_64-linux-gnu -L/usr/lib/../lib -L/usr/lib/gcc/x86_64-linux-gnu/9/../../.. CMakeFiles/cmTC_77225.dir/CMakeCCompilerABI.c.o -lgcc --push-state --as-needed -lgcc_s --pop-state -lc -lgcc --push-state --as-needed -lgcc_s --pop-state /usr/lib/gcc/x86_64-linux-gnu/9/crtendS.o /usr/lib/gcc/x86_64-linux-gnu/9/../../../x86_64-linux-gnu/crtn.o
COLLECT_GCC_OPTIONS='-v' '-o' 'cmTC_77225' '-mtune=generic' '-march=x86-64'
make[1]: Leaving directory '/home/coral/tensorflow/tensorflow/lite/CMakeFiles/CMakeTmp'



Parsed C implicit include dir info from above output: rv=done
  found start of include info
  found start of implicit include info
    add: [/usr/lib/gcc/x86_64-linux-gnu/9/include]
    add: [/usr/local/include]
    add: [/usr/include/x86_64-linux-gnu]
    add: [/usr/include]
  end of search list found
  collapse include dir [/usr/lib/gcc/x86_64-linux-gnu/9/include] ==> [/usr/lib/gcc/x86_64-linux-gnu/9/include]
  collapse include dir [/usr/local/include] ==> [/usr/local/include]
  collapse include dir [/usr/include/x86_64-linux-gnu] ==> [/usr/include/x86_64-linux-gnu]
  collapse include dir [/usr/include] ==> [/usr/include]
  implicit include dirs: [/usr/lib/gcc/x86_64-linux-gnu/9/include;/usr/local/include;/usr/include/x86_64-linux-gnu;/usr/include]


Parsed C implicit link information from above output:
  link line regex: [^( *|.*[/\])(ld|CMAKE_LINK_STARTFILE-NOTFOUND|([^/\]+-)?ld|collect2)[^/\]*( |$)]
  ignore line: [Change Dir: /home/coral/tensorflow/tensorflow/lite/CMakeFiles/CMakeTmp]
  ignore line: []
  ignore line: [Run Build Command(s):/usr/bin/make cmTC_77225/fast && /usr/bin/make -f CMakeFiles/cmTC_77225.dir/build.make CMakeFiles/cmTC_77225.dir/build]
  ignore line: [make[1]: Entering directory '/home/coral/tensorflow/tensorflow/lite/CMakeFiles/CMakeTmp']
  ignore line: [Building C object CMakeFiles/cmTC_77225.dir/CMakeCCompilerABI.c.o]
  ignore line: [/usr/bin/cc   -v -o CMakeFiles/cmTC_77225.dir/CMakeCCompilerABI.c.o   -c /usr/share/cmake-3.16/Modules/CMakeCCompilerABI.c]
  ignore line: [Using built-in specs.]
  ignore line: [COLLECT_GCC=/usr/bin/cc]
  ignore line: [OFFLOAD_TARGET_NAMES=nvptx-none:hsa]
  ignore line: [OFFLOAD_TARGET_DEFAULT=1]
  ignore line: [Target: x86_64-linux-gnu]
  ignore line: [Configured with: ../src/configure -v --with-pkgversion='Ubuntu 9.4.0-1ubuntu1~20.04.2' --with-bugurl=file:///usr/share/doc/gcc-9/README.Bugs --enable-languages=c ada c++ go brig d fortran objc obj-c++ gm2 --prefix=/usr --with-gcc-major-version-only --program-suffix=-9 --program-prefix=x86_64-linux-gnu- --enable-shared --enable-linker-build-id --libexecdir=/usr/lib --without-included-gettext --enable-threads=posix --libdir=/usr/lib --enable-nls --enable-clocale=gnu --enable-libstdcxx-debug --enable-libstdcxx-time=yes --with-default-libstdcxx-abi=new --enable-gnu-unique-object --disable-vtable-verify --enable-plugin --enable-default-pie --with-system-zlib --with-target-system-zlib=auto --enable-objc-gc=auto --enable-multiarch --disable-werror --with-arch-32=i686 --with-abi=m64 --with-multilib-list=m32 m64 mx32 --enable-multilib --with-tune=generic --enable-offload-targets=nvptx-none=/build/gcc-9-9QDOt0/gcc-9-9.4.0/debian/tmp-nvptx/usr hsa --without-cuda-driver --enable-checking=release --build=x86_64-linux-gnu --host=x86_64-linux-gnu --target=x86_64-linux-gnu]
  ignore line: [Thread model: posix]
  ignore line: [gcc version 9.4.0 (Ubuntu 9.4.0-1ubuntu1~20.04.2) ]
  ignore line: [COLLECT_GCC_OPTIONS='-v' '-o' 'CMakeFiles/cmTC_77225.dir/CMakeCCompilerABI.c.o' '-c' '-mtune=generic' '-march=x86-64']
  ignore line: [ /usr/lib/gcc/x86_64-linux-gnu/9/cc1 -quiet -v -imultiarch x86_64-linux-gnu /usr/share/cmake-3.16/Modules/CMakeCCompilerABI.c -quiet -dumpbase CMakeCCompilerABI.c -mtune=generic -march=x86-64 -auxbase-strip CMakeFiles/cmTC_77225.dir/CMakeCCompilerABI.c.o -version -fasynchronous-unwind-tables -fstack-protector-strong -Wformat -Wformat-security -fstack-clash-protection -fcf-protection -o /tmp/ccHxIrOF.s]
  ignore line: [GNU C17 (Ubuntu 9.4.0-1ubuntu1~20.04.2) version 9.4.0 (x86_64-linux-gnu)]
  ignore line: [	compiled by GNU C version 9.4.0  GMP version 6.2.0  MPFR version 4.0.2  MPC version 1.1.0  isl version isl-0.22.1-GMP]
  ignore line: []
  ignore line: [GGC heuristics: --param ggc-min-expand=100 --param ggc-min-heapsize=131072]
  ignore line: [ignoring nonexistent directory "/usr/local/include/x86_64-linux-gnu"]
  ignore line: [ignoring nonexistent directory "/usr/lib/gcc/x86_64-linux-gnu/9/include-fixed"]
  ignore line: [ignoring nonexistent directory "/usr/lib/gcc/x86_64-linux-gnu/9/../../../../x86_64-linux-gnu/include"]
  ignore line: [#include "..." search starts here:]
  ignore line: [#include <...> search starts here:]
  ignore line: [ /usr/lib/gcc/x86_64-linux-gnu/9/include]
  ignore line: [ /usr/local/include]
  ignore line: [ /usr/include/x86_64-linux-gnu]
  ignore line: [ /usr/include]
  ignore line: [End of search list.]
  ignore line: [GNU C17 (Ubuntu 9.4.0-1ubuntu1~20.04.2) version 9.4.0 (x86_64-linux-gnu)]
  ignore line: [	compiled by GNU C version 9.4.0  GMP version 6.2.0  MPFR version 4.0.2  MPC version 1.1.0  isl version isl-0.22.1-GMP]
  ignore line: []
  ignore line: [GGC heuristics: --param ggc-min-expand=100 --param ggc-min-heapsize=131072]
  ignore line: [Compiler executable checksum: 01da938ff5dc2163489aa33cb3b747a7]
  ignore line: [COLLECT_GCC_OPTIONS='-v' '-o' 'CMakeFiles/cmTC_77225.dir/CMakeCCompilerABI.c.o' '-c' '-mtune=generic' '-march=x86-64']
  ignore line: [ as -v --64 -o CMakeFiles/cmTC_77225.dir/CMakeCCompilerABI.c.o /tmp/ccHxIrOF.s]
  ignore line: [GNU assembler version 2.34 (x86_64-linux-gnu) using BFD version (GNU Binutils for Ubuntu) 2.34]
  ignore line: [COMPILER_PATH=/usr/lib/gcc/x86_64-linux-gnu/9/:/usr/lib/gcc/x86_64-linux-gnu/9/:/usr/lib/gcc/x86_64-linux-gnu/:/usr/lib/gcc/x86_64-linux-gnu/9/:/usr/lib/gcc/x86_64-linux-gnu/]
  ignore line: [LIBRARY_PATH=/usr/lib/gcc/x86_64-linux-gnu/9/:/usr/lib/gcc/x86_64-linux-gnu/9/../../../x86_64-linux-gnu/:/usr/lib/gcc/x86_64-linux-gnu/9/../../../../lib/:/lib/x86_64-linux-gnu/:/lib/../lib/:/usr/lib/x86_64-linux-gnu/:/usr/lib/../lib/:/usr/lib/gcc/x86_64-linux-gnu/9/../../../:/lib/:/usr/lib/]
  ignore line: [COLLECT_GCC_OPTIONS='-v' '-o' 'CMakeFiles/cmTC_77225.dir/CMakeCCompilerABI.c.o' '-c' '-mtune=generic' '-march=x86-64']
  ignore line: [Linking C executable cmTC_77225]
  ignore line: [/usr/bin/cmake -E cmake_link_script CMakeFiles/cmTC_77225.dir/link.txt --verbose=1]
  ignore line: [/usr/bin/cc     -v CMakeFiles/cmTC_77225.dir/CMakeCCompilerABI.c.o  -o cmTC_77225 ]
  ignore line: [Using built-in specs.]
  ignore line: [COLLECT_GCC=/usr/bin/cc]
  ignore line: [COLLECT_LTO_WRAPPER=/usr/lib/gcc/x86_64-linux-gnu/9/lto-wrapper]
  ignore line: [OFFLOAD_TARGET_NAMES=nvptx-none:hsa]
  ignore line: [OFFLOAD_TARGET_DEFAULT=1]
  ignore line: [Target: x86_64-linux-gnu]
  ignore line: [Configured with: ../src/configure -v --with-pkgversion='Ubuntu 9.4.0-1ubuntu1~20.04.2' --with-bugurl=file:///usr/share/doc/gcc-9/README.Bugs --enable-languages=c ada c++ go brig d fortran objc obj-c++ gm2 --prefix=/usr --with-gcc-major-version-only --program-suffix=-9 --program-prefix=x86_64-linux-gnu- --enable-shared --enable-linker-build-id --libexecdir=/usr/lib --without-included-gettext --enable-threads=posix --libdir=/usr/lib --enable-nls --enable-clocale=gnu --enable-libstdcxx-debug --enable-libstdcxx-time=yes --with-default-libstdcxx-abi=new --enable-gnu-unique-object --disable-vtable-verify --enable-plugin --enable-default-pie --with-system-zlib --with-target-system-zlib=auto --enable-objc-gc=auto --enable-multiarch --disable-werror --with-arch-32=i686 --with-abi=m64 --with-multilib-list=m32 m64 mx32 --enable-multilib --with-tune=generic --enable-offload-targets=nvptx-none=/build/gcc-9-9QDOt0/gcc-9-9.4.0/debian/tmp-nvptx/usr hsa --without-cuda-driver --enable-checking=release --build=x86_64-linux-gnu --host=x86_64-linux-gnu --target=x86_64-linux-gnu]
  ignore line: [Thread model: posix]
  ignore line: [gcc version 9.4.0 (Ubuntu 9.4.0-1ubuntu1~20.04.2) ]
  ignore line: [COMPILER_PATH=/usr/lib/gcc/x86_64-linux-gnu/9/:/usr/lib/gcc/x86_64-linux-gnu/9/:/usr/lib/gcc/x86_64-linux-gnu/:/usr/lib/gcc/x86_64-linux-gnu/9/:/usr/lib/gcc/x86_64-linux-gnu/]
  ignore line: [LIBRARY_PATH=/usr/lib/gcc/x86_64-linux-gnu/9/:/usr/lib/gcc/x86_64-linux-gnu/9/../../../x86_64-linux-gnu/:/usr/lib/gcc/x86_64-linux-gnu/9/../../../../lib/:/lib/x86_64-linux-gnu/:/lib/../lib/:/usr/lib/x86_64-linux-gnu/:/usr/lib/../lib/:/usr/lib/gcc/x86_64-linux-gnu/9/../../../:/lib/:/usr/lib/]
  ignore line: [COLLECT_GCC_OPTIONS='-v' '-o' 'cmTC_77225' '-mtune=generic' '-march=x86-64']
  link line: [ /usr/lib/gcc/x86_64-linux-gnu/9/collect2 -plugin /usr/lib/gcc/x86_64-linux-gnu/9/liblto_plugin.so -plugin-opt=/usr/lib/gcc/x86_64-linux-gnu/9/lto-wrapper -plugin-opt=-fresolution=/tmp/ccYQbgD8.res -plugin-opt=-pass-through=-lgcc -plugin-opt=-pass-through=-lgcc_s -plugin-opt=-pass-through=-lc -plugin-opt=-pass-through=-lgcc -plugin-opt=-pass-through=-lgcc_s --build-id --eh-frame-hdr -m elf_x86_64 --hash-style=gnu --as-needed -dynamic-linker /lib64/ld-linux-x86-64.so.2 -pie -z now -z relro -o cmTC_77225 /usr/lib/gcc/x86_64-linux-gnu/9/../../../x86_64-linux-gnu/Scrt1.o /usr/lib/gcc/x86_64-linux-gnu/9/../../../x86_64-linux-gnu/crti.o /usr/lib/gcc/x86_64-linux-gnu/9/crtbeginS.o -L/usr/lib/gcc/x86_64-linux-gnu/9 -L/usr/lib/gcc/x86_64-linux-gnu/9/../../../x86_64-linux-gnu -L/usr/lib/gcc/x86_64-linux-gnu/9/../../../../lib -L/lib/x86_64-linux-gnu -L/lib/../lib -L/usr/lib/x86_64-linux-gnu -L/usr/lib/../lib -L/usr/lib/gcc/x86_64-linux-gnu/9/../../.. CMakeFiles/cmTC_77225.dir/CMakeCCompilerABI.c.o -lgcc --push-state --as-needed -lgcc_s --pop-state -lc -lgcc --push-state --as-needed -lgcc_s --pop-state /usr/lib/gcc/x86_64-linux-gnu/9/crtendS.o /usr/lib/gcc/x86_64-linux-gnu/9/../../../x86_64-linux-gnu/crtn.o]
    arg [/usr/lib/gcc/x86_64-linux-gnu/9/collect2] ==> ignore
    arg [-plugin] ==> ignore
    arg [/usr/lib/gcc/x86_64-linux-gnu/9/liblto_plugin.so] ==> ignore
    arg [-plugin-opt=/usr/lib/gcc/x86_64-linux-gnu/9/lto-wrapper] ==> ignore
    arg [-plugin-opt=-fresolution=/tmp/ccYQbgD8.res] ==> ignore
    arg [-plugin-opt=-pass-through=-lgcc] ==> ignore
    arg [-plugin-opt=-pass-through=-lgcc_s] ==> ignore
    arg [-plugin-opt=-pass-through=-lc] ==> ignore
    arg [-plugin-opt=-pass-through=-lgcc] ==> ignore
    arg [-plugin-opt=-pass-through=-lgcc_s] ==> ignore
    arg [--build-id] ==> ignore
    arg [--eh-frame-hdr] ==> ignore
    arg [-m] ==> ignore
    arg [elf_x86_64] ==> ignore
    arg [--hash-style=gnu] ==> ignore
    arg [--as-needed] ==> ignore
    arg [-dynamic-linker] ==> ignore
    arg [/lib64/ld-linux-x86-64.so.2] ==> ignore
    arg [-pie] ==> ignore
    arg [-znow] ==> ignore
    arg [-zrelro] ==> ignore
    arg [-o] ==> ignore
    arg [cmTC_77225] ==> ignore
    arg [/usr/lib/gcc/x86_64-linux-gnu/9/../../../x86_64-linux-gnu/Scrt1.o] ==> ignore
    arg [/usr/lib/gcc/x86_64-linux-gnu/9/../../../x86_64-linux-gnu/crti.o] ==> ignore
    arg [/usr/lib/gcc/x86_64-linux-gnu/9/crtbeginS.o] ==> ignore
    arg [-L/usr/lib/gcc/x86_64-linux-gnu/9] ==> dir [/usr/lib/gcc/x86_64-linux-gnu/9]
    arg [-L/usr/lib/gcc/x86_64-linux-gnu/9/../../../x86_64-linux-gnu] ==> dir [/usr/lib/gcc/x86_64-linux-gnu/9/../../../x86_64-linux-gnu]
    arg [-L/usr/lib/gcc/x86_64-linux-gnu/9/../../../../lib] ==> dir [/usr/lib/gcc/x86_64-linux-gnu/9/../../../../lib]
    arg [-L/lib/x86_64-linux-gnu] ==> dir [/lib/x86_64-linux-gnu]
    arg [-L/lib/../lib] ==> dir [/lib/../lib]
    arg [-L/usr/lib/x86_64-linux-gnu] ==> dir [/usr/lib/x86_64-linux-gnu]
    arg [-L/usr/lib/../lib] ==> dir [/usr/lib/../lib]
    arg [-L/usr/lib/gcc/x86_64-linux-gnu/9/../../..] ==> dir [/usr/lib/gcc/x86_64-linux-gnu/9/../../..]
    arg [CMakeFiles/cmTC_77225.dir/CMakeCCompilerABI.c.o] ==> ignore
    arg [-lgcc] ==> lib [gcc]
    arg [--push-state] ==> ignore
    arg [--as-needed] ==> ignore
    arg [-lgcc_s] ==> lib [gcc_s]
    arg [--pop-state] ==> ignore
    arg [-lc] ==> lib [c]
    arg [-lgcc] ==> lib [gcc]
    arg [--push-state] ==> ignore
    arg [--as-needed] ==> ignore
    arg [-lgcc_s] ==> lib [gcc_s]
    arg [--pop-state] ==> ignore
    arg [/usr/lib/gcc/x86_64-linux-gnu/9/crtendS.o] ==> ignore
    arg [/usr/lib/gcc/x86_64-linux-gnu/9/../../../x86_64-linux-gnu/crtn.o] ==> ignore
  collapse library dir [/usr/lib/gcc/x86_64-linux-gnu/9] ==> [/usr/lib/gcc/x86_64-linux-gnu/9]
  collapse library dir [/usr/lib/gcc/x86_64-linux-gnu/9/../../../x86_64-linux-gnu] ==> [/usr/lib/x86_64-linux-gnu]
  collapse library dir [/usr/lib/gcc/x86_64-linux-gnu/9/../../../../lib] ==> [/usr/lib]
  collapse library dir [/lib/x86_64-linux-gnu] ==> [/lib/x86_64-linux-gnu]
  collapse library dir [/lib/../lib] ==> [/lib]
  collapse library dir [/usr/lib/x86_64-linux-gnu] ==> [/usr/lib/x86_64-linux-gnu]
  collapse library dir [/usr/lib/../lib] ==> [/usr/lib]
  collapse library dir [/usr/lib/gcc/x86_64-linux-gnu/9/../../..] ==> [/usr/lib]
  implicit libs: [gcc;gcc_s;c;gcc;gcc_s]
  implicit dirs: [/usr/lib/gcc/x86_64-linux-gnu/9;/usr/lib/x86_64-linux-gnu;/usr/lib;/lib/x86_64-linux-gnu;/lib]
  implicit fwks: []


Determining if the CXX compiler works passed with the following output:
Change Dir: /home/coral/tensorflow/tensorflow/lite/CMakeFiles/CMakeTmp

Run Build Command(s):/usr/bin/make cmTC_7fd72/fast && /usr/bin/make -f CMakeFiles/cmTC_7fd72.dir/build.make CMakeFiles/cmTC_7fd72.dir/build
make[1]: Entering directory '/home/coral/tensorflow/tensorflow/lite/CMakeFiles/CMakeTmp'
Building CXX object CMakeFiles/cmTC_7fd72.dir/testCXXCompiler.cxx.o
/usr/bin/c++     -o CMakeFiles/cmTC_7fd72.dir/testCXXCompiler.cxx.o -c /home/coral/tensorflow/tensorflow/lite/CMakeFiles/CMakeTmp/testCXXCompiler.cxx
Linking CXX executable cmTC_7fd72
/usr/bin/cmake -E cmake_link_script CMakeFiles/cmTC_7fd72.dir/link.txt --verbose=1
/usr/bin/c++       CMakeFiles/cmTC_7fd72.dir/testCXXCompiler.cxx.o  -o cmTC_7fd72 
make[1]: Leaving directory '/home/coral/tensorflow/tensorflow/lite/CMakeFiles/CMakeTmp'



Detecting CXX compiler ABI info compiled with the following output:
Change Dir: /home/coral/tensorflow/tensorflow/lite/CMakeFiles/CMakeTmp

Run Build Command(s):/usr/bin/make cmTC_775cb/fast && /usr/bin/make -f CMakeFiles/cmTC_775cb.dir/build.make CMakeFiles/cmTC_775cb.dir/build
make[1]: Entering directory '/home/coral/tensorflow/tensorflow/lite/CMakeFiles/CMakeTmp'
Building CXX object CMakeFiles/cmTC_775cb.dir/CMakeCXXCompilerABI.cpp.o
/usr/bin/c++    -v -o CMakeFiles/cmTC_775cb.dir/CMakeCXXCompilerABI.cpp.o -c /usr/share/cmake-3.16/Modules/CMakeCXXCompilerABI.cpp
Using built-in specs.
COLLECT_GCC=/usr/bin/c++
OFFLOAD_TARGET_NAMES=nvptx-none:hsa
OFFLOAD_TARGET_DEFAULT=1
Target: x86_64-linux-gnu
Configured with: ../src/configure -v --with-pkgversion='Ubuntu 9.4.0-1ubuntu1~20.04.2' --with-bugurl=file:///usr/share/doc/gcc-9/README.Bugs --enable-languages=c,ada,c++,go,brig,d,fortran,objc,obj-c++,gm2 --prefix=/usr --with-gcc-major-version-only --program-suffix=-9 --program-prefix=x86_64-linux-gnu- --enable-shared --enable-linker-build-id --libexecdir=/usr/lib --without-included-gettext --enable-threads=posix --libdir=/usr/lib --enable-nls --enable-clocale=gnu --enable-libstdcxx-debug --enable-libstdcxx-time=yes --with-default-libstdcxx-abi=new --enable-gnu-unique-object --disable-vtable-verify --enable-plugin --enable-default-pie --with-system-zlib --with-target-system-zlib=auto --enable-objc-gc=auto --enable-multiarch --disable-werror --with-arch-32=i686 --with-abi=m64 --with-multilib-list=m32,m64,mx32 --enable-multilib --with-tune=generic --enable-offload-targets=nvptx-none=/build/gcc-9-9QDOt0/gcc-9-9.4.0/debian/tmp-nvptx/usr,hsa --without-cuda-driver --enable-checking=release --build=x86_64-linux-gnu --host=x86_64-linux-gnu --target=x86_64-linux-gnu
Thread model: posix
gcc version 9.4.0 (Ubuntu 9.4.0-1ubuntu1~20.04.2) 
COLLECT_GCC_OPTIONS='-v' '-o' 'CMakeFiles/cmTC_775cb.dir/CMakeCXXCompilerABI.cpp.o' '-c' '-shared-libgcc' '-mtune=generic' '-march=x86-64'
 /usr/lib/gcc/x86_64-linux-gnu/9/cc1plus -quiet -v -imultiarch x86_64-linux-gnu -D_GNU_SOURCE /usr/share/cmake-3.16/Modules/CMakeCXXCompilerABI.cpp -quiet -dumpbase CMakeCXXCompilerABI.cpp -mtune=generic -march=x86-64 -auxbase-strip CMakeFiles/cmTC_775cb.dir/CMakeCXXCompilerABI.cpp.o -version -fasynchronous-unwind-tables -fstack-protector-strong -Wformat -Wformat-security -fstack-clash-protection -fcf-protection -o /tmp/ccgml4JC.s
GNU C++14 (Ubuntu 9.4.0-1ubuntu1~20.04.2) version 9.4.0 (x86_64-linux-gnu)
	compiled by GNU C version 9.4.0, GMP version 6.2.0, MPFR version 4.0.2, MPC version 1.1.0, isl version isl-0.22.1-GMP

GGC heuristics: --param ggc-min-expand=100 --param ggc-min-heapsize=131072
ignoring duplicate directory "/usr/include/x86_64-linux-gnu/c++/9"
ignoring nonexistent directory "/usr/local/include/x86_64-linux-gnu"
ignoring nonexistent directory "/usr/lib/gcc/x86_64-linux-gnu/9/include-fixed"
ignoring nonexistent directory "/usr/lib/gcc/x86_64-linux-gnu/9/../../../../x86_64-linux-gnu/include"
#include "..." search starts here:
#include <...> search starts here:
 /usr/include/c++/9
 /usr/include/x86_64-linux-gnu/c++/9
 /usr/include/c++/9/backward
 /usr/lib/gcc/x86_64-linux-gnu/9/include
 /usr/local/include
 /usr/include/x86_64-linux-gnu
 /usr/include
End of search list.
GNU C++14 (Ubuntu 9.4.0-1ubuntu1~20.04.2) version 9.4.0 (x86_64-linux-gnu)
	compiled by GNU C version 9.4.0, GMP version 6.2.0, MPFR version 4.0.2, MPC version 1.1.0, isl version isl-0.22.1-GMP

GGC heuristics: --param ggc-min-expand=100 --param ggc-min-heapsize=131072
Compiler executable checksum: 3d1eba838554fa2348dba760e4770469
COLLECT_GCC_OPTIONS='-v' '-o' 'CMakeFiles/cmTC_775cb.dir/CMakeCXXCompilerABI.cpp.o' '-c' '-shared-libgcc' '-mtune=generic' '-march=x86-64'
 as -v --64 -o CMakeFiles/cmTC_775cb.dir/CMakeCXXCompilerABI.cpp.o /tmp/ccgml4JC.s
GNU assembler version 2.34 (x86_64-linux-gnu) using BFD version (GNU Binutils for Ubuntu) 2.34
COMPILER_PATH=/usr/lib/gcc/x86_64-linux-gnu/9/:/usr/lib/gcc/x86_64-linux-gnu/9/:/usr/lib/gcc/x86_64-linux-gnu/:/usr/lib/gcc/x86_64-linux-gnu/9/:/usr/lib/gcc/x86_64-linux-gnu/
LIBRARY_PATH=/usr/lib/gcc/x86_64-linux-gnu/9/:/usr/lib/gcc/x86_64-linux-gnu/9/../../../x86_64-linux-gnu/:/usr/lib/gcc/x86_64-linux-gnu/9/../../../../lib/:/lib/x86_64-linux-gnu/:/lib/../lib/:/usr/lib/x86_64-linux-gnu/:/usr/lib/../lib/:/usr/lib/gcc/x86_64-linux-gnu/9/../../../:/lib/:/usr/lib/
COLLECT_GCC_OPTIONS='-v' '-o' 'CMakeFiles/cmTC_775cb.dir/CMakeCXXCompilerABI.cpp.o' '-c' '-shared-libgcc' '-mtune=generic' '-march=x86-64'
Linking CXX executable cmTC_775cb
/usr/bin/cmake -E cmake_link_script CMakeFiles/cmTC_775cb.dir/link.txt --verbose=1
/usr/bin/c++      -v CMakeFiles/cmTC_775cb.dir/CMakeCXXCompilerABI.cpp.o  -o cmTC_775cb 
Using built-in specs.
COLLECT_GCC=/usr/bin/c++
COLLECT_LTO_WRAPPER=/usr/lib/gcc/x86_64-linux-gnu/9/lto-wrapper
OFFLOAD_TARGET_NAMES=nvptx-none:hsa
OFFLOAD_TARGET_DEFAULT=1
Target: x86_64-linux-gnu
Configured with: ../src/configure -v --with-pkgversion='Ubuntu 9.4.0-1ubuntu1~20.04.2' --with-bugurl=file:///usr/share/doc/gcc-9/README.Bugs --enable-languages=c,ada,c++,go,brig,d,fortran,objc,obj-c++,gm2 --prefix=/usr --with-gcc-major-version-only --program-suffix=-9 --program-prefix=x86_64-linux-gnu- --enable-shared --enable-linker-build-id --libexecdir=/usr/lib --without-included-gettext --enable-threads=posix --libdir=/usr/lib --enable-nls --enable-clocale=gnu --enable-libstdcxx-debug --enable-libstdcxx-time=yes --with-default-libstdcxx-abi=new --enable-gnu-unique-object --disable-vtable-verify --enable-plugin --enable-default-pie --with-system-zlib --with-target-system-zlib=auto --enable-objc-gc=auto --enable-multiarch --disable-werror --with-arch-32=i686 --with-abi=m64 --with-multilib-list=m32,m64,mx32 --enable-multilib --with-tune=generic --enable-offload-targets=nvptx-none=/build/gcc-9-9QDOt0/gcc-9-9.4.0/debian/tmp-nvptx/usr,hsa --without-cuda-driver --enable-checking=release --build=x86_64-linux-gnu --host=x86_64-linux-gnu --target=x86_64-linux-gnu
Thread model: posix
gcc version 9.4.0 (Ubuntu 9.4.0-1ubuntu1~20.04.2) 
COMPILER_PATH=/usr/lib/gcc/x86_64-linux-gnu/9/:/usr/lib/gcc/x86_64-linux-gnu/9/:/usr/lib/gcc/x86_64-linux-gnu/:/usr/lib/gcc/x86_64-linux-gnu/9/:/usr/lib/gcc/x86_64-linux-gnu/
LIBRARY_PATH=/usr/lib/gcc/x86_64-linux-gnu/9/:/usr/lib/gcc/x86_64-linux-gnu/9/../../../x86_64-linux-gnu/:/usr/lib/gcc/x86_64-linux-gnu/9/../../../../lib/:/lib/x86_64-linux-gnu/:/lib/../lib/:/usr/lib/x86_64-linux-gnu/:/usr/lib/../lib/:/usr/lib/gcc/x86_64-linux-gnu/9/../../../:/lib/:/usr/lib/
COLLECT_GCC_OPTIONS='-v' '-o' 'cmTC_775cb' '-shared-libgcc' '-mtune=generic' '-march=x86-64'
 /usr/lib/gcc/x86_64-linux-gnu/9/collect2 -plugin /usr/lib/gcc/x86_64-linux-gnu/9/liblto_plugin.so -plugin-opt=/usr/lib/gcc/x86_64-linux-gnu/9/lto-wrapper -plugin-opt=-fresolution=/tmp/ccOB10h3.res -plugin-opt=-pass-through=-lgcc_s -plugin-opt=-pass-through=-lgcc -plugin-opt=-pass-through=-lc -plugin-opt=-pass-through=-lgcc_s -plugin-opt=-pass-through=-lgcc --build-id --eh-frame-hdr -m elf_x86_64 --hash-style=gnu --as-needed -dynamic-linker /lib64/ld-linux-x86-64.so.2 -pie -z now -z relro -o cmTC_775cb /usr/lib/gcc/x86_64-linux-gnu/9/../../../x86_64-linux-gnu/Scrt1.o /usr/lib/gcc/x86_64-linux-gnu/9/../../../x86_64-linux-gnu/crti.o /usr/lib/gcc/x86_64-linux-gnu/9/crtbeginS.o -L/usr/lib/gcc/x86_64-linux-gnu/9 -L/usr/lib/gcc/x86_64-linux-gnu/9/../../../x86_64-linux-gnu -L/usr/lib/gcc/x86_64-linux-gnu/9/../../../../lib -L/lib/x86_64-linux-gnu -L/lib/../lib -L/usr/lib/x86_64-linux-gnu -L/usr/lib/../lib -L/usr/lib/gcc/x86_64-linux-gnu/9/../../.. CMakeFiles/cmTC_775cb.dir/CMakeCXXCompilerABI.cpp.o -lstdc++ -lm -lgcc_s -lgcc -lc -lgcc_s -lgcc /usr/lib/gcc/x86_64-linux-gnu/9/crtendS.o /usr/lib/gcc/x86_64-linux-gnu/9/../../../x86_64-linux-gnu/crtn.o
COLLECT_GCC_OPTIONS='-v' '-o' 'cmTC_775cb' '-shared-libgcc' '-mtune=generic' '-march=x86-64'
make[1]: Leaving directory '/home/coral/tensorflow/tensorflow/lite/CMakeFiles/CMakeTmp'



Parsed CXX implicit include dir info from above output: rv=done
  found start of include info
  found start of implicit include info
    add: [/usr/include/c++/9]
    add: [/usr/include/x86_64-linux-gnu/c++/9]
    add: [/usr/include/c++/9/backward]
    add: [/usr/lib/gcc/x86_64-linux-gnu/9/include]
    add: [/usr/local/include]
    add: [/usr/include/x86_64-linux-gnu]
    add: [/usr/include]
  end of search list found
  collapse include dir [/usr/include/c++/9] ==> [/usr/include/c++/9]
  collapse include dir [/usr/include/x86_64-linux-gnu/c++/9] ==> [/usr/include/x86_64-linux-gnu/c++/9]
  collapse include dir [/usr/include/c++/9/backward] ==> [/usr/include/c++/9/backward]
  collapse include dir [/usr/lib/gcc/x86_64-linux-gnu/9/include] ==> [/usr/lib/gcc/x86_64-linux-gnu/9/include]
  collapse include dir [/usr/local/include] ==> [/usr/local/include]
  collapse include dir [/usr/include/x86_64-linux-gnu] ==> [/usr/include/x86_64-linux-gnu]
  collapse include dir [/usr/include] ==> [/usr/include]
  implicit include dirs: [/usr/include/c++/9;/usr/include/x86_64-linux-gnu/c++/9;/usr/include/c++/9/backward;/usr/lib/gcc/x86_64-linux-gnu/9/include;/usr/local/include;/usr/include/x86_64-linux-gnu;/usr/include]


Parsed CXX implicit link information from above output:
  link line regex: [^( *|.*[/\])(ld|CMAKE_LINK_STARTFILE-NOTFOUND|([^/\]+-)?ld|collect2)[^/\]*( |$)]
  ignore line: [Change Dir: /home/coral/tensorflow/tensorflow/lite/CMakeFiles/CMakeTmp]
  ignore line: []
  ignore line: [Run Build Command(s):/usr/bin/make cmTC_775cb/fast && /usr/bin/make -f CMakeFiles/cmTC_775cb.dir/build.make CMakeFiles/cmTC_775cb.dir/build]
  ignore line: [make[1]: Entering directory '/home/coral/tensorflow/tensorflow/lite/CMakeFiles/CMakeTmp']
  ignore line: [Building CXX object CMakeFiles/cmTC_775cb.dir/CMakeCXXCompilerABI.cpp.o]
  ignore line: [/usr/bin/c++    -v -o CMakeFiles/cmTC_775cb.dir/CMakeCXXCompilerABI.cpp.o -c /usr/share/cmake-3.16/Modules/CMakeCXXCompilerABI.cpp]
  ignore line: [Using built-in specs.]
  ignore line: [COLLECT_GCC=/usr/bin/c++]
  ignore line: [OFFLOAD_TARGET_NAMES=nvptx-none:hsa]
  ignore line: [OFFLOAD_TARGET_DEFAULT=1]
  ignore line: [Target: x86_64-linux-gnu]
  ignore line: [Configured with: ../src/configure -v --with-pkgversion='Ubuntu 9.4.0-1ubuntu1~20.04.2' --with-bugurl=file:///usr/share/doc/gcc-9/README.Bugs --enable-languages=c ada c++ go brig d fortran objc obj-c++ gm2 --prefix=/usr --with-gcc-major-version-only --program-suffix=-9 --program-prefix=x86_64-linux-gnu- --enable-shared --enable-linker-build-id --libexecdir=/usr/lib --without-included-gettext --enable-threads=posix --libdir=/usr/lib --enable-nls --enable-clocale=gnu --enable-libstdcxx-debug --enable-libstdcxx-time=yes --with-default-libstdcxx-abi=new --enable-gnu-unique-object --disable-vtable-verify --enable-plugin --enable-default-pie --with-system-zlib --with-target-system-zlib=auto --enable-objc-gc=auto --enable-multiarch --disable-werror --with-arch-32=i686 --with-abi=m64 --with-multilib-list=m32 m64 mx32 --enable-multilib --with-tune=generic --enable-offload-targets=nvptx-none=/build/gcc-9-9QDOt0/gcc-9-9.4.0/debian/tmp-nvptx/usr hsa --without-cuda-driver --enable-checking=release --build=x86_64-linux-gnu --host=x86_64-linux-gnu --target=x86_64-linux-gnu]
  ignore line: [Thread model: posix]
  ignore line: [gcc version 9.4.0 (Ubuntu 9.4.0-1ubuntu1~20.04.2) ]
  ignore line: [COLLECT_GCC_OPTIONS='-v' '-o' 'CMakeFiles/cmTC_775cb.dir/CMakeCXXCompilerABI.cpp.o' '-c' '-shared-libgcc' '-mtune=generic' '-march=x86-64']
  ignore line: [ /usr/lib/gcc/x86_64-linux-gnu/9/cc1plus -quiet -v -imultiarch x86_64-linux-gnu -D_GNU_SOURCE /usr/share/cmake-3.16/Modules/CMakeCXXCompilerABI.cpp -quiet -dumpbase CMakeCXXCompilerABI.cpp -mtune=generic -march=x86-64 -auxbase-strip CMakeFiles/cmTC_775cb.dir/CMakeCXXCompilerABI.cpp.o -version -fasynchronous-unwind-tables -fstack-protector-strong -Wformat -Wformat-security -fstack-clash-protection -fcf-protection -o /tmp/ccgml4JC.s]
  ignore line: [GNU C++14 (Ubuntu 9.4.0-1ubuntu1~20.04.2) version 9.4.0 (x86_64-linux-gnu)]
  ignore line: [	compiled by GNU C version 9.4.0  GMP version 6.2.0  MPFR version 4.0.2  MPC version 1.1.0  isl version isl-0.22.1-GMP]
  ignore line: []
  ignore line: [GGC heuristics: --param ggc-min-expand=100 --param ggc-min-heapsize=131072]
  ignore line: [ignoring duplicate directory "/usr/include/x86_64-linux-gnu/c++/9"]
  ignore line: [ignoring nonexistent directory "/usr/local/include/x86_64-linux-gnu"]
  ignore line: [ignoring nonexistent directory "/usr/lib/gcc/x86_64-linux-gnu/9/include-fixed"]
  ignore line: [ignoring nonexistent directory "/usr/lib/gcc/x86_64-linux-gnu/9/../../../../x86_64-linux-gnu/include"]
  ignore line: [#include "..." search starts here:]
  ignore line: [#include <...> search starts here:]
  ignore line: [ /usr/include/c++/9]
  ignore line: [ /usr/include/x86_64-linux-gnu/c++/9]
  ignore line: [ /usr/include/c++/9/backward]
  ignore line: [ /usr/lib/gcc/x86_64-linux-gnu/9/include]
  ignore line: [ /usr/local/include]
  ignore line: [ /usr/include/x86_64-linux-gnu]
  ignore line: [ /usr/include]
  ignore line: [End of search list.]
  ignore line: [GNU C++14 (Ubuntu 9.4.0-1ubuntu1~20.04.2) version 9.4.0 (x86_64-linux-gnu)]
  ignore line: [	compiled by GNU C version 9.4.0  GMP version 6.2.0  MPFR version 4.0.2  MPC version 1.1.0  isl version isl-0.22.1-GMP]
  ignore line: []
  ignore line: [GGC heuristics: --param ggc-min-expand=100 --param ggc-min-heapsize=131072]
  ignore line: [Compiler executable checksum: 3d1eba838554fa2348dba760e4770469]
  ignore line: [COLLECT_GCC_OPTIONS='-v' '-o' 'CMakeFiles/cmTC_775cb.dir/CMakeCXXCompilerABI.cpp.o' '-c' '-shared-libgcc' '-mtune=generic' '-march=x86-64']
  ignore line: [ as -v --64 -o CMakeFiles/cmTC_775cb.dir/CMakeCXXCompilerABI.cpp.o /tmp/ccgml4JC.s]
  ignore line: [GNU assembler version 2.34 (x86_64-linux-gnu) using BFD version (GNU Binutils for Ubuntu) 2.34]
  ignore line: [COMPILER_PATH=/usr/lib/gcc/x86_64-linux-gnu/9/:/usr/lib/gcc/x86_64-linux-gnu/9/:/usr/lib/gcc/x86_64-linux-gnu/:/usr/lib/gcc/x86_64-linux-gnu/9/:/usr/lib/gcc/x86_64-linux-gnu/]
  ignore line: [LIBRARY_PATH=/usr/lib/gcc/x86_64-linux-gnu/9/:/usr/lib/gcc/x86_64-linux-gnu/9/../../../x86_64-linux-gnu/:/usr/lib/gcc/x86_64-linux-gnu/9/../../../../lib/:/lib/x86_64-linux-gnu/:/lib/../lib/:/usr/lib/x86_64-linux-gnu/:/usr/lib/../lib/:/usr/lib/gcc/x86_64-linux-gnu/9/../../../:/lib/:/usr/lib/]
  ignore line: [COLLECT_GCC_OPTIONS='-v' '-o' 'CMakeFiles/cmTC_775cb.dir/CMakeCXXCompilerABI.cpp.o' '-c' '-shared-libgcc' '-mtune=generic' '-march=x86-64']
  ignore line: [Linking CXX executable cmTC_775cb]
  ignore line: [/usr/bin/cmake -E cmake_link_script CMakeFiles/cmTC_775cb.dir/link.txt --verbose=1]
  ignore line: [/usr/bin/c++      -v CMakeFiles/cmTC_775cb.dir/CMakeCXXCompilerABI.cpp.o  -o cmTC_775cb ]
  ignore line: [Using built-in specs.]
  ignore line: [COLLECT_GCC=/usr/bin/c++]
  ignore line: [COLLECT_LTO_WRAPPER=/usr/lib/gcc/x86_64-linux-gnu/9/lto-wrapper]
  ignore line: [OFFLOAD_TARGET_NAMES=nvptx-none:hsa]
  ignore line: [OFFLOAD_TARGET_DEFAULT=1]
  ignore line: [Target: x86_64-linux-gnu]
  ignore line: [Configured with: ../src/configure -v --with-pkgversion='Ubuntu 9.4.0-1ubuntu1~20.04.2' --with-bugurl=file:///usr/share/doc/gcc-9/README.Bugs --enable-languages=c ada c++ go brig d fortran objc obj-c++ gm2 --prefix=/usr --with-gcc-major-version-only --program-suffix=-9 --program-prefix=x86_64-linux-gnu- --enable-shared --enable-linker-build-id --libexecdir=/usr/lib --without-included-gettext --enable-threads=posix --libdir=/usr/lib --enable-nls --enable-clocale=gnu --enable-libstdcxx-debug --enable-libstdcxx-time=yes --with-default-libstdcxx-abi=new --enable-gnu-unique-object --disable-vtable-verify --enable-plugin --enable-default-pie --with-system-zlib --with-target-system-zlib=auto --enable-objc-gc=auto --enable-multiarch --disable-werror --with-arch-32=i686 --with-abi=m64 --with-multilib-list=m32 m64 mx32 --enable-multilib --with-tune=generic --enable-offload-targets=nvptx-none=/build/gcc-9-9QDOt0/gcc-9-9.4.0/debian/tmp-nvptx/usr hsa --without-cuda-driver --enable-checking=release --build=x86_64-linux-gnu --host=x86_64-linux-gnu --target=x86_64-linux-gnu]
  ignore line: [Thread model: posix]
  ignore line: [gcc version 9.4.0 (Ubuntu 9.4.0-1ubuntu1~20.04.2) ]
  ignore line: [COMPILER_PATH=/usr/lib/gcc/x86_64-linux-gnu/9/:/usr/lib/gcc/x86_64-linux-gnu/9/:/usr/lib/gcc/x86_64-linux-gnu/:/usr/lib/gcc/x86_64-linux-gnu/9/:/usr/lib/gcc/x86_64-linux-gnu/]
  ignore line: [LIBRARY_PATH=/usr/lib/gcc/x86_64-linux-gnu/9/:/usr/lib/gcc/x86_64-linux-gnu/9/../../../x86_64-linux-gnu/:/usr/lib/gcc/x86_64-linux-gnu/9/../../../../lib/:/lib/x86_64-linux-gnu/:/lib/../lib/:/usr/lib/x86_64-linux-gnu/:/usr/lib/../lib/:/usr/lib/gcc/x86_64-linux-gnu/9/../../../:/lib/:/usr/lib/]
  ignore line: [COLLECT_GCC_OPTIONS='-v' '-o' 'cmTC_775cb' '-shared-libgcc' '-mtune=generic' '-march=x86-64']
  link line: [ /usr/lib/gcc/x86_64-linux-gnu/9/collect2 -plugin /usr/lib/gcc/x86_64-linux-gnu/9/liblto_plugin.so -plugin-opt=/usr/lib/gcc/x86_64-linux-gnu/9/lto-wrapper -plugin-opt=-fresolution=/tmp/ccOB10h3.res -plugin-opt=-pass-through=-lgcc_s -plugin-opt=-pass-through=-lgcc -plugin-opt=-pass-through=-lc -plugin-opt=-pass-through=-lgcc_s -plugin-opt=-pass-through=-lgcc --build-id --eh-frame-hdr -m elf_x86_64 --hash-style=gnu --as-needed -dynamic-linker /lib64/ld-linux-x86-64.so.2 -pie -z now -z relro -o cmTC_775cb /usr/lib/gcc/x86_64-linux-gnu/9/../../../x86_64-linux-gnu/Scrt1.o /usr/lib/gcc/x86_64-linux-gnu/9/../../../x86_64-linux-gnu/crti.o /usr/lib/gcc/x86_64-linux-gnu/9/crtbeginS.o -L/usr/lib/gcc/x86_64-linux-gnu/9 -L/usr/lib/gcc/x86_64-linux-gnu/9/../../../x86_64-linux-gnu -L/usr/lib/gcc/x86_64-linux-gnu/9/../../../../lib -L/lib/x86_64-linux-gnu -L/lib/../lib -L/usr/lib/x86_64-linux-gnu -L/usr/lib/../lib -L/usr/lib/gcc/x86_64-linux-gnu/9/../../.. CMakeFiles/cmTC_775cb.dir/CMakeCXXCompilerABI.cpp.o -lstdc++ -lm -lgcc_s -lgcc -lc -lgcc_s -lgcc /usr/lib/gcc/x86_64-linux-gnu/9/crtendS.o /usr/lib/gcc/x86_64-linux-gnu/9/../../../x86_64-linux-gnu/crtn.o]
    arg [/usr/lib/gcc/x86_64-linux-gnu/9/collect2] ==> ignore
    arg [-plugin] ==> ignore
    arg [/usr/lib/gcc/x86_64-linux-gnu/9/liblto_plugin.so] ==> ignore
    arg [-plugin-opt=/usr/lib/gcc/x86_64-linux-gnu/9/lto-wrapper] ==> ignore
    arg [-plugin-opt=-fresolution=/tmp/ccOB10h3.res] ==> ignore
    arg [-plugin-opt=-pass-through=-lgcc_s] ==> ignore
    arg [-plugin-opt=-pass-through=-lgcc] ==> ignore
    arg [-plugin-opt=-pass-through=-lc] ==> ignore
    arg [-plugin-opt=-pass-through=-lgcc_s] ==> ignore
    arg [-plugin-opt=-pass-through=-lgcc] ==> ignore
    arg [--build-id] ==> ignore
    arg [--eh-frame-hdr] ==> ignore
    arg [-m] ==> ignore
    arg [elf_x86_64] ==> ignore
    arg [--hash-style=gnu] ==> ignore
    arg [--as-needed] ==> ignore
    arg [-dynamic-linker] ==> ignore
    arg [/lib64/ld-linux-x86-64.so.2] ==> ignore
    arg [-pie] ==> ignore
    arg [-znow] ==> ignore
    arg [-zrelro] ==> ignore
    arg [-o] ==> ignore
    arg [cmTC_775cb] ==> ignore
    arg [/usr/lib/gcc/x86_64-linux-gnu/9/../../../x86_64-linux-gnu/Scrt1.o] ==> ignore
    arg [/usr/lib/gcc/x86_64-linux-gnu/9/../../../x86_64-linux-gnu/crti.o] ==> ignore
    arg [/usr/lib/gcc/x86_64-linux-gnu/9/crtbeginS.o] ==> ignore
    arg [-L/usr/lib/gcc/x86_64-linux-gnu/9] ==> dir [/usr/lib/gcc/x86_64-linux-gnu/9]
    arg [-L/usr/lib/gcc/x86_64-linux-gnu/9/../../../x86_64-linux-gnu] ==> dir [/usr/lib/gcc/x86_64-linux-gnu/9/../../../x86_64-linux-gnu]
    arg [-L/usr/lib/gcc/x86_64-linux-gnu/9/../../../../lib] ==> dir [/usr/lib/gcc/x86_64-linux-gnu/9/../../../../lib]
    arg [-L/lib/x86_64-linux-gnu] ==> dir [/lib/x86_64-linux-gnu]
    arg [-L/lib/../lib] ==> dir [/lib/../lib]
    arg [-L/usr/lib/x86_64-linux-gnu] ==> dir [/usr/lib/x86_64-linux-gnu]
    arg [-L/usr/lib/../lib] ==> dir [/usr/lib/../lib]
    arg [-L/usr/lib/gcc/x86_64-linux-gnu/9/../../..] ==> dir [/usr/lib/gcc/x86_64-linux-gnu/9/../../..]
    arg [CMakeFiles/cmTC_775cb.dir/CMakeCXXCompilerABI.cpp.o] ==> ignore
    arg [-lstdc++] ==> lib [stdc++]
    arg [-lm] ==> lib [m]
    arg [-lgcc_s] ==> lib [gcc_s]
    arg [-lgcc] ==> lib [gcc]
    arg [-lc] ==> lib [c]
    arg [-lgcc_s] ==> lib [gcc_s]
    arg [-lgcc] ==> lib [gcc]
    arg [/usr/lib/gcc/x86_64-linux-gnu/9/crtendS.o] ==> ignore
    arg [/usr/lib/gcc/x86_64-linux-gnu/9/../../../x86_64-linux-gnu/crtn.o] ==> ignore
  collapse library dir [/usr/lib/gcc/x86_64-linux-gnu/9] ==> [/usr/lib/gcc/x86_64-linux-gnu/9]
  collapse library dir [/usr/lib/gcc/x86_64-linux-gnu/9/../../../x86_64-linux-gnu] ==> [/usr/lib/x86_64-linux-gnu]
  collapse library dir [/usr/lib/gcc/x86_64-linux-gnu/9/../../../../lib] ==> [/usr/lib]
  collapse library dir [/lib/x86_64-linux-gnu] ==> [/lib/x86_64-linux-gnu]
  collapse library dir [/lib/../lib] ==> [/lib]
  collapse library dir [/usr/lib/x86_64-linux-gnu] ==> [/usr/lib/x86_64-linux-gnu]
  collapse library dir [/usr/lib/../lib] ==> [/usr/lib]
  collapse library dir [/usr/lib/gcc/x86_64-linux-gnu/9/../../..] ==> [/usr/lib]
  implicit libs: [stdc++;m;gcc_s;gcc;c;gcc_s;gcc]
  implicit dirs: [/usr/lib/gcc/x86_64-linux-gnu/9;/usr/lib/x86_64-linux-gnu;/usr/lib;/lib/x86_64-linux-gnu;/lib]
  implicit fwks: []


Performing C++ SOURCE FILE Test ABSL_INTERNAL_AT_LEAST_CXX17 succeeded with the following output:
Change Dir: /home/coral/tensorflow/tensorflow/lite/CMakeFiles/CMakeTmp

Run Build Command(s):/usr/bin/make cmTC_32bd2/fast && /usr/bin/make -f CMakeFiles/cmTC_32bd2.dir/build.make CMakeFiles/cmTC_32bd2.dir/build
make[1]: Entering directory '/home/coral/tensorflow/tensorflow/lite/CMakeFiles/CMakeTmp'
Building CXX object CMakeFiles/cmTC_32bd2.dir/src.cxx.o
/usr/bin/c++    -DABSL_INTERNAL_AT_LEAST_CXX17 -fPIE   -std=gnu++17 -o CMakeFiles/cmTC_32bd2.dir/src.cxx.o -c /home/coral/tensorflow/tensorflow/lite/CMakeFiles/CMakeTmp/src.cxx
Linking CXX executable cmTC_32bd2
/usr/bin/cmake -E cmake_link_script CMakeFiles/cmTC_32bd2.dir/link.txt --verbose=1
/usr/bin/c++   -DABSL_INTERNAL_AT_LEAST_CXX17    CMakeFiles/cmTC_32bd2.dir/src.cxx.o  -o cmTC_32bd2 
make[1]: Leaving directory '/home/coral/tensorflow/tensorflow/lite/CMakeFiles/CMakeTmp'


Source file was:
#ifdef _MSC_VER
#  if _MSVC_LANG < 201700L
#    error "The compiler defaults or is configured for C++ < 17"
#  endif
#elif __cplusplus < 201700L
#  error "The compiler defaults or is configured for C++ < 17"
#endif
int main() { return 0; }

Determining if the include file pthread.h exists passed with the following output:
Change Dir: /home/coral/tensorflow/tensorflow/lite/CMakeFiles/CMakeTmp

Run Build Command(s):/usr/bin/make cmTC_c8949/fast && /usr/bin/make -f CMakeFiles/cmTC_c8949.dir/build.make CMakeFiles/cmTC_c8949.dir/build
make[1]: Entering directory '/home/coral/tensorflow/tensorflow/lite/CMakeFiles/CMakeTmp'
Building C object CMakeFiles/cmTC_c8949.dir/CheckIncludeFile.c.o
/usr/bin/cc   -fPIE   -o CMakeFiles/cmTC_c8949.dir/CheckIncludeFile.c.o   -c /home/coral/tensorflow/tensorflow/lite/CMakeFiles/CMakeTmp/CheckIncludeFile.c
Linking C executable cmTC_c8949
/usr/bin/cmake -E cmake_link_script CMakeFiles/cmTC_c8949.dir/link.txt --verbose=1
/usr/bin/cc      CMakeFiles/cmTC_c8949.dir/CheckIncludeFile.c.o  -o cmTC_c8949 
make[1]: Leaving directory '/home/coral/tensorflow/tensorflow/lite/CMakeFiles/CMakeTmp'



Determining if the function pthread_create exists in the pthread passed with the following output:
Change Dir: /home/coral/tensorflow/tensorflow/lite/CMakeFiles/CMakeTmp

Run Build Command(s):/usr/bin/make cmTC_4af6d/fast && /usr/bin/make -f CMakeFiles/cmTC_4af6d.dir/build.make CMakeFiles/cmTC_4af6d.dir/build
make[1]: Entering directory '/home/coral/tensorflow/tensorflow/lite/CMakeFiles/CMakeTmp'
Building C object CMakeFiles/cmTC_4af6d.dir/CheckFunctionExists.c.o
/usr/bin/cc   -DCHECK_FUNCTION_EXISTS=pthread_create -fPIE   -o CMakeFiles/cmTC_4af6d.dir/CheckFunctionExists.c.o   -c /usr/share/cmake-3.16/Modules/CheckFunctionExists.c
Linking C executable cmTC_4af6d
/usr/bin/cmake -E cmake_link_script CMakeFiles/cmTC_4af6d.dir/link.txt --verbose=1
/usr/bin/cc  -DCHECK_FUNCTION_EXISTS=pthread_create    CMakeFiles/cmTC_4af6d.dir/CheckFunctionExists.c.o  -o cmTC_4af6d  -lpthread 
make[1]: Leaving directory '/home/coral/tensorflow/tensorflow/lite/CMakeFiles/CMakeTmp'



Performing C++ SOURCE FILE Test standard_math_library_linked_to_automatically succeeded with the following output:
Change Dir: /home/coral/tensorflow/tensorflow/lite/CMakeFiles/CMakeTmp

Run Build Command(s):/usr/bin/make cmTC_01b97/fast && /usr/bin/make -f CMakeFiles/cmTC_01b97.dir/build.make CMakeFiles/cmTC_01b97.dir/build
make[1]: Entering directory '/home/coral/tensorflow/tensorflow/lite/CMakeFiles/CMakeTmp'
Building CXX object CMakeFiles/cmTC_01b97.dir/src.cxx.o
/usr/bin/c++    -Dstandard_math_library_linked_to_automatically -fPIE   -std=gnu++17 -o CMakeFiles/cmTC_01b97.dir/src.cxx.o -c /home/coral/tensorflow/tensorflow/lite/CMakeFiles/CMakeTmp/src.cxx
Linking CXX executable cmTC_01b97
/usr/bin/cmake -E cmake_link_script CMakeFiles/cmTC_01b97.dir/link.txt --verbose=1
/usr/bin/c++   -Dstandard_math_library_linked_to_automatically    CMakeFiles/cmTC_01b97.dir/src.cxx.o  -o cmTC_01b97 
make[1]: Leaving directory '/home/coral/tensorflow/tensorflow/lite/CMakeFiles/CMakeTmp'


Source file was:

#include<cmath>
int main(int argc, char **){
  return int(std::sin(double(argc)) + std::log(double(argc)));
}
Performing C++ SOURCE FILE Test COMPILER_SUPPORT_WERROR succeeded with the following output:
Change Dir: /home/coral/tensorflow/tensorflow/lite/CMakeFiles/CMakeTmp

Run Build Command(s):/usr/bin/make cmTC_24a46/fast && /usr/bin/make -f CMakeFiles/cmTC_24a46.dir/build.make CMakeFiles/cmTC_24a46.dir/build
make[1]: Entering directory '/home/coral/tensorflow/tensorflow/lite/CMakeFiles/CMakeTmp'
Building CXX object CMakeFiles/cmTC_24a46.dir/src.cxx.o
/usr/bin/c++    -DCOMPILER_SUPPORT_WERROR -fPIE   -Werror -std=gnu++17 -o CMakeFiles/cmTC_24a46.dir/src.cxx.o -c /home/coral/tensorflow/tensorflow/lite/CMakeFiles/CMakeTmp/src.cxx
Linking CXX executable cmTC_24a46
/usr/bin/cmake -E cmake_link_script CMakeFiles/cmTC_24a46.dir/link.txt --verbose=1
/usr/bin/c++   -DCOMPILER_SUPPORT_WERROR    CMakeFiles/cmTC_24a46.dir/src.cxx.o  -o cmTC_24a46 
make[1]: Leaving directory '/home/coral/tensorflow/tensorflow/lite/CMakeFiles/CMakeTmp'


Source file was:
int main() { return 0; }
Performing C++ SOURCE FILE Test COMPILER_SUPPORT_pedantic succeeded with the following output:
Change Dir: /home/coral/tensorflow/tensorflow/lite/CMakeFiles/CMakeTmp

Run Build Command(s):/usr/bin/make cmTC_404a7/fast && /usr/bin/make -f CMakeFiles/cmTC_404a7.dir/build.make CMakeFiles/cmTC_404a7.dir/build
make[1]: Entering directory '/home/coral/tensorflow/tensorflow/lite/CMakeFiles/CMakeTmp'
Building CXX object CMakeFiles/cmTC_404a7.dir/src.cxx.o
/usr/bin/c++    -DCOMPILER_SUPPORT_pedantic -Werror -fPIE   -pedantic -std=gnu++17 -o CMakeFiles/cmTC_404a7.dir/src.cxx.o -c /home/coral/tensorflow/tensorflow/lite/CMakeFiles/CMakeTmp/src.cxx
Linking CXX executable cmTC_404a7
/usr/bin/cmake -E cmake_link_script CMakeFiles/cmTC_404a7.dir/link.txt --verbose=1
/usr/bin/c++   -DCOMPILER_SUPPORT_pedantic -Werror    CMakeFiles/cmTC_404a7.dir/src.cxx.o  -o cmTC_404a7 
make[1]: Leaving directory '/home/coral/tensorflow/tensorflow/lite/CMakeFiles/CMakeTmp'


Source file was:
int main() { return 0; }
Performing C++ SOURCE FILE Test COMPILER_SUPPORT_Wall succeeded with the following output:
Change Dir: /home/coral/tensorflow/tensorflow/lite/CMakeFiles/CMakeTmp

Run Build Command(s):/usr/bin/make cmTC_411d5/fast && /usr/bin/make -f CMakeFiles/cmTC_411d5.dir/build.make CMakeFiles/cmTC_411d5.dir/build
make[1]: Entering directory '/home/coral/tensorflow/tensorflow/lite/CMakeFiles/CMakeTmp'
Building CXX object CMakeFiles/cmTC_411d5.dir/src.cxx.o
/usr/bin/c++    -pedantic -DCOMPILER_SUPPORT_Wall -Werror -fPIE   -Wall -std=gnu++17 -o CMakeFiles/cmTC_411d5.dir/src.cxx.o -c /home/coral/tensorflow/tensorflow/lite/CMakeFiles/CMakeTmp/src.cxx
Linking CXX executable cmTC_411d5
/usr/bin/cmake -E cmake_link_script CMakeFiles/cmTC_411d5.dir/link.txt --verbose=1
/usr/bin/c++   -pedantic -DCOMPILER_SUPPORT_Wall -Werror    CMakeFiles/cmTC_411d5.dir/src.cxx.o  -o cmTC_411d5 
make[1]: Leaving directory '/home/coral/tensorflow/tensorflow/lite/CMakeFiles/CMakeTmp'


Source file was:
int main() { return 0; }
Performing C++ SOURCE FILE Test COMPILER_SUPPORT_Wextra succeeded with the following output:
Change Dir: /home/coral/tensorflow/tensorflow/lite/CMakeFiles/CMakeTmp

Run Build Command(s):/usr/bin/make cmTC_aa893/fast && /usr/bin/make -f CMakeFiles/cmTC_aa893.dir/build.make CMakeFiles/cmTC_aa893.dir/build
make[1]: Entering directory '/home/coral/tensorflow/tensorflow/lite/CMakeFiles/CMakeTmp'
Building CXX object CMakeFiles/cmTC_aa893.dir/src.cxx.o
/usr/bin/c++    -pedantic -Wall -DCOMPILER_SUPPORT_Wextra -Werror -fPIE   -Wextra -std=gnu++17 -o CMakeFiles/cmTC_aa893.dir/src.cxx.o -c /home/coral/tensorflow/tensorflow/lite/CMakeFiles/CMakeTmp/src.cxx
Linking CXX executable cmTC_aa893
/usr/bin/cmake -E cmake_link_script CMakeFiles/cmTC_aa893.dir/link.txt --verbose=1
/usr/bin/c++   -pedantic -Wall -DCOMPILER_SUPPORT_Wextra -Werror    CMakeFiles/cmTC_aa893.dir/src.cxx.o  -o cmTC_aa893 
make[1]: Leaving directory '/home/coral/tensorflow/tensorflow/lite/CMakeFiles/CMakeTmp'


Source file was:
int main() { return 0; }
Performing C++ SOURCE FILE Test COMPILER_SUPPORT_Wundef succeeded with the following output:
Change Dir: /home/coral/tensorflow/tensorflow/lite/CMakeFiles/CMakeTmp

Run Build Command(s):/usr/bin/make cmTC_a9f2e/fast && /usr/bin/make -f CMakeFiles/cmTC_a9f2e.dir/build.make CMakeFiles/cmTC_a9f2e.dir/build
make[1]: Entering directory '/home/coral/tensorflow/tensorflow/lite/CMakeFiles/CMakeTmp'
Building CXX object CMakeFiles/cmTC_a9f2e.dir/src.cxx.o
/usr/bin/c++    -pedantic -Wall -Wextra -DCOMPILER_SUPPORT_Wundef -Werror -fPIE   -Wundef -std=gnu++17 -o CMakeFiles/cmTC_a9f2e.dir/src.cxx.o -c /home/coral/tensorflow/tensorflow/lite/CMakeFiles/CMakeTmp/src.cxx
Linking CXX executable cmTC_a9f2e
/usr/bin/cmake -E cmake_link_script CMakeFiles/cmTC_a9f2e.dir/link.txt --verbose=1
/usr/bin/c++   -pedantic -Wall -Wextra -DCOMPILER_SUPPORT_Wundef -Werror    CMakeFiles/cmTC_a9f2e.dir/src.cxx.o  -o cmTC_a9f2e 
make[1]: Leaving directory '/home/coral/tensorflow/tensorflow/lite/CMakeFiles/CMakeTmp'


Source file was:
int main() { return 0; }
Performing C++ SOURCE FILE Test COMPILER_SUPPORT_Wcastalign succeeded with the following output:
Change Dir: /home/coral/tensorflow/tensorflow/lite/CMakeFiles/CMakeTmp

Run Build Command(s):/usr/bin/make cmTC_acdd2/fast && /usr/bin/make -f CMakeFiles/cmTC_acdd2.dir/build.make CMakeFiles/cmTC_acdd2.dir/build
make[1]: Entering directory '/home/coral/tensorflow/tensorflow/lite/CMakeFiles/CMakeTmp'
Building CXX object CMakeFiles/cmTC_acdd2.dir/src.cxx.o
/usr/bin/c++    -pedantic -Wall -Wextra -Wundef -DCOMPILER_SUPPORT_Wcastalign -Werror -fPIE   -Wcast-align -std=gnu++17 -o CMakeFiles/cmTC_acdd2.dir/src.cxx.o -c /home/coral/tensorflow/tensorflow/lite/CMakeFiles/CMakeTmp/src.cxx
Linking CXX executable cmTC_acdd2
/usr/bin/cmake -E cmake_link_script CMakeFiles/cmTC_acdd2.dir/link.txt --verbose=1
/usr/bin/c++   -pedantic -Wall -Wextra -Wundef -DCOMPILER_SUPPORT_Wcastalign -Werror    CMakeFiles/cmTC_acdd2.dir/src.cxx.o  -o cmTC_acdd2 
make[1]: Leaving directory '/home/coral/tensorflow/tensorflow/lite/CMakeFiles/CMakeTmp'


Source file was:
int main() { return 0; }
Performing C++ SOURCE FILE Test COMPILER_SUPPORT_Wcharsubscripts succeeded with the following output:
Change Dir: /home/coral/tensorflow/tensorflow/lite/CMakeFiles/CMakeTmp

Run Build Command(s):/usr/bin/make cmTC_df273/fast && /usr/bin/make -f CMakeFiles/cmTC_df273.dir/build.make CMakeFiles/cmTC_df273.dir/build
make[1]: Entering directory '/home/coral/tensorflow/tensorflow/lite/CMakeFiles/CMakeTmp'
Building CXX object CMakeFiles/cmTC_df273.dir/src.cxx.o
/usr/bin/c++    -pedantic -Wall -Wextra -Wundef -Wcast-align -DCOMPILER_SUPPORT_Wcharsubscripts -Werror -fPIE   -Wchar-subscripts -std=gnu++17 -o CMakeFiles/cmTC_df273.dir/src.cxx.o -c /home/coral/tensorflow/tensorflow/lite/CMakeFiles/CMakeTmp/src.cxx
Linking CXX executable cmTC_df273
/usr/bin/cmake -E cmake_link_script CMakeFiles/cmTC_df273.dir/link.txt --verbose=1
/usr/bin/c++   -pedantic -Wall -Wextra -Wundef -Wcast-align -DCOMPILER_SUPPORT_Wcharsubscripts -Werror    CMakeFiles/cmTC_df273.dir/src.cxx.o  -o cmTC_df273 
make[1]: Leaving directory '/home/coral/tensorflow/tensorflow/lite/CMakeFiles/CMakeTmp'


Source file was:
int main() { return 0; }
Performing C++ SOURCE FILE Test COMPILER_SUPPORT_Wnonvirtualdtor succeeded with the following output:
Change Dir: /home/coral/tensorflow/tensorflow/lite/CMakeFiles/CMakeTmp

Run Build Command(s):/usr/bin/make cmTC_b93a9/fast && /usr/bin/make -f CMakeFiles/cmTC_b93a9.dir/build.make CMakeFiles/cmTC_b93a9.dir/build
make[1]: Entering directory '/home/coral/tensorflow/tensorflow/lite/CMakeFiles/CMakeTmp'
Building CXX object CMakeFiles/cmTC_b93a9.dir/src.cxx.o
/usr/bin/c++    -pedantic -Wall -Wextra -Wundef -Wcast-align -Wchar-subscripts -DCOMPILER_SUPPORT_Wnonvirtualdtor -Werror -fPIE   -Wnon-virtual-dtor -std=gnu++17 -o CMakeFiles/cmTC_b93a9.dir/src.cxx.o -c /home/coral/tensorflow/tensorflow/lite/CMakeFiles/CMakeTmp/src.cxx
Linking CXX executable cmTC_b93a9
/usr/bin/cmake -E cmake_link_script CMakeFiles/cmTC_b93a9.dir/link.txt --verbose=1
/usr/bin/c++   -pedantic -Wall -Wextra -Wundef -Wcast-align -Wchar-subscripts -DCOMPILER_SUPPORT_Wnonvirtualdtor -Werror    CMakeFiles/cmTC_b93a9.dir/src.cxx.o  -o cmTC_b93a9 
make[1]: Leaving directory '/home/coral/tensorflow/tensorflow/lite/CMakeFiles/CMakeTmp'


Source file was:
int main() { return 0; }
Performing C++ SOURCE FILE Test COMPILER_SUPPORT_Wunusedlocaltypedefs succeeded with the following output:
Change Dir: /home/coral/tensorflow/tensorflow/lite/CMakeFiles/CMakeTmp

Run Build Command(s):/usr/bin/make cmTC_d3b41/fast && /usr/bin/make -f CMakeFiles/cmTC_d3b41.dir/build.make CMakeFiles/cmTC_d3b41.dir/build
make[1]: Entering directory '/home/coral/tensorflow/tensorflow/lite/CMakeFiles/CMakeTmp'
Building CXX object CMakeFiles/cmTC_d3b41.dir/src.cxx.o
/usr/bin/c++    -pedantic -Wall -Wextra -Wundef -Wcast-align -Wchar-subscripts -Wnon-virtual-dtor -DCOMPILER_SUPPORT_Wunusedlocaltypedefs -Werror -fPIE   -Wunused-local-typedefs -std=gnu++17 -o CMakeFiles/cmTC_d3b41.dir/src.cxx.o -c /home/coral/tensorflow/tensorflow/lite/CMakeFiles/CMakeTmp/src.cxx
Linking CXX executable cmTC_d3b41
/usr/bin/cmake -E cmake_link_script CMakeFiles/cmTC_d3b41.dir/link.txt --verbose=1
/usr/bin/c++   -pedantic -Wall -Wextra -Wundef -Wcast-align -Wchar-subscripts -Wnon-virtual-dtor -DCOMPILER_SUPPORT_Wunusedlocaltypedefs -Werror    CMakeFiles/cmTC_d3b41.dir/src.cxx.o  -o cmTC_d3b41 
make[1]: Leaving directory '/home/coral/tensorflow/tensorflow/lite/CMakeFiles/CMakeTmp'


Source file was:
int main() { return 0; }
Performing C++ SOURCE FILE Test COMPILER_SUPPORT_Wpointerarith succeeded with the following output:
Change Dir: /home/coral/tensorflow/tensorflow/lite/CMakeFiles/CMakeTmp

Run Build Command(s):/usr/bin/make cmTC_a796d/fast && /usr/bin/make -f CMakeFiles/cmTC_a796d.dir/build.make CMakeFiles/cmTC_a796d.dir/build
make[1]: Entering directory '/home/coral/tensorflow/tensorflow/lite/CMakeFiles/CMakeTmp'
Building CXX object CMakeFiles/cmTC_a796d.dir/src.cxx.o
/usr/bin/c++    -pedantic -Wall -Wextra -Wundef -Wcast-align -Wchar-subscripts -Wnon-virtual-dtor -Wunused-local-typedefs -DCOMPILER_SUPPORT_Wpointerarith -Werror -fPIE   -Wpointer-arith -std=gnu++17 -o CMakeFiles/cmTC_a796d.dir/src.cxx.o -c /home/coral/tensorflow/tensorflow/lite/CMakeFiles/CMakeTmp/src.cxx
Linking CXX executable cmTC_a796d
/usr/bin/cmake -E cmake_link_script CMakeFiles/cmTC_a796d.dir/link.txt --verbose=1
/usr/bin/c++   -pedantic -Wall -Wextra -Wundef -Wcast-align -Wchar-subscripts -Wnon-virtual-dtor -Wunused-local-typedefs -DCOMPILER_SUPPORT_Wpointerarith -Werror    CMakeFiles/cmTC_a796d.dir/src.cxx.o  -o cmTC_a796d 
make[1]: Leaving directory '/home/coral/tensorflow/tensorflow/lite/CMakeFiles/CMakeTmp'


Source file was:
int main() { return 0; }
Performing C++ SOURCE FILE Test COMPILER_SUPPORT_Wwritestrings succeeded with the following output:
Change Dir: /home/coral/tensorflow/tensorflow/lite/CMakeFiles/CMakeTmp

Run Build Command(s):/usr/bin/make cmTC_f13f8/fast && /usr/bin/make -f CMakeFiles/cmTC_f13f8.dir/build.make CMakeFiles/cmTC_f13f8.dir/build
make[1]: Entering directory '/home/coral/tensorflow/tensorflow/lite/CMakeFiles/CMakeTmp'
Building CXX object CMakeFiles/cmTC_f13f8.dir/src.cxx.o
/usr/bin/c++    -pedantic -Wall -Wextra -Wundef -Wcast-align -Wchar-subscripts -Wnon-virtual-dtor -Wunused-local-typedefs -Wpointer-arith -DCOMPILER_SUPPORT_Wwritestrings -Werror -fPIE   -Wwrite-strings -std=gnu++17 -o CMakeFiles/cmTC_f13f8.dir/src.cxx.o -c /home/coral/tensorflow/tensorflow/lite/CMakeFiles/CMakeTmp/src.cxx
Linking CXX executable cmTC_f13f8
/usr/bin/cmake -E cmake_link_script CMakeFiles/cmTC_f13f8.dir/link.txt --verbose=1
/usr/bin/c++   -pedantic -Wall -Wextra -Wundef -Wcast-align -Wchar-subscripts -Wnon-virtual-dtor -Wunused-local-typedefs -Wpointer-arith -DCOMPILER_SUPPORT_Wwritestrings -Werror    CMakeFiles/cmTC_f13f8.dir/src.cxx.o  -o cmTC_f13f8 
make[1]: Leaving directory '/home/coral/tensorflow/tensorflow/lite/CMakeFiles/CMakeTmp'


Source file was:
int main() { return 0; }
Performing C++ SOURCE FILE Test COMPILER_SUPPORT_Wformatsecurity succeeded with the following output:
Change Dir: /home/coral/tensorflow/tensorflow/lite/CMakeFiles/CMakeTmp

Run Build Command(s):/usr/bin/make cmTC_2fb8c/fast && /usr/bin/make -f CMakeFiles/cmTC_2fb8c.dir/build.make CMakeFiles/cmTC_2fb8c.dir/build
make[1]: Entering directory '/home/coral/tensorflow/tensorflow/lite/CMakeFiles/CMakeTmp'
Building CXX object CMakeFiles/cmTC_2fb8c.dir/src.cxx.o
/usr/bin/c++    -pedantic -Wall -Wextra -Wundef -Wcast-align -Wchar-subscripts -Wnon-virtual-dtor -Wunused-local-typedefs -Wpointer-arith -Wwrite-strings -DCOMPILER_SUPPORT_Wformatsecurity -Werror -fPIE   -Wformat-security -std=gnu++17 -o CMakeFiles/cmTC_2fb8c.dir/src.cxx.o -c /home/coral/tensorflow/tensorflow/lite/CMakeFiles/CMakeTmp/src.cxx
Linking CXX executable cmTC_2fb8c
/usr/bin/cmake -E cmake_link_script CMakeFiles/cmTC_2fb8c.dir/link.txt --verbose=1
/usr/bin/c++   -pedantic -Wall -Wextra -Wundef -Wcast-align -Wchar-subscripts -Wnon-virtual-dtor -Wunused-local-typedefs -Wpointer-arith -Wwrite-strings -DCOMPILER_SUPPORT_Wformatsecurity -Werror    CMakeFiles/cmTC_2fb8c.dir/src.cxx.o  -o cmTC_2fb8c 
make[1]: Leaving directory '/home/coral/tensorflow/tensorflow/lite/CMakeFiles/CMakeTmp'


Source file was:
int main() { return 0; }
Performing C++ SOURCE FILE Test COMPILER_SUPPORT_Wlogicalop succeeded with the following output:
Change Dir: /home/coral/tensorflow/tensorflow/lite/CMakeFiles/CMakeTmp

Run Build Command(s):/usr/bin/make cmTC_bd026/fast && /usr/bin/make -f CMakeFiles/cmTC_bd026.dir/build.make CMakeFiles/cmTC_bd026.dir/build
make[1]: Entering directory '/home/coral/tensorflow/tensorflow/lite/CMakeFiles/CMakeTmp'
Building CXX object CMakeFiles/cmTC_bd026.dir/src.cxx.o
/usr/bin/c++    -pedantic -Wall -Wextra -Wundef -Wcast-align -Wchar-subscripts -Wnon-virtual-dtor -Wunused-local-typedefs -Wpointer-arith -Wwrite-strings -Wformat-security -DCOMPILER_SUPPORT_Wlogicalop -Werror -fPIE   -Wlogical-op -std=gnu++17 -o CMakeFiles/cmTC_bd026.dir/src.cxx.o -c /home/coral/tensorflow/tensorflow/lite/CMakeFiles/CMakeTmp/src.cxx
Linking CXX executable cmTC_bd026
/usr/bin/cmake -E cmake_link_script CMakeFiles/cmTC_bd026.dir/link.txt --verbose=1
/usr/bin/c++   -pedantic -Wall -Wextra -Wundef -Wcast-align -Wchar-subscripts -Wnon-virtual-dtor -Wunused-local-typedefs -Wpointer-arith -Wwrite-strings -Wformat-security -DCOMPILER_SUPPORT_Wlogicalop -Werror    CMakeFiles/cmTC_bd026.dir/src.cxx.o  -o cmTC_bd026 
make[1]: Leaving directory '/home/coral/tensorflow/tensorflow/lite/CMakeFiles/CMakeTmp'


Source file was:
int main() { return 0; }
Performing C++ SOURCE FILE Test COMPILER_SUPPORT_Wdoublepromotion succeeded with the following output:
Change Dir: /home/coral/tensorflow/tensorflow/lite/CMakeFiles/CMakeTmp

Run Build Command(s):/usr/bin/make cmTC_6e163/fast && /usr/bin/make -f CMakeFiles/cmTC_6e163.dir/build.make CMakeFiles/cmTC_6e163.dir/build
make[1]: Entering directory '/home/coral/tensorflow/tensorflow/lite/CMakeFiles/CMakeTmp'
Building CXX object CMakeFiles/cmTC_6e163.dir/src.cxx.o
/usr/bin/c++    -pedantic -Wall -Wextra -Wundef -Wcast-align -Wchar-subscripts -Wnon-virtual-dtor -Wunused-local-typedefs -Wpointer-arith -Wwrite-strings -Wformat-security -Wlogical-op -DCOMPILER_SUPPORT_Wdoublepromotion -Werror -fPIE   -Wdouble-promotion -std=gnu++17 -o CMakeFiles/cmTC_6e163.dir/src.cxx.o -c /home/coral/tensorflow/tensorflow/lite/CMakeFiles/CMakeTmp/src.cxx
Linking CXX executable cmTC_6e163
/usr/bin/cmake -E cmake_link_script CMakeFiles/cmTC_6e163.dir/link.txt --verbose=1
/usr/bin/c++   -pedantic -Wall -Wextra -Wundef -Wcast-align -Wchar-subscripts -Wnon-virtual-dtor -Wunused-local-typedefs -Wpointer-arith -Wwrite-strings -Wformat-security -Wlogical-op -DCOMPILER_SUPPORT_Wdoublepromotion -Werror    CMakeFiles/cmTC_6e163.dir/src.cxx.o  -o cmTC_6e163 
make[1]: Leaving directory '/home/coral/tensorflow/tensorflow/lite/CMakeFiles/CMakeTmp'


Source file was:
int main() { return 0; }
Performing C++ SOURCE FILE Test COMPILER_SUPPORT_Wshadow succeeded with the following output:
Change Dir: /home/coral/tensorflow/tensorflow/lite/CMakeFiles/CMakeTmp

Run Build Command(s):/usr/bin/make cmTC_28c81/fast && /usr/bin/make -f CMakeFiles/cmTC_28c81.dir/build.make CMakeFiles/cmTC_28c81.dir/build
make[1]: Entering directory '/home/coral/tensorflow/tensorflow/lite/CMakeFiles/CMakeTmp'
Building CXX object CMakeFiles/cmTC_28c81.dir/src.cxx.o
/usr/bin/c++    -pedantic -Wall -Wextra -Wundef -Wcast-align -Wchar-subscripts -Wnon-virtual-dtor -Wunused-local-typedefs -Wpointer-arith -Wwrite-strings -Wformat-security -Wlogical-op -Wdouble-promotion -DCOMPILER_SUPPORT_Wshadow -Werror -fPIE   -Wshadow -std=gnu++17 -o CMakeFiles/cmTC_28c81.dir/src.cxx.o -c /home/coral/tensorflow/tensorflow/lite/CMakeFiles/CMakeTmp/src.cxx
Linking CXX executable cmTC_28c81
/usr/bin/cmake -E cmake_link_script CMakeFiles/cmTC_28c81.dir/link.txt --verbose=1
/usr/bin/c++   -pedantic -Wall -Wextra -Wundef -Wcast-align -Wchar-subscripts -Wnon-virtual-dtor -Wunused-local-typedefs -Wpointer-arith -Wwrite-strings -Wformat-security -Wlogical-op -Wdouble-promotion -DCOMPILER_SUPPORT_Wshadow -Werror    CMakeFiles/cmTC_28c81.dir/src.cxx.o  -o cmTC_28c81 
make[1]: Leaving directory '/home/coral/tensorflow/tensorflow/lite/CMakeFiles/CMakeTmp'


Source file was:
int main() { return 0; }
Performing C++ SOURCE FILE Test COMPILER_SUPPORT_Wnopsabi succeeded with the following output:
Change Dir: /home/coral/tensorflow/tensorflow/lite/CMakeFiles/CMakeTmp

Run Build Command(s):/usr/bin/make cmTC_46fd0/fast && /usr/bin/make -f CMakeFiles/cmTC_46fd0.dir/build.make CMakeFiles/cmTC_46fd0.dir/build
make[1]: Entering directory '/home/coral/tensorflow/tensorflow/lite/CMakeFiles/CMakeTmp'
Building CXX object CMakeFiles/cmTC_46fd0.dir/src.cxx.o
/usr/bin/c++    -pedantic -Wall -Wextra -Wundef -Wcast-align -Wchar-subscripts -Wnon-virtual-dtor -Wunused-local-typedefs -Wpointer-arith -Wwrite-strings -Wformat-security -Wlogical-op -Wdouble-promotion -Wshadow -DCOMPILER_SUPPORT_Wnopsabi -Werror -fPIE   -Wno-psabi -std=gnu++17 -o CMakeFiles/cmTC_46fd0.dir/src.cxx.o -c /home/coral/tensorflow/tensorflow/lite/CMakeFiles/CMakeTmp/src.cxx
Linking CXX executable cmTC_46fd0
/usr/bin/cmake -E cmake_link_script CMakeFiles/cmTC_46fd0.dir/link.txt --verbose=1
/usr/bin/c++   -pedantic -Wall -Wextra -Wundef -Wcast-align -Wchar-subscripts -Wnon-virtual-dtor -Wunused-local-typedefs -Wpointer-arith -Wwrite-strings -Wformat-security -Wlogical-op -Wdouble-promotion -Wshadow -DCOMPILER_SUPPORT_Wnopsabi -Werror    CMakeFiles/cmTC_46fd0.dir/src.cxx.o  -o cmTC_46fd0 
make[1]: Leaving directory '/home/coral/tensorflow/tensorflow/lite/CMakeFiles/CMakeTmp'


Source file was:
int main() { return 0; }
Performing C++ SOURCE FILE Test COMPILER_SUPPORT_Wnovariadicmacros succeeded with the following output:
Change Dir: /home/coral/tensorflow/tensorflow/lite/CMakeFiles/CMakeTmp

Run Build Command(s):/usr/bin/make cmTC_67cf3/fast && /usr/bin/make -f CMakeFiles/cmTC_67cf3.dir/build.make CMakeFiles/cmTC_67cf3.dir/build
make[1]: Entering directory '/home/coral/tensorflow/tensorflow/lite/CMakeFiles/CMakeTmp'
Building CXX object CMakeFiles/cmTC_67cf3.dir/src.cxx.o
/usr/bin/c++    -pedantic -Wall -Wextra -Wundef -Wcast-align -Wchar-subscripts -Wnon-virtual-dtor -Wunused-local-typedefs -Wpointer-arith -Wwrite-strings -Wformat-security -Wlogical-op -Wdouble-promotion -Wshadow -Wno-psabi -DCOMPILER_SUPPORT_Wnovariadicmacros -Werror -fPIE   -Wno-variadic-macros -std=gnu++17 -o CMakeFiles/cmTC_67cf3.dir/src.cxx.o -c /home/coral/tensorflow/tensorflow/lite/CMakeFiles/CMakeTmp/src.cxx
Linking CXX executable cmTC_67cf3
/usr/bin/cmake -E cmake_link_script CMakeFiles/cmTC_67cf3.dir/link.txt --verbose=1
/usr/bin/c++   -pedantic -Wall -Wextra -Wundef -Wcast-align -Wchar-subscripts -Wnon-virtual-dtor -Wunused-local-typedefs -Wpointer-arith -Wwrite-strings -Wformat-security -Wlogical-op -Wdouble-promotion -Wshadow -Wno-psabi -DCOMPILER_SUPPORT_Wnovariadicmacros -Werror    CMakeFiles/cmTC_67cf3.dir/src.cxx.o  -o cmTC_67cf3 
make[1]: Leaving directory '/home/coral/tensorflow/tensorflow/lite/CMakeFiles/CMakeTmp'


Source file was:
int main() { return 0; }
Performing C++ SOURCE FILE Test COMPILER_SUPPORT_Wnolonglong succeeded with the following output:
Change Dir: /home/coral/tensorflow/tensorflow/lite/CMakeFiles/CMakeTmp

Run Build Command(s):/usr/bin/make cmTC_d9049/fast && /usr/bin/make -f CMakeFiles/cmTC_d9049.dir/build.make CMakeFiles/cmTC_d9049.dir/build
make[1]: Entering directory '/home/coral/tensorflow/tensorflow/lite/CMakeFiles/CMakeTmp'
Building CXX object CMakeFiles/cmTC_d9049.dir/src.cxx.o
/usr/bin/c++    -pedantic -Wall -Wextra -Wundef -Wcast-align -Wchar-subscripts -Wnon-virtual-dtor -Wunused-local-typedefs -Wpointer-arith -Wwrite-strings -Wformat-security -Wlogical-op -Wdouble-promotion -Wshadow -Wno-psabi -Wno-variadic-macros -DCOMPILER_SUPPORT_Wnolonglong -Werror -fPIE   -Wno-long-long -std=gnu++17 -o CMakeFiles/cmTC_d9049.dir/src.cxx.o -c /home/coral/tensorflow/tensorflow/lite/CMakeFiles/CMakeTmp/src.cxx
Linking CXX executable cmTC_d9049
/usr/bin/cmake -E cmake_link_script CMakeFiles/cmTC_d9049.dir/link.txt --verbose=1
/usr/bin/c++   -pedantic -Wall -Wextra -Wundef -Wcast-align -Wchar-subscripts -Wnon-virtual-dtor -Wunused-local-typedefs -Wpointer-arith -Wwrite-strings -Wformat-security -Wlogical-op -Wdouble-promotion -Wshadow -Wno-psabi -Wno-variadic-macros -DCOMPILER_SUPPORT_Wnolonglong -Werror    CMakeFiles/cmTC_d9049.dir/src.cxx.o  -o cmTC_d9049 
make[1]: Leaving directory '/home/coral/tensorflow/tensorflow/lite/CMakeFiles/CMakeTmp'


Source file was:
int main() { return 0; }
Performing C++ SOURCE FILE Test COMPILER_SUPPORT_fnochecknew succeeded with the following output:
Change Dir: /home/coral/tensorflow/tensorflow/lite/CMakeFiles/CMakeTmp

Run Build Command(s):/usr/bin/make cmTC_24f51/fast && /usr/bin/make -f CMakeFiles/cmTC_24f51.dir/build.make CMakeFiles/cmTC_24f51.dir/build
make[1]: Entering directory '/home/coral/tensorflow/tensorflow/lite/CMakeFiles/CMakeTmp'
Building CXX object CMakeFiles/cmTC_24f51.dir/src.cxx.o
/usr/bin/c++    -pedantic -Wall -Wextra -Wundef -Wcast-align -Wchar-subscripts -Wnon-virtual-dtor -Wunused-local-typedefs -Wpointer-arith -Wwrite-strings -Wformat-security -Wlogical-op -Wdouble-promotion -Wshadow -Wno-psabi -Wno-variadic-macros -Wno-long-long -DCOMPILER_SUPPORT_fnochecknew -Werror -fPIE   -fno-check-new -std=gnu++17 -o CMakeFiles/cmTC_24f51.dir/src.cxx.o -c /home/coral/tensorflow/tensorflow/lite/CMakeFiles/CMakeTmp/src.cxx
Linking CXX executable cmTC_24f51
/usr/bin/cmake -E cmake_link_script CMakeFiles/cmTC_24f51.dir/link.txt --verbose=1
/usr/bin/c++   -pedantic -Wall -Wextra -Wundef -Wcast-align -Wchar-subscripts -Wnon-virtual-dtor -Wunused-local-typedefs -Wpointer-arith -Wwrite-strings -Wformat-security -Wlogical-op -Wdouble-promotion -Wshadow -Wno-psabi -Wno-variadic-macros -Wno-long-long -DCOMPILER_SUPPORT_fnochecknew -Werror    CMakeFiles/cmTC_24f51.dir/src.cxx.o  -o cmTC_24f51 
make[1]: Leaving directory '/home/coral/tensorflow/tensorflow/lite/CMakeFiles/CMakeTmp'


Source file was:
int main() { return 0; }
Performing C++ SOURCE FILE Test COMPILER_SUPPORT_fnocommon succeeded with the following output:
Change Dir: /home/coral/tensorflow/tensorflow/lite/CMakeFiles/CMakeTmp

Run Build Command(s):/usr/bin/make cmTC_70e2a/fast && /usr/bin/make -f CMakeFiles/cmTC_70e2a.dir/build.make CMakeFiles/cmTC_70e2a.dir/build
make[1]: Entering directory '/home/coral/tensorflow/tensorflow/lite/CMakeFiles/CMakeTmp'
Building CXX object CMakeFiles/cmTC_70e2a.dir/src.cxx.o
/usr/bin/c++    -pedantic -Wall -Wextra -Wundef -Wcast-align -Wchar-subscripts -Wnon-virtual-dtor -Wunused-local-typedefs -Wpointer-arith -Wwrite-strings -Wformat-security -Wlogical-op -Wdouble-promotion -Wshadow -Wno-psabi -Wno-variadic-macros -Wno-long-long -fno-check-new -DCOMPILER_SUPPORT_fnocommon -Werror -fPIE   -fno-common -std=gnu++17 -o CMakeFiles/cmTC_70e2a.dir/src.cxx.o -c /home/coral/tensorflow/tensorflow/lite/CMakeFiles/CMakeTmp/src.cxx
Linking CXX executable cmTC_70e2a
/usr/bin/cmake -E cmake_link_script CMakeFiles/cmTC_70e2a.dir/link.txt --verbose=1
/usr/bin/c++   -pedantic -Wall -Wextra -Wundef -Wcast-align -Wchar-subscripts -Wnon-virtual-dtor -Wunused-local-typedefs -Wpointer-arith -Wwrite-strings -Wformat-security -Wlogical-op -Wdouble-promotion -Wshadow -Wno-psabi -Wno-variadic-macros -Wno-long-long -fno-check-new -DCOMPILER_SUPPORT_fnocommon -Werror    CMakeFiles/cmTC_70e2a.dir/src.cxx.o  -o cmTC_70e2a 
make[1]: Leaving directory '/home/coral/tensorflow/tensorflow/lite/CMakeFiles/CMakeTmp'


Source file was:
int main() { return 0; }
Performing C++ SOURCE FILE Test COMPILER_SUPPORT_fstrictaliasing succeeded with the following output:
Change Dir: /home/coral/tensorflow/tensorflow/lite/CMakeFiles/CMakeTmp

Run Build Command(s):/usr/bin/make cmTC_0fe25/fast && /usr/bin/make -f CMakeFiles/cmTC_0fe25.dir/build.make CMakeFiles/cmTC_0fe25.dir/build
make[1]: Entering directory '/home/coral/tensorflow/tensorflow/lite/CMakeFiles/CMakeTmp'
Building CXX object CMakeFiles/cmTC_0fe25.dir/src.cxx.o
/usr/bin/c++    -pedantic -Wall -Wextra -Wundef -Wcast-align -Wchar-subscripts -Wnon-virtual-dtor -Wunused-local-typedefs -Wpointer-arith -Wwrite-strings -Wformat-security -Wlogical-op -Wdouble-promotion -Wshadow -Wno-psabi -Wno-variadic-macros -Wno-long-long -fno-check-new -fno-common -DCOMPILER_SUPPORT_fstrictaliasing -Werror -fPIE   -fstrict-aliasing -std=gnu++17 -o CMakeFiles/cmTC_0fe25.dir/src.cxx.o -c /home/coral/tensorflow/tensorflow/lite/CMakeFiles/CMakeTmp/src.cxx
Linking CXX executable cmTC_0fe25
/usr/bin/cmake -E cmake_link_script CMakeFiles/cmTC_0fe25.dir/link.txt --verbose=1
/usr/bin/c++   -pedantic -Wall -Wextra -Wundef -Wcast-align -Wchar-subscripts -Wnon-virtual-dtor -Wunused-local-typedefs -Wpointer-arith -Wwrite-strings -Wformat-security -Wlogical-op -Wdouble-promotion -Wshadow -Wno-psabi -Wno-variadic-macros -Wno-long-long -fno-check-new -fno-common -DCOMPILER_SUPPORT_fstrictaliasing -Werror    CMakeFiles/cmTC_0fe25.dir/src.cxx.o  -o cmTC_0fe25 
make[1]: Leaving directory '/home/coral/tensorflow/tensorflow/lite/CMakeFiles/CMakeTmp'


Source file was:
int main() { return 0; }
Performing C++ SOURCE FILE Test COMPILER_SUPPORT_OPENMP succeeded with the following output:
Change Dir: /home/coral/tensorflow/tensorflow/lite/CMakeFiles/CMakeTmp

Run Build Command(s):/usr/bin/make cmTC_e3a18/fast && /usr/bin/make -f CMakeFiles/cmTC_e3a18.dir/build.make CMakeFiles/cmTC_e3a18.dir/build
make[1]: Entering directory '/home/coral/tensorflow/tensorflow/lite/CMakeFiles/CMakeTmp'
Building CXX object CMakeFiles/cmTC_e3a18.dir/src.cxx.o
/usr/bin/c++    -pedantic -Wall -Wextra -Wundef -Wcast-align -Wchar-subscripts -Wnon-virtual-dtor -Wunused-local-typedefs -Wpointer-arith -Wwrite-strings -Wformat-security -Wlogical-op -Wdouble-promotion -Wshadow -Wno-psabi -Wno-variadic-macros -Wno-long-long -fno-check-new -fno-common -fstrict-aliasing -DCOMPILER_SUPPORT_OPENMP -fPIE   -fopenmp -std=gnu++17 -o CMakeFiles/cmTC_e3a18.dir/src.cxx.o -c /home/coral/tensorflow/tensorflow/lite/CMakeFiles/CMakeTmp/src.cxx
Linking CXX executable cmTC_e3a18
/usr/bin/cmake -E cmake_link_script CMakeFiles/cmTC_e3a18.dir/link.txt --verbose=1
/usr/bin/c++   -pedantic -Wall -Wextra -Wundef -Wcast-align -Wchar-subscripts -Wnon-virtual-dtor -Wunused-local-typedefs -Wpointer-arith -Wwrite-strings -Wformat-security -Wlogical-op -Wdouble-promotion -Wshadow -Wno-psabi -Wno-variadic-macros -Wno-long-long -fno-check-new -fno-common -fstrict-aliasing -DCOMPILER_SUPPORT_OPENMP    CMakeFiles/cmTC_e3a18.dir/src.cxx.o  -o cmTC_e3a18 
make[1]: Leaving directory '/home/coral/tensorflow/tensorflow/lite/CMakeFiles/CMakeTmp'


Source file was:
int main() { return 0; }
Performing C++ SOURCE FILE Test FARMHASH_HAS_BUILTIN_EXPECT succeeded with the following output:
Change Dir: /home/coral/tensorflow/tensorflow/lite/CMakeFiles/CMakeTmp

Run Build Command(s):/usr/bin/make cmTC_33676/fast && /usr/bin/make -f CMakeFiles/cmTC_33676.dir/build.make CMakeFiles/cmTC_33676.dir/build
make[1]: Entering directory '/home/coral/tensorflow/tensorflow/lite/CMakeFiles/CMakeTmp'
Building CXX object CMakeFiles/cmTC_33676.dir/src.cxx.o
/usr/bin/c++    -DFARMHASH_HAS_BUILTIN_EXPECT -fPIE   -std=gnu++17 -o CMakeFiles/cmTC_33676.dir/src.cxx.o -c /home/coral/tensorflow/tensorflow/lite/CMakeFiles/CMakeTmp/src.cxx
Linking CXX executable cmTC_33676
/usr/bin/cmake -E cmake_link_script CMakeFiles/cmTC_33676.dir/link.txt --verbose=1
/usr/bin/c++   -DFARMHASH_HAS_BUILTIN_EXPECT    CMakeFiles/cmTC_33676.dir/src.cxx.o  -o cmTC_33676 
make[1]: Leaving directory '/home/coral/tensorflow/tensorflow/lite/CMakeFiles/CMakeTmp'


Source file was:
int main(int argc, char* argv[]) { return (int)__builtin_expect(0, 0); }
Determining if the strtof_l exist passed with the following output:
Change Dir: /home/coral/tensorflow/tensorflow/lite/CMakeFiles/CMakeTmp

Run Build Command(s):/usr/bin/make cmTC_479dc/fast && /usr/bin/make -f CMakeFiles/cmTC_479dc.dir/build.make CMakeFiles/cmTC_479dc.dir/build
make[1]: Entering directory '/home/coral/tensorflow/tensorflow/lite/CMakeFiles/CMakeTmp'
Building CXX object CMakeFiles/cmTC_479dc.dir/CheckSymbolExists.cxx.o
/usr/bin/c++    -fPIE   -std=gnu++17 -o CMakeFiles/cmTC_479dc.dir/CheckSymbolExists.cxx.o -c /home/coral/tensorflow/tensorflow/lite/CMakeFiles/CMakeTmp/CheckSymbolExists.cxx
Linking CXX executable cmTC_479dc
/usr/bin/cmake -E cmake_link_script CMakeFiles/cmTC_479dc.dir/link.txt --verbose=1
/usr/bin/c++       CMakeFiles/cmTC_479dc.dir/CheckSymbolExists.cxx.o  -o cmTC_479dc 
make[1]: Leaving directory '/home/coral/tensorflow/tensorflow/lite/CMakeFiles/CMakeTmp'


File /home/coral/tensorflow/tensorflow/lite/CMakeFiles/CMakeTmp/CheckSymbolExists.cxx:
/* */
#include <stdlib.h>

int main(int argc, char** argv)
{
  (void)argv;
#ifndef strtof_l
  return ((int*)(&strtof_l))[argc];
#else
  (void)argc;
  return 0;
#endif
}
Determining if the strtoull_l exist passed with the following output:
Change Dir: /home/coral/tensorflow/tensorflow/lite/CMakeFiles/CMakeTmp

Run Build Command(s):/usr/bin/make cmTC_d3224/fast && /usr/bin/make -f CMakeFiles/cmTC_d3224.dir/build.make CMakeFiles/cmTC_d3224.dir/build
make[1]: Entering directory '/home/coral/tensorflow/tensorflow/lite/CMakeFiles/CMakeTmp'
Building CXX object CMakeFiles/cmTC_d3224.dir/CheckSymbolExists.cxx.o
/usr/bin/c++    -fPIE   -std=gnu++17 -o CMakeFiles/cmTC_d3224.dir/CheckSymbolExists.cxx.o -c /home/coral/tensorflow/tensorflow/lite/CMakeFiles/CMakeTmp/CheckSymbolExists.cxx
Linking CXX executable cmTC_d3224
/usr/bin/cmake -E cmake_link_script CMakeFiles/cmTC_d3224.dir/link.txt --verbose=1
/usr/bin/c++       CMakeFiles/cmTC_d3224.dir/CheckSymbolExists.cxx.o  -o cmTC_d3224 
make[1]: Leaving directory '/home/coral/tensorflow/tensorflow/lite/CMakeFiles/CMakeTmp'


File /home/coral/tensorflow/tensorflow/lite/CMakeFiles/CMakeTmp/CheckSymbolExists.cxx:
/* */
#include <stdlib.h>

int main(int argc, char** argv)
{
  (void)argv;
#ifndef strtoull_l
  return ((int*)(&strtoull_l))[argc];
#else
  (void)argc;
  return 0;
#endif
}
Determining if the realpath exist passed with the following output:
Change Dir: /home/coral/tensorflow/tensorflow/lite/CMakeFiles/CMakeTmp

Run Build Command(s):/usr/bin/make cmTC_db652/fast && /usr/bin/make -f CMakeFiles/cmTC_db652.dir/build.make CMakeFiles/cmTC_db652.dir/build
make[1]: Entering directory '/home/coral/tensorflow/tensorflow/lite/CMakeFiles/CMakeTmp'
Building C object CMakeFiles/cmTC_db652.dir/CheckSymbolExists.c.o
/usr/bin/cc   -fPIE   -o CMakeFiles/cmTC_db652.dir/CheckSymbolExists.c.o   -c /home/coral/tensorflow/tensorflow/lite/CMakeFiles/CMakeTmp/CheckSymbolExists.c
Linking C executable cmTC_db652
/usr/bin/cmake -E cmake_link_script CMakeFiles/cmTC_db652.dir/link.txt --verbose=1
/usr/bin/cc      CMakeFiles/cmTC_db652.dir/CheckSymbolExists.c.o  -o cmTC_db652 
make[1]: Leaving directory '/home/coral/tensorflow/tensorflow/lite/CMakeFiles/CMakeTmp'


File /home/coral/tensorflow/tensorflow/lite/CMakeFiles/CMakeTmp/CheckSymbolExists.c:
/* */
#include <stdlib.h>

int main(int argc, char** argv)
{
  (void)argv;
#ifndef realpath
  return ((int*)(&realpath))[argc];
#else
  (void)argc;
  return 0;
#endif
}
Checking whether the ASM compiler is GNU using "--version" matched "(GNU assembler)|(GCC)|(Free Software Foundation)":
cc (Ubuntu 9.4.0-1ubuntu1~20.04.2) 9.4.0
Copyright (C) 2019 Free Software Foundation, Inc.
This is free software; see the source for copying conditions.  There is NO
warranty; not even for MERCHANTABILITY or FITNESS FOR A PARTICULAR PURPOSE.

